running egg_info
creating ../../build/semantic_navigation/semantic_navigation.egg-info
writing ../../build/semantic_navigation/semantic_navigation.egg-info/PKG-INFO
writing dependency_links to ../../build/semantic_navigation/semantic_navigation.egg-info/dependency_links.txt
writing entry points to ../../build/semantic_navigation/semantic_navigation.egg-info/entry_points.txt
writing requirements to ../../build/semantic_navigation/semantic_navigation.egg-info/requires.txt
writing top-level names to ../../build/semantic_navigation/semantic_navigation.egg-info/top_level.txt
writing manifest file '../../build/semantic_navigation/semantic_navigation.egg-info/SOURCES.txt'
reading manifest file '../../build/semantic_navigation/semantic_navigation.egg-info/SOURCES.txt'
adding license file 'LICENSE'
writing manifest file '../../build/semantic_navigation/semantic_navigation.egg-info/SOURCES.txt'
running build
running build_py
creating /home/anurag/griffin/build/semantic_navigation/build
creating /home/anurag/griffin/build/semantic_navigation/build/lib
creating /home/anurag/griffin/build/semantic_navigation/build/lib/semantic_navigation
copying semantic_navigation/__init__.py -> /home/anurag/griffin/build/semantic_navigation/build/lib/semantic_navigation
copying semantic_navigation/semantic_nav.py -> /home/anurag/griffin/build/semantic_navigation/build/lib/semantic_navigation
running install
running install_lib
creating /home/anurag/griffin/install/semantic_navigation/lib/python3.10/site-packages/semantic_navigation
copying /home/anurag/griffin/build/semantic_navigation/build/lib/semantic_navigation/__init__.py -> /home/anurag/griffin/install/semantic_navigation/lib/python3.10/site-packages/semantic_navigation
copying /home/anurag/griffin/build/semantic_navigation/build/lib/semantic_navigation/semantic_nav.py -> /home/anurag/griffin/install/semantic_navigation/lib/python3.10/site-packages/semantic_navigation
byte-compiling /home/anurag/griffin/install/semantic_navigation/lib/python3.10/site-packages/semantic_navigation/__init__.py to __init__.cpython-310.pyc
byte-compiling /home/anurag/griffin/install/semantic_navigation/lib/python3.10/site-packages/semantic_navigation/semantic_nav.py to semantic_nav.cpython-310.pyc
running install_data
creating /home/anurag/griffin/install/semantic_navigation/share/ament_index
creating /home/anurag/griffin/install/semantic_navigation/share/ament_index/resource_index
creating /home/anurag/griffin/install/semantic_navigation/share/ament_index/resource_index/packages
copying resource/semantic_navigation -> /home/anurag/griffin/install/semantic_navigation/share/ament_index/resource_index/packages
copying package.xml -> /home/anurag/griffin/install/semantic_navigation/share/semantic_navigation
running install_egg_info
Copying ../../build/semantic_navigation/semantic_navigation.egg-info to /home/anurag/griffin/install/semantic_navigation/lib/python3.10/site-packages/semantic_navigation-0.0.0-py3.10.egg-info
running install_scripts
Installing semantic_nav script to /home/anurag/griffin/install/semantic_navigation/lib/semantic_navigation
writing list of installed files to '/home/anurag/griffin/build/semantic_navigation/install.log'
