[0.659s] Invoking command in '/home/anurag/griffin/src/semantic_navigation': PYTHONPATH=/home/anurag/griffin/build/semantic_navigation/prefix_override:/usr/lib/python3/dist-packages/colcon_core/task/python/colcon_distutils_commands:/home/anurag/griffin/install/semantic_navigation/lib/python3.10/site-packages:${PYTHONPATH} /usr/bin/python3 -W ignore:setup.py install is deprecated -W ignore:easy_install command is deprecated setup.py egg_info --egg-base ../../build/semantic_navigation build --build-base /home/anurag/griffin/build/semantic_navigation/build install --record /home/anurag/griffin/build/semantic_navigation/install.log --single-version-externally-managed install_data
[0.849s] running egg_info
[0.849s] creating ../../build/semantic_navigation/semantic_navigation.egg-info
[0.849s] writing ../../build/semantic_navigation/semantic_navigation.egg-info/PKG-INFO
[0.850s] writing dependency_links to ../../build/semantic_navigation/semantic_navigation.egg-info/dependency_links.txt
[0.850s] writing entry points to ../../build/semantic_navigation/semantic_navigation.egg-info/entry_points.txt
[0.850s] writing requirements to ../../build/semantic_navigation/semantic_navigation.egg-info/requires.txt
[0.850s] writing top-level names to ../../build/semantic_navigation/semantic_navigation.egg-info/top_level.txt
[0.850s] writing manifest file '../../build/semantic_navigation/semantic_navigation.egg-info/SOURCES.txt'
[0.851s] reading manifest file '../../build/semantic_navigation/semantic_navigation.egg-info/SOURCES.txt'
[0.851s] adding license file 'LICENSE'
[0.852s] writing manifest file '../../build/semantic_navigation/semantic_navigation.egg-info/SOURCES.txt'
[0.852s] running build
[0.852s] running build_py
[0.852s] creating /home/anurag/griffin/build/semantic_navigation/build
[0.852s] creating /home/anurag/griffin/build/semantic_navigation/build/lib
[0.852s] creating /home/anurag/griffin/build/semantic_navigation/build/lib/semantic_navigation
[0.852s] copying semantic_navigation/__init__.py -> /home/anurag/griffin/build/semantic_navigation/build/lib/semantic_navigation
[0.852s] copying semantic_navigation/semantic_nav.py -> /home/anurag/griffin/build/semantic_navigation/build/lib/semantic_navigation
[0.852s] running install
[0.852s] running install_lib
[0.853s] creating /home/anurag/griffin/install/semantic_navigation/lib/python3.10/site-packages/semantic_navigation
[0.853s] copying /home/anurag/griffin/build/semantic_navigation/build/lib/semantic_navigation/__init__.py -> /home/anurag/griffin/install/semantic_navigation/lib/python3.10/site-packages/semantic_navigation
[0.854s] copying /home/anurag/griffin/build/semantic_navigation/build/lib/semantic_navigation/semantic_nav.py -> /home/anurag/griffin/install/semantic_navigation/lib/python3.10/site-packages/semantic_navigation
[0.854s] byte-compiling /home/anurag/griffin/install/semantic_navigation/lib/python3.10/site-packages/semantic_navigation/__init__.py to __init__.cpython-310.pyc
[0.854s] byte-compiling /home/anurag/griffin/install/semantic_navigation/lib/python3.10/site-packages/semantic_navigation/semantic_nav.py to semantic_nav.cpython-310.pyc
[0.855s] running install_data
[0.855s] creating /home/anurag/griffin/install/semantic_navigation/share/ament_index
[0.855s] creating /home/anurag/griffin/install/semantic_navigation/share/ament_index/resource_index
[0.856s] creating /home/anurag/griffin/install/semantic_navigation/share/ament_index/resource_index/packages
[0.856s] copying resource/semantic_navigation -> /home/anurag/griffin/install/semantic_navigation/share/ament_index/resource_index/packages
[0.856s] copying package.xml -> /home/anurag/griffin/install/semantic_navigation/share/semantic_navigation
[0.856s] running install_egg_info
[0.857s] Copying ../../build/semantic_navigation/semantic_navigation.egg-info to /home/anurag/griffin/install/semantic_navigation/lib/python3.10/site-packages/semantic_navigation-0.0.0-py3.10.egg-info
[0.857s] running install_scripts
[0.876s] Installing semantic_nav script to /home/anurag/griffin/install/semantic_navigation/lib/semantic_navigation
[0.877s] writing list of installed files to '/home/anurag/griffin/build/semantic_navigation/install.log'
[0.904s] Invoked command in '/home/anurag/griffin/src/semantic_navigation' returned '0': PYTHONPATH=/home/anurag/griffin/build/semantic_navigation/prefix_override:/usr/lib/python3/dist-packages/colcon_core/task/python/colcon_distutils_commands:/home/anurag/griffin/install/semantic_navigation/lib/python3.10/site-packages:${PYTHONPATH} /usr/bin/python3 -W ignore:setup.py install is deprecated -W ignore:easy_install command is deprecated setup.py egg_info --egg-base ../../build/semantic_navigation build --build-base /home/anurag/griffin/build/semantic_navigation/build install --record /home/anurag/griffin/build/semantic_navigation/install.log --single-version-externally-managed install_data
