[0.008s] Invoking command in '/home/anurag/griffin/build/turtlebot3_simulations': CMAKE_PREFIX_PATH=/home/anurag/griffin/install/turtlebot3_gazebo:/home/anurag/griffin/install/turtlebot3_simulations:/home/anurag/griffin/install/nav2_rrtstar_planner:/home/anurag/griffin/install/explore_lite:/home/anurag/griffin/install/semantic_perception:/home/anurag/griffin/install/semantic_navigation:/home/anurag/griffin/install/vlm_perception_pkg:/home/anurag/griffin/install/vlm_nav_pkg:/opt/ros/humble /usr/bin/cmake --build /home/anurag/griffin/build/turtlebot3_simulations -- -j24 -l24
[0.042s] Invoked command in '/home/anurag/griffin/build/turtlebot3_simulations' returned '0': CMAKE_PREFIX_PATH=/home/anurag/griffin/install/turtlebot3_gazebo:/home/anurag/griffin/install/turtlebot3_simulations:/home/anurag/griffin/install/nav2_rrtstar_planner:/home/anurag/griffin/install/explore_lite:/home/anurag/griffin/install/semantic_perception:/home/anurag/griffin/install/semantic_navigation:/home/anurag/griffin/install/vlm_perception_pkg:/home/anurag/griffin/install/vlm_nav_pkg:/opt/ros/humble /usr/bin/cmake --build /home/anurag/griffin/build/turtlebot3_simulations -- -j24 -l24
[0.044s] Invoking command in '/home/anurag/griffin/build/turtlebot3_simulations': CMAKE_PREFIX_PATH=/home/anurag/griffin/install/turtlebot3_gazebo:/home/anurag/griffin/install/turtlebot3_simulations:/home/anurag/griffin/install/nav2_rrtstar_planner:/home/anurag/griffin/install/explore_lite:/home/anurag/griffin/install/semantic_perception:/home/anurag/griffin/install/semantic_navigation:/home/anurag/griffin/install/vlm_perception_pkg:/home/anurag/griffin/install/vlm_nav_pkg:/opt/ros/humble /usr/bin/cmake --install /home/anurag/griffin/build/turtlebot3_simulations
[0.050s] -- Install configuration: ""
[0.050s] -- Up-to-date: /home/anurag/griffin/install/turtlebot3_simulations/share/ament_index/resource_index/package_run_dependencies/turtlebot3_simulations
[0.050s] -- Up-to-date: /home/anurag/griffin/install/turtlebot3_simulations/share/ament_index/resource_index/parent_prefix_path/turtlebot3_simulations
[0.050s] -- Up-to-date: /home/anurag/griffin/install/turtlebot3_simulations/share/turtlebot3_simulations/environment/ament_prefix_path.sh
[0.050s] -- Up-to-date: /home/anurag/griffin/install/turtlebot3_simulations/share/turtlebot3_simulations/environment/ament_prefix_path.dsv
[0.050s] -- Up-to-date: /home/anurag/griffin/install/turtlebot3_simulations/share/turtlebot3_simulations/environment/path.sh
[0.050s] -- Up-to-date: /home/anurag/griffin/install/turtlebot3_simulations/share/turtlebot3_simulations/environment/path.dsv
[0.050s] -- Up-to-date: /home/anurag/griffin/install/turtlebot3_simulations/share/turtlebot3_simulations/local_setup.bash
[0.051s] -- Up-to-date: /home/anurag/griffin/install/turtlebot3_simulations/share/turtlebot3_simulations/local_setup.sh
[0.051s] -- Up-to-date: /home/anurag/griffin/install/turtlebot3_simulations/share/turtlebot3_simulations/local_setup.zsh
[0.051s] -- Up-to-date: /home/anurag/griffin/install/turtlebot3_simulations/share/turtlebot3_simulations/local_setup.dsv
[0.051s] -- Up-to-date: /home/anurag/griffin/install/turtlebot3_simulations/share/turtlebot3_simulations/package.dsv
[0.051s] -- Up-to-date: /home/anurag/griffin/install/turtlebot3_simulations/share/ament_index/resource_index/packages/turtlebot3_simulations
[0.051s] -- Up-to-date: /home/anurag/griffin/install/turtlebot3_simulations/share/turtlebot3_simulations/cmake/turtlebot3_simulationsConfig.cmake
[0.051s] -- Up-to-date: /home/anurag/griffin/install/turtlebot3_simulations/share/turtlebot3_simulations/cmake/turtlebot3_simulationsConfig-version.cmake
[0.051s] -- Up-to-date: /home/anurag/griffin/install/turtlebot3_simulations/share/turtlebot3_simulations/package.xml
[0.052s] Invoked command in '/home/anurag/griffin/build/turtlebot3_simulations' returned '0': CMAKE_PREFIX_PATH=/home/anurag/griffin/install/turtlebot3_gazebo:/home/anurag/griffin/install/turtlebot3_simulations:/home/anurag/griffin/install/nav2_rrtstar_planner:/home/anurag/griffin/install/explore_lite:/home/anurag/griffin/install/semantic_perception:/home/anurag/griffin/install/semantic_navigation:/home/anurag/griffin/install/vlm_perception_pkg:/home/anurag/griffin/install/vlm_nav_pkg:/opt/ros/humble /usr/bin/cmake --install /home/anurag/griffin/build/turtlebot3_simulations
