running egg_info
writing ../../build/semantic_perception/semantic_perception.egg-info/PKG-INFO
writing dependency_links to ../../build/semantic_perception/semantic_perception.egg-info/dependency_links.txt
writing entry points to ../../build/semantic_perception/semantic_perception.egg-info/entry_points.txt
writing requirements to ../../build/semantic_perception/semantic_perception.egg-info/requires.txt
writing top-level names to ../../build/semantic_perception/semantic_perception.egg-info/top_level.txt
reading manifest file '../../build/semantic_perception/semantic_perception.egg-info/SOURCES.txt'
adding license file 'LICENSE'
writing manifest file '../../build/semantic_perception/semantic_perception.egg-info/SOURCES.txt'
running build
running build_py
running install
running install_lib
running install_data
running install_egg_info
removing '/home/anurag/griffin/install/semantic_perception/lib/python3.10/site-packages/semantic_perception-0.0.0-py3.10.egg-info' (and everything under it)
Copying ../../build/semantic_perception/semantic_perception.egg-info to /home/anurag/griffin/install/semantic_perception/lib/python3.10/site-packages/semantic_perception-0.0.0-py3.10.egg-info
running install_scripts
Installing semantic_perception script to /home/anurag/griffin/install/semantic_perception/lib/semantic_perception
Installing semantic_perception_new script to /home/anurag/griffin/install/semantic_perception/lib/semantic_perception
writing list of installed files to '/home/anurag/griffin/build/semantic_perception/install.log'
