[0.693s] Invoking command in '/home/anurag/griffin/src/semantic_perception': PYTHONPATH=/home/anurag/griffin/build/semantic_perception/prefix_override:/usr/lib/python3/dist-packages/colcon_core/task/python/colcon_distutils_commands:/home/anurag/griffin/install/semantic_perception/lib/python3.10/site-packages:${PYTHONPATH} /usr/bin/python3 -W ignore:setup.py install is deprecated -W ignore:easy_install command is deprecated setup.py egg_info --egg-base ../../build/semantic_perception build --build-base /home/anurag/griffin/build/semantic_perception/build install --record /home/anurag/griffin/build/semantic_perception/install.log --single-version-externally-managed install_data
[0.874s] running egg_info
[0.874s] writing ../../build/semantic_perception/semantic_perception.egg-info/PKG-INFO
[0.874s] writing dependency_links to ../../build/semantic_perception/semantic_perception.egg-info/dependency_links.txt
[0.874s] writing entry points to ../../build/semantic_perception/semantic_perception.egg-info/entry_points.txt
[0.874s] writing requirements to ../../build/semantic_perception/semantic_perception.egg-info/requires.txt
[0.874s] writing top-level names to ../../build/semantic_perception/semantic_perception.egg-info/top_level.txt
[0.876s] reading manifest file '../../build/semantic_perception/semantic_perception.egg-info/SOURCES.txt'
[0.876s] adding license file 'LICENSE'
[0.877s] writing manifest file '../../build/semantic_perception/semantic_perception.egg-info/SOURCES.txt'
[0.877s] running build
[0.877s] running build_py
[0.877s] running install
[0.877s] running install_lib
[0.878s] running install_data
[0.878s] running install_egg_info
[0.879s] removing '/home/anurag/griffin/install/semantic_perception/lib/python3.10/site-packages/semantic_perception-0.0.0-py3.10.egg-info' (and everything under it)
[0.880s] Copying ../../build/semantic_perception/semantic_perception.egg-info to /home/anurag/griffin/install/semantic_perception/lib/python3.10/site-packages/semantic_perception-0.0.0-py3.10.egg-info
[0.880s] running install_scripts
[0.895s] Installing semantic_perception script to /home/anurag/griffin/install/semantic_perception/lib/semantic_perception
[0.895s] Installing semantic_perception_new script to /home/anurag/griffin/install/semantic_perception/lib/semantic_perception
[0.896s] writing list of installed files to '/home/anurag/griffin/build/semantic_perception/install.log'
[0.910s] Invoked command in '/home/anurag/griffin/src/semantic_perception' returned '0': PYTHONPATH=/home/anurag/griffin/build/semantic_perception/prefix_override:/usr/lib/python3/dist-packages/colcon_core/task/python/colcon_distutils_commands:/home/anurag/griffin/install/semantic_perception/lib/python3.10/site-packages:${PYTHONPATH} /usr/bin/python3 -W ignore:setup.py install is deprecated -W ignore:easy_install command is deprecated setup.py egg_info --egg-base ../../build/semantic_perception build --build-base /home/anurag/griffin/build/semantic_perception/build install --record /home/anurag/griffin/build/semantic_perception/install.log --single-version-externally-managed install_data
