running egg_info
writing ../../build/semantic_navigation/semantic_navigation.egg-info/PKG-INFO
writing dependency_links to ../../build/semantic_navigation/semantic_navigation.egg-info/dependency_links.txt
writing entry points to ../../build/semantic_navigation/semantic_navigation.egg-info/entry_points.txt
writing requirements to ../../build/semantic_navigation/semantic_navigation.egg-info/requires.txt
writing top-level names to ../../build/semantic_navigation/semantic_navigation.egg-info/top_level.txt
reading manifest file '../../build/semantic_navigation/semantic_navigation.egg-info/SOURCES.txt'
adding license file 'LICENSE'
writing manifest file '../../build/semantic_navigation/semantic_navigation.egg-info/SOURCES.txt'
running build
running build_py
running install
running install_lib
running install_data
running install_egg_info
removing '/home/anurag/griffin/install/semantic_navigation/lib/python3.10/site-packages/semantic_navigation-0.0.0-py3.10.egg-info' (and everything under it)
Copying ../../build/semantic_navigation/semantic_navigation.egg-info to /home/anurag/griffin/install/semantic_navigation/lib/python3.10/site-packages/semantic_navigation-0.0.0-py3.10.egg-info
running install_scripts
Installing semantic_nav script to /home/anurag/griffin/install/semantic_navigation/lib/semantic_navigation
writing list of installed files to '/home/anurag/griffin/build/semantic_navigation/install.log'
