[0.665s] Invoking command in '/home/anurag/griffin/src/semantic_perception': PYTHONPATH=/home/anurag/griffin/build/semantic_perception/prefix_override:/usr/lib/python3/dist-packages/colcon_core/task/python/colcon_distutils_commands:/home/anurag/griffin/install/semantic_perception/lib/python3.10/site-packages:${PYTHONPATH} /usr/bin/python3 -W ignore:setup.py install is deprecated -W ignore:easy_install command is deprecated setup.py egg_info --egg-base ../../build/semantic_perception build --build-base /home/anurag/griffin/build/semantic_perception/build install --record /home/anurag/griffin/build/semantic_perception/install.log --single-version-externally-managed install_data
[0.849s] running egg_info
[0.850s] creating ../../build/semantic_perception/semantic_perception.egg-info
[0.850s] writing ../../build/semantic_perception/semantic_perception.egg-info/PKG-INFO
[0.850s] writing dependency_links to ../../build/semantic_perception/semantic_perception.egg-info/dependency_links.txt
[0.851s] writing entry points to ../../build/semantic_perception/semantic_perception.egg-info/entry_points.txt
[0.851s] writing requirements to ../../build/semantic_perception/semantic_perception.egg-info/requires.txt
[0.851s] writing top-level names to ../../build/semantic_perception/semantic_perception.egg-info/top_level.txt
[0.851s] writing manifest file '../../build/semantic_perception/semantic_perception.egg-info/SOURCES.txt'
[0.852s] reading manifest file '../../build/semantic_perception/semantic_perception.egg-info/SOURCES.txt'
[0.852s] adding license file 'LICENSE'
[0.852s] writing manifest file '../../build/semantic_perception/semantic_perception.egg-info/SOURCES.txt'
[0.852s] running build
[0.852s] running build_py
[0.853s] creating /home/anurag/griffin/build/semantic_perception/build
[0.853s] creating /home/anurag/griffin/build/semantic_perception/build/lib
[0.853s] creating /home/anurag/griffin/build/semantic_perception/build/lib/semantic_perception
[0.853s] copying semantic_perception/semantic_perception_new.py -> /home/anurag/griffin/build/semantic_perception/build/lib/semantic_perception
[0.853s] copying semantic_perception/semantic_perception.py -> /home/anurag/griffin/build/semantic_perception/build/lib/semantic_perception
[0.853s] copying semantic_perception/__init__.py -> /home/anurag/griffin/build/semantic_perception/build/lib/semantic_perception
[0.853s] running install
[0.853s] running install_lib
[0.854s] creating /home/anurag/griffin/install/semantic_perception/lib/python3.10/site-packages/semantic_perception
[0.854s] copying /home/anurag/griffin/build/semantic_perception/build/lib/semantic_perception/semantic_perception_new.py -> /home/anurag/griffin/install/semantic_perception/lib/python3.10/site-packages/semantic_perception
[0.854s] copying /home/anurag/griffin/build/semantic_perception/build/lib/semantic_perception/semantic_perception.py -> /home/anurag/griffin/install/semantic_perception/lib/python3.10/site-packages/semantic_perception
[0.854s] copying /home/anurag/griffin/build/semantic_perception/build/lib/semantic_perception/__init__.py -> /home/anurag/griffin/install/semantic_perception/lib/python3.10/site-packages/semantic_perception
[0.854s] byte-compiling /home/anurag/griffin/install/semantic_perception/lib/python3.10/site-packages/semantic_perception/semantic_perception_new.py to semantic_perception_new.cpython-310.pyc
[0.858s] byte-compiling /home/anurag/griffin/install/semantic_perception/lib/python3.10/site-packages/semantic_perception/semantic_perception.py to semantic_perception.cpython-310.pyc
[0.862s] byte-compiling /home/anurag/griffin/install/semantic_perception/lib/python3.10/site-packages/semantic_perception/__init__.py to __init__.cpython-310.pyc
[0.862s] running install_data
[0.862s] creating /home/anurag/griffin/install/semantic_perception/share/ament_index
[0.862s] creating /home/anurag/griffin/install/semantic_perception/share/ament_index/resource_index
[0.862s] creating /home/anurag/griffin/install/semantic_perception/share/ament_index/resource_index/packages
[0.862s] copying resource/semantic_perception -> /home/anurag/griffin/install/semantic_perception/share/ament_index/resource_index/packages
[0.862s] copying package.xml -> /home/anurag/griffin/install/semantic_perception/share/semantic_perception
[0.862s] running install_egg_info
[0.864s] Copying ../../build/semantic_perception/semantic_perception.egg-info to /home/anurag/griffin/install/semantic_perception/lib/python3.10/site-packages/semantic_perception-0.0.0-py3.10.egg-info
[0.864s] running install_scripts
[0.881s] Installing semantic_perception script to /home/anurag/griffin/install/semantic_perception/lib/semantic_perception
[0.881s] Installing semantic_perception_new script to /home/anurag/griffin/install/semantic_perception/lib/semantic_perception
[0.881s] writing list of installed files to '/home/anurag/griffin/build/semantic_perception/install.log'
[0.912s] Invoked command in '/home/anurag/griffin/src/semantic_perception' returned '0': PYTHONPATH=/home/anurag/griffin/build/semantic_perception/prefix_override:/usr/lib/python3/dist-packages/colcon_core/task/python/colcon_distutils_commands:/home/anurag/griffin/install/semantic_perception/lib/python3.10/site-packages:${PYTHONPATH} /usr/bin/python3 -W ignore:setup.py install is deprecated -W ignore:easy_install command is deprecated setup.py egg_info --egg-base ../../build/semantic_perception build --build-base /home/anurag/griffin/build/semantic_perception/build install --record /home/anurag/griffin/build/semantic_perception/install.log --single-version-externally-managed install_data
