[0.072s] DEBUG:colcon:Command line arguments: ['/usr/bin/colcon', 'build']
[0.072s] DEBUG:colcon:Parsed command line arguments: Namespace(log_base=None, log_level=None, verb_name='build', build_base='build', install_base='install', merge_install=False, symlink_install=False, test_result_base=None, continue_on_error=False, executor='parallel', parallel_workers=24, event_handlers=None, ignore_user_meta=False, metas=['./colcon.meta'], base_paths=['.'], packages_ignore=None, packages_ignore_regex=None, paths=None, packages_up_to=None, packages_up_to_regex=None, packages_above=None, packages_above_and_dependencies=None, packages_above_depth=None, packages_select_by_dep=None, packages_skip_by_dep=None, packages_skip_up_to=None, packages_select_build_failed=False, packages_skip_build_finished=False, packages_select_test_failures=False, packages_skip_test_passed=False, packages_select=None, packages_skip=None, packages_select_regex=None, packages_skip_regex=None, packages_start=None, packages_end=None, allow_overriding=[], cmake_args=None, cmake_target=None, cmake_target_skip_unavailable=False, cmake_clean_cache=False, cmake_clean_first=False, cmake_force_configure=False, ament_cmake_args=None, catkin_cmake_args=None, catkin_skip_building_tests=False, mixin_files=None, mixin=None, verb_parser=<colcon_mixin.mixin.mixin_argument.MixinArgumentDecorator object at 0x712d877a1090>, verb_extension=<colcon_core.verb.build.BuildVerb object at 0x712d8771d570>, main=<bound method BuildVerb.main of <colcon_core.verb.build.BuildVerb object at 0x712d8771d570>>, mixin_verb=('build',))
[0.186s] Level 1:colcon.colcon_core.package_discovery:discover_packages(colcon_meta) check parameters
[0.187s] Level 1:colcon.colcon_core.package_discovery:discover_packages(recursive) check parameters
[0.187s] Level 1:colcon.colcon_core.package_discovery:discover_packages(ignore) check parameters
[0.187s] Level 1:colcon.colcon_core.package_discovery:discover_packages(path) check parameters
[0.187s] Level 1:colcon.colcon_core.package_discovery:discover_packages(colcon_meta) discover
[0.187s] Level 1:colcon.colcon_core.package_discovery:discover_packages(recursive) discover
[0.187s] INFO:colcon.colcon_core.package_discovery:Crawling recursively for packages in '/home/anurag/griffin'
[0.187s] Level 1:colcon.colcon_core.package_identification:_identify(.) by extensions ['ignore', 'ignore_ament_install']
[0.187s] Level 1:colcon.colcon_core.package_identification:_identify(.) by extension 'ignore'
[0.187s] Level 1:colcon.colcon_core.package_identification:_identify(.) by extension 'ignore_ament_install'
[0.187s] Level 1:colcon.colcon_core.package_identification:_identify(.) by extensions ['colcon_pkg']
[0.187s] Level 1:colcon.colcon_core.package_identification:_identify(.) by extension 'colcon_pkg'
[0.187s] Level 1:colcon.colcon_core.package_identification:_identify(.) by extensions ['colcon_meta']
[0.187s] Level 1:colcon.colcon_core.package_identification:_identify(.) by extension 'colcon_meta'
[0.187s] Level 1:colcon.colcon_core.package_identification:_identify(.) by extensions ['ros']
[0.187s] Level 1:colcon.colcon_core.package_identification:_identify(.) by extension 'ros'
[0.199s] Level 1:colcon.colcon_core.package_identification:_identify(.) by extensions ['cmake', 'python']
[0.199s] Level 1:colcon.colcon_core.package_identification:_identify(.) by extension 'cmake'
[0.199s] Level 1:colcon.colcon_core.package_identification:_identify(.) by extension 'python'
[0.199s] Level 1:colcon.colcon_core.package_identification:_identify(.) by extensions ['python_setup_py']
[0.199s] Level 1:colcon.colcon_core.package_identification:_identify(.) by extension 'python_setup_py'
[0.199s] Level 1:colcon.colcon_core.package_identification:_identify(build) by extensions ['ignore', 'ignore_ament_install']
[0.199s] Level 1:colcon.colcon_core.package_identification:_identify(build) by extension 'ignore'
[0.199s] Level 1:colcon.colcon_core.package_identification:_identify(build) ignored
[0.199s] Level 1:colcon.colcon_core.package_identification:_identify(config) by extensions ['ignore', 'ignore_ament_install']
[0.199s] Level 1:colcon.colcon_core.package_identification:_identify(config) by extension 'ignore'
[0.199s] Level 1:colcon.colcon_core.package_identification:_identify(config) by extension 'ignore_ament_install'
[0.199s] Level 1:colcon.colcon_core.package_identification:_identify(config) by extensions ['colcon_pkg']
[0.199s] Level 1:colcon.colcon_core.package_identification:_identify(config) by extension 'colcon_pkg'
[0.199s] Level 1:colcon.colcon_core.package_identification:_identify(config) by extensions ['colcon_meta']
[0.199s] Level 1:colcon.colcon_core.package_identification:_identify(config) by extension 'colcon_meta'
[0.199s] Level 1:colcon.colcon_core.package_identification:_identify(config) by extensions ['ros']
[0.199s] Level 1:colcon.colcon_core.package_identification:_identify(config) by extension 'ros'
[0.200s] Level 1:colcon.colcon_core.package_identification:_identify(config) by extensions ['cmake', 'python']
[0.200s] Level 1:colcon.colcon_core.package_identification:_identify(config) by extension 'cmake'
[0.200s] Level 1:colcon.colcon_core.package_identification:_identify(config) by extension 'python'
[0.200s] Level 1:colcon.colcon_core.package_identification:_identify(config) by extensions ['python_setup_py']
[0.200s] Level 1:colcon.colcon_core.package_identification:_identify(config) by extension 'python_setup_py'
[0.200s] Level 1:colcon.colcon_core.package_identification:_identify(install) by extensions ['ignore', 'ignore_ament_install']
[0.200s] Level 1:colcon.colcon_core.package_identification:_identify(install) by extension 'ignore'
[0.200s] Level 1:colcon.colcon_core.package_identification:_identify(install) ignored
[0.200s] Level 1:colcon.colcon_core.package_identification:_identify(log) by extensions ['ignore', 'ignore_ament_install']
[0.200s] Level 1:colcon.colcon_core.package_identification:_identify(log) by extension 'ignore'
[0.200s] Level 1:colcon.colcon_core.package_identification:_identify(log) ignored
[0.200s] Level 1:colcon.colcon_core.package_identification:_identify(resources) by extensions ['ignore', 'ignore_ament_install']
[0.200s] Level 1:colcon.colcon_core.package_identification:_identify(resources) by extension 'ignore'
[0.200s] Level 1:colcon.colcon_core.package_identification:_identify(resources) by extension 'ignore_ament_install'
[0.200s] Level 1:colcon.colcon_core.package_identification:_identify(resources) by extensions ['colcon_pkg']
[0.200s] Level 1:colcon.colcon_core.package_identification:_identify(resources) by extension 'colcon_pkg'
[0.200s] Level 1:colcon.colcon_core.package_identification:_identify(resources) by extensions ['colcon_meta']
[0.200s] Level 1:colcon.colcon_core.package_identification:_identify(resources) by extension 'colcon_meta'
[0.200s] Level 1:colcon.colcon_core.package_identification:_identify(resources) by extensions ['ros']
[0.200s] Level 1:colcon.colcon_core.package_identification:_identify(resources) by extension 'ros'
[0.200s] Level 1:colcon.colcon_core.package_identification:_identify(resources) by extensions ['cmake', 'python']
[0.200s] Level 1:colcon.colcon_core.package_identification:_identify(resources) by extension 'cmake'
[0.200s] Level 1:colcon.colcon_core.package_identification:_identify(resources) by extension 'python'
[0.200s] Level 1:colcon.colcon_core.package_identification:_identify(resources) by extensions ['python_setup_py']
[0.200s] Level 1:colcon.colcon_core.package_identification:_identify(resources) by extension 'python_setup_py'
[0.200s] Level 1:colcon.colcon_core.package_identification:_identify(src) by extensions ['ignore', 'ignore_ament_install']
[0.200s] Level 1:colcon.colcon_core.package_identification:_identify(src) by extension 'ignore'
[0.200s] Level 1:colcon.colcon_core.package_identification:_identify(src) by extension 'ignore_ament_install'
[0.200s] Level 1:colcon.colcon_core.package_identification:_identify(src) by extensions ['colcon_pkg']
[0.200s] Level 1:colcon.colcon_core.package_identification:_identify(src) by extension 'colcon_pkg'
[0.200s] Level 1:colcon.colcon_core.package_identification:_identify(src) by extensions ['colcon_meta']
[0.200s] Level 1:colcon.colcon_core.package_identification:_identify(src) by extension 'colcon_meta'
[0.200s] Level 1:colcon.colcon_core.package_identification:_identify(src) by extensions ['ros']
[0.200s] Level 1:colcon.colcon_core.package_identification:_identify(src) by extension 'ros'
[0.200s] Level 1:colcon.colcon_core.package_identification:_identify(src) by extensions ['cmake', 'python']
[0.200s] Level 1:colcon.colcon_core.package_identification:_identify(src) by extension 'cmake'
[0.200s] Level 1:colcon.colcon_core.package_identification:_identify(src) by extension 'python'
[0.200s] Level 1:colcon.colcon_core.package_identification:_identify(src) by extensions ['python_setup_py']
[0.200s] Level 1:colcon.colcon_core.package_identification:_identify(src) by extension 'python_setup_py'
[0.200s] Level 1:colcon.colcon_core.package_identification:_identify(src/TurtleBot-RRT-Star) by extensions ['ignore', 'ignore_ament_install']
[0.200s] Level 1:colcon.colcon_core.package_identification:_identify(src/TurtleBot-RRT-Star) by extension 'ignore'
[0.200s] Level 1:colcon.colcon_core.package_identification:_identify(src/TurtleBot-RRT-Star) by extension 'ignore_ament_install'
[0.200s] Level 1:colcon.colcon_core.package_identification:_identify(src/TurtleBot-RRT-Star) by extensions ['colcon_pkg']
[0.201s] Level 1:colcon.colcon_core.package_identification:_identify(src/TurtleBot-RRT-Star) by extension 'colcon_pkg'
[0.201s] Level 1:colcon.colcon_core.package_identification:_identify(src/TurtleBot-RRT-Star) by extensions ['colcon_meta']
[0.201s] Level 1:colcon.colcon_core.package_identification:_identify(src/TurtleBot-RRT-Star) by extension 'colcon_meta'
[0.201s] Level 1:colcon.colcon_core.package_identification:_identify(src/TurtleBot-RRT-Star) by extensions ['ros']
[0.201s] Level 1:colcon.colcon_core.package_identification:_identify(src/TurtleBot-RRT-Star) by extension 'ros'
[0.203s] DEBUG:colcon.colcon_core.package_identification:Package 'src/TurtleBot-RRT-Star' with type 'ros.ament_cmake' and name 'nav2_rrtstar_planner'
[0.203s] Level 1:colcon.colcon_core.package_identification:_identify(src/m-explore-ros2) by extensions ['ignore', 'ignore_ament_install']
[0.203s] Level 1:colcon.colcon_core.package_identification:_identify(src/m-explore-ros2) by extension 'ignore'
[0.203s] Level 1:colcon.colcon_core.package_identification:_identify(src/m-explore-ros2) by extension 'ignore_ament_install'
[0.203s] Level 1:colcon.colcon_core.package_identification:_identify(src/m-explore-ros2) by extensions ['colcon_pkg']
[0.203s] Level 1:colcon.colcon_core.package_identification:_identify(src/m-explore-ros2) by extension 'colcon_pkg'
[0.203s] Level 1:colcon.colcon_core.package_identification:_identify(src/m-explore-ros2) by extensions ['colcon_meta']
[0.203s] Level 1:colcon.colcon_core.package_identification:_identify(src/m-explore-ros2) by extension 'colcon_meta'
[0.203s] Level 1:colcon.colcon_core.package_identification:_identify(src/m-explore-ros2) by extensions ['ros']
[0.203s] Level 1:colcon.colcon_core.package_identification:_identify(src/m-explore-ros2) by extension 'ros'
[0.203s] Level 1:colcon.colcon_core.package_identification:_identify(src/m-explore-ros2) by extensions ['cmake', 'python']
[0.203s] Level 1:colcon.colcon_core.package_identification:_identify(src/m-explore-ros2) by extension 'cmake'
[0.203s] Level 1:colcon.colcon_core.package_identification:_identify(src/m-explore-ros2) by extension 'python'
[0.203s] Level 1:colcon.colcon_core.package_identification:_identify(src/m-explore-ros2) by extensions ['python_setup_py']
[0.203s] Level 1:colcon.colcon_core.package_identification:_identify(src/m-explore-ros2) by extension 'python_setup_py'
[0.203s] Level 1:colcon.colcon_core.package_identification:_identify(src/m-explore-ros2/explore) by extensions ['ignore', 'ignore_ament_install']
[0.203s] Level 1:colcon.colcon_core.package_identification:_identify(src/m-explore-ros2/explore) by extension 'ignore'
[0.203s] Level 1:colcon.colcon_core.package_identification:_identify(src/m-explore-ros2/explore) by extension 'ignore_ament_install'
[0.203s] Level 1:colcon.colcon_core.package_identification:_identify(src/m-explore-ros2/explore) by extensions ['colcon_pkg']
[0.203s] Level 1:colcon.colcon_core.package_identification:_identify(src/m-explore-ros2/explore) by extension 'colcon_pkg'
[0.203s] Level 1:colcon.colcon_core.package_identification:_identify(src/m-explore-ros2/explore) by extensions ['colcon_meta']
[0.203s] Level 1:colcon.colcon_core.package_identification:_identify(src/m-explore-ros2/explore) by extension 'colcon_meta'
[0.203s] Level 1:colcon.colcon_core.package_identification:_identify(src/m-explore-ros2/explore) by extensions ['ros']
[0.203s] Level 1:colcon.colcon_core.package_identification:_identify(src/m-explore-ros2/explore) by extension 'ros'
[0.204s] DEBUG:colcon.colcon_core.package_identification:Package 'src/m-explore-ros2/explore' with type 'ros.ament_cmake' and name 'explore_lite'
[0.205s] Level 1:colcon.colcon_core.package_identification:_identify(src/semantic_navigation) by extensions ['ignore', 'ignore_ament_install']
[0.205s] Level 1:colcon.colcon_core.package_identification:_identify(src/semantic_navigation) by extension 'ignore'
[0.205s] Level 1:colcon.colcon_core.package_identification:_identify(src/semantic_navigation) by extension 'ignore_ament_install'
[0.205s] Level 1:colcon.colcon_core.package_identification:_identify(src/semantic_navigation) by extensions ['colcon_pkg']
[0.205s] Level 1:colcon.colcon_core.package_identification:_identify(src/semantic_navigation) by extension 'colcon_pkg'
[0.205s] Level 1:colcon.colcon_core.package_identification:_identify(src/semantic_navigation) by extensions ['colcon_meta']
[0.205s] Level 1:colcon.colcon_core.package_identification:_identify(src/semantic_navigation) by extension 'colcon_meta'
[0.205s] Level 1:colcon.colcon_core.package_identification:_identify(src/semantic_navigation) by extensions ['ros']
[0.205s] Level 1:colcon.colcon_core.package_identification:_identify(src/semantic_navigation) by extension 'ros'
[0.205s] DEBUG:colcon.colcon_core.package_identification:Package 'src/semantic_navigation' with type 'ros.ament_python' and name 'semantic_navigation'
[0.205s] Level 1:colcon.colcon_core.package_identification:_identify(src/semantic_perception) by extensions ['ignore', 'ignore_ament_install']
[0.205s] Level 1:colcon.colcon_core.package_identification:_identify(src/semantic_perception) by extension 'ignore'
[0.205s] Level 1:colcon.colcon_core.package_identification:_identify(src/semantic_perception) by extension 'ignore_ament_install'
[0.206s] Level 1:colcon.colcon_core.package_identification:_identify(src/semantic_perception) by extensions ['colcon_pkg']
[0.206s] Level 1:colcon.colcon_core.package_identification:_identify(src/semantic_perception) by extension 'colcon_pkg'
[0.206s] Level 1:colcon.colcon_core.package_identification:_identify(src/semantic_perception) by extensions ['colcon_meta']
[0.206s] Level 1:colcon.colcon_core.package_identification:_identify(src/semantic_perception) by extension 'colcon_meta'
[0.206s] Level 1:colcon.colcon_core.package_identification:_identify(src/semantic_perception) by extensions ['ros']
[0.206s] Level 1:colcon.colcon_core.package_identification:_identify(src/semantic_perception) by extension 'ros'
[0.206s] DEBUG:colcon.colcon_core.package_identification:Package 'src/semantic_perception' with type 'ros.ament_python' and name 'semantic_perception'
[0.206s] Level 1:colcon.colcon_core.package_identification:_identify(src/turtlebot3_simulations) by extensions ['ignore', 'ignore_ament_install']
[0.206s] Level 1:colcon.colcon_core.package_identification:_identify(src/turtlebot3_simulations) by extension 'ignore'
[0.206s] Level 1:colcon.colcon_core.package_identification:_identify(src/turtlebot3_simulations) by extension 'ignore_ament_install'
[0.206s] Level 1:colcon.colcon_core.package_identification:_identify(src/turtlebot3_simulations) by extensions ['colcon_pkg']
[0.206s] Level 1:colcon.colcon_core.package_identification:_identify(src/turtlebot3_simulations) by extension 'colcon_pkg'
[0.206s] Level 1:colcon.colcon_core.package_identification:_identify(src/turtlebot3_simulations) by extensions ['colcon_meta']
[0.206s] Level 1:colcon.colcon_core.package_identification:_identify(src/turtlebot3_simulations) by extension 'colcon_meta'
[0.206s] Level 1:colcon.colcon_core.package_identification:_identify(src/turtlebot3_simulations) by extensions ['ros']
[0.206s] Level 1:colcon.colcon_core.package_identification:_identify(src/turtlebot3_simulations) by extension 'ros'
[0.206s] Level 1:colcon.colcon_core.package_identification:_identify(src/turtlebot3_simulations) by extensions ['cmake', 'python']
[0.206s] Level 1:colcon.colcon_core.package_identification:_identify(src/turtlebot3_simulations) by extension 'cmake'
[0.206s] Level 1:colcon.colcon_core.package_identification:_identify(src/turtlebot3_simulations) by extension 'python'
[0.206s] Level 1:colcon.colcon_core.package_identification:_identify(src/turtlebot3_simulations) by extensions ['python_setup_py']
[0.206s] Level 1:colcon.colcon_core.package_identification:_identify(src/turtlebot3_simulations) by extension 'python_setup_py'
[0.206s] Level 1:colcon.colcon_core.package_identification:_identify(src/turtlebot3_simulations/turtlebot3_gazebo) by extensions ['ignore', 'ignore_ament_install']
[0.206s] Level 1:colcon.colcon_core.package_identification:_identify(src/turtlebot3_simulations/turtlebot3_gazebo) by extension 'ignore'
[0.206s] Level 1:colcon.colcon_core.package_identification:_identify(src/turtlebot3_simulations/turtlebot3_gazebo) by extension 'ignore_ament_install'
[0.206s] Level 1:colcon.colcon_core.package_identification:_identify(src/turtlebot3_simulations/turtlebot3_gazebo) by extensions ['colcon_pkg']
[0.206s] Level 1:colcon.colcon_core.package_identification:_identify(src/turtlebot3_simulations/turtlebot3_gazebo) by extension 'colcon_pkg'
[0.206s] Level 1:colcon.colcon_core.package_identification:_identify(src/turtlebot3_simulations/turtlebot3_gazebo) by extensions ['colcon_meta']
[0.206s] Level 1:colcon.colcon_core.package_identification:_identify(src/turtlebot3_simulations/turtlebot3_gazebo) by extension 'colcon_meta'
[0.207s] Level 1:colcon.colcon_core.package_identification:_identify(src/turtlebot3_simulations/turtlebot3_gazebo) by extensions ['ros']
[0.207s] Level 1:colcon.colcon_core.package_identification:_identify(src/turtlebot3_simulations/turtlebot3_gazebo) by extension 'ros'
[0.207s] DEBUG:colcon.colcon_core.package_identification:Package 'src/turtlebot3_simulations/turtlebot3_gazebo' with type 'ros.ament_cmake' and name 'turtlebot3_gazebo'
[0.207s] Level 1:colcon.colcon_core.package_identification:_identify(src/turtlebot3_simulations/turtlebot3_simulations) by extensions ['ignore', 'ignore_ament_install']
[0.207s] Level 1:colcon.colcon_core.package_identification:_identify(src/turtlebot3_simulations/turtlebot3_simulations) by extension 'ignore'
[0.207s] Level 1:colcon.colcon_core.package_identification:_identify(src/turtlebot3_simulations/turtlebot3_simulations) by extension 'ignore_ament_install'
[0.207s] Level 1:colcon.colcon_core.package_identification:_identify(src/turtlebot3_simulations/turtlebot3_simulations) by extensions ['colcon_pkg']
[0.207s] Level 1:colcon.colcon_core.package_identification:_identify(src/turtlebot3_simulations/turtlebot3_simulations) by extension 'colcon_pkg'
[0.207s] Level 1:colcon.colcon_core.package_identification:_identify(src/turtlebot3_simulations/turtlebot3_simulations) by extensions ['colcon_meta']
[0.207s] Level 1:colcon.colcon_core.package_identification:_identify(src/turtlebot3_simulations/turtlebot3_simulations) by extension 'colcon_meta'
[0.207s] Level 1:colcon.colcon_core.package_identification:_identify(src/turtlebot3_simulations/turtlebot3_simulations) by extensions ['ros']
[0.207s] Level 1:colcon.colcon_core.package_identification:_identify(src/turtlebot3_simulations/turtlebot3_simulations) by extension 'ros'
[0.208s] DEBUG:colcon.colcon_core.package_identification:Package 'src/turtlebot3_simulations/turtlebot3_simulations' with type 'ros.ament_cmake' and name 'turtlebot3_simulations'
[0.208s] Level 1:colcon.colcon_core.package_discovery:discover_packages(recursive) using defaults
[0.208s] Level 1:colcon.colcon_core.package_discovery:discover_packages(ignore) discover
[0.208s] Level 1:colcon.colcon_core.package_discovery:discover_packages(ignore) using defaults
[0.208s] Level 1:colcon.colcon_core.package_discovery:discover_packages(path) discover
[0.208s] Level 1:colcon.colcon_core.package_discovery:discover_packages(path) using defaults
[0.223s] Level 1:colcon.colcon_core.package_discovery:discover_packages(prefix_path) check parameters
[0.223s] Level 1:colcon.colcon_core.package_discovery:discover_packages(prefix_path) discover
[0.223s] WARNING:colcon.colcon_ros.prefix_path.ament:The path '/home/anurag/griffin/install/vlm_perception_pkg' in the environment variable AMENT_PREFIX_PATH doesn't exist
[0.223s] WARNING:colcon.colcon_ros.prefix_path.ament:The path '/home/anurag/griffin/install/vlm_nav_pkg' in the environment variable AMENT_PREFIX_PATH doesn't exist
[0.224s] DEBUG:colcon.colcon_installed_package_information.package_discovery:Found 6 installed packages in /home/anurag/griffin/install
[0.225s] DEBUG:colcon.colcon_installed_package_information.package_discovery:Found 402 installed packages in /opt/ros/humble
[0.226s] Level 1:colcon.colcon_core.package_discovery:discover_packages(prefix_path) using defaults
[0.254s] Level 5:colcon.colcon_core.verb:set package 'explore_lite' build argument 'cmake_args' from command line to 'None'
[0.254s] Level 5:colcon.colcon_core.verb:set package 'explore_lite' build argument 'cmake_target' from command line to 'None'
[0.254s] Level 5:colcon.colcon_core.verb:set package 'explore_lite' build argument 'cmake_target_skip_unavailable' from command line to 'False'
[0.254s] Level 5:colcon.colcon_core.verb:set package 'explore_lite' build argument 'cmake_clean_cache' from command line to 'False'
[0.254s] Level 5:colcon.colcon_core.verb:set package 'explore_lite' build argument 'cmake_clean_first' from command line to 'False'
[0.254s] Level 5:colcon.colcon_core.verb:set package 'explore_lite' build argument 'cmake_force_configure' from command line to 'False'
[0.254s] Level 5:colcon.colcon_core.verb:set package 'explore_lite' build argument 'ament_cmake_args' from command line to 'None'
[0.254s] Level 5:colcon.colcon_core.verb:set package 'explore_lite' build argument 'catkin_cmake_args' from command line to 'None'
[0.254s] Level 5:colcon.colcon_core.verb:set package 'explore_lite' build argument 'catkin_skip_building_tests' from command line to 'False'
[0.254s] DEBUG:colcon.colcon_core.verb:Building package 'explore_lite' with the following arguments: {'ament_cmake_args': None, 'build_base': '/home/anurag/griffin/build/explore_lite', 'catkin_cmake_args': None, 'catkin_skip_building_tests': False, 'cmake_args': None, 'cmake_clean_cache': False, 'cmake_clean_first': False, 'cmake_force_configure': False, 'cmake_target': None, 'cmake_target_skip_unavailable': False, 'install_base': '/home/anurag/griffin/install/explore_lite', 'merge_install': False, 'path': '/home/anurag/griffin/src/m-explore-ros2/explore', 'symlink_install': False, 'test_result_base': None}
[0.254s] Level 5:colcon.colcon_core.verb:set package 'nav2_rrtstar_planner' build argument 'cmake_args' from command line to 'None'
[0.254s] Level 5:colcon.colcon_core.verb:set package 'nav2_rrtstar_planner' build argument 'cmake_target' from command line to 'None'
[0.254s] Level 5:colcon.colcon_core.verb:set package 'nav2_rrtstar_planner' build argument 'cmake_target_skip_unavailable' from command line to 'False'
[0.254s] Level 5:colcon.colcon_core.verb:set package 'nav2_rrtstar_planner' build argument 'cmake_clean_cache' from command line to 'False'
[0.254s] Level 5:colcon.colcon_core.verb:set package 'nav2_rrtstar_planner' build argument 'cmake_clean_first' from command line to 'False'
[0.254s] Level 5:colcon.colcon_core.verb:set package 'nav2_rrtstar_planner' build argument 'cmake_force_configure' from command line to 'False'
[0.254s] Level 5:colcon.colcon_core.verb:set package 'nav2_rrtstar_planner' build argument 'ament_cmake_args' from command line to 'None'
[0.254s] Level 5:colcon.colcon_core.verb:set package 'nav2_rrtstar_planner' build argument 'catkin_cmake_args' from command line to 'None'
[0.254s] Level 5:colcon.colcon_core.verb:set package 'nav2_rrtstar_planner' build argument 'catkin_skip_building_tests' from command line to 'False'
[0.254s] DEBUG:colcon.colcon_core.verb:Building package 'nav2_rrtstar_planner' with the following arguments: {'ament_cmake_args': None, 'build_base': '/home/anurag/griffin/build/nav2_rrtstar_planner', 'catkin_cmake_args': None, 'catkin_skip_building_tests': False, 'cmake_args': None, 'cmake_clean_cache': False, 'cmake_clean_first': False, 'cmake_force_configure': False, 'cmake_target': None, 'cmake_target_skip_unavailable': False, 'install_base': '/home/anurag/griffin/install/nav2_rrtstar_planner', 'merge_install': False, 'path': '/home/anurag/griffin/src/TurtleBot-RRT-Star', 'symlink_install': False, 'test_result_base': None}
[0.254s] Level 5:colcon.colcon_core.verb:set package 'semantic_navigation' build argument 'cmake_args' from command line to 'None'
[0.254s] Level 5:colcon.colcon_core.verb:set package 'semantic_navigation' build argument 'cmake_target' from command line to 'None'
[0.254s] Level 5:colcon.colcon_core.verb:set package 'semantic_navigation' build argument 'cmake_target_skip_unavailable' from command line to 'False'
[0.254s] Level 5:colcon.colcon_core.verb:set package 'semantic_navigation' build argument 'cmake_clean_cache' from command line to 'False'
[0.255s] Level 5:colcon.colcon_core.verb:set package 'semantic_navigation' build argument 'cmake_clean_first' from command line to 'False'
[0.255s] Level 5:colcon.colcon_core.verb:set package 'semantic_navigation' build argument 'cmake_force_configure' from command line to 'False'
[0.255s] Level 5:colcon.colcon_core.verb:set package 'semantic_navigation' build argument 'ament_cmake_args' from command line to 'None'
[0.255s] Level 5:colcon.colcon_core.verb:set package 'semantic_navigation' build argument 'catkin_cmake_args' from command line to 'None'
[0.255s] Level 5:colcon.colcon_core.verb:set package 'semantic_navigation' build argument 'catkin_skip_building_tests' from command line to 'False'
[0.255s] DEBUG:colcon.colcon_core.verb:Building package 'semantic_navigation' with the following arguments: {'ament_cmake_args': None, 'build_base': '/home/anurag/griffin/build/semantic_navigation', 'catkin_cmake_args': None, 'catkin_skip_building_tests': False, 'cmake_args': None, 'cmake_clean_cache': False, 'cmake_clean_first': False, 'cmake_force_configure': False, 'cmake_target': None, 'cmake_target_skip_unavailable': False, 'install_base': '/home/anurag/griffin/install/semantic_navigation', 'merge_install': False, 'path': '/home/anurag/griffin/src/semantic_navigation', 'symlink_install': False, 'test_result_base': None}
[0.255s] Level 5:colcon.colcon_core.verb:set package 'semantic_perception' build argument 'cmake_args' from command line to 'None'
[0.255s] Level 5:colcon.colcon_core.verb:set package 'semantic_perception' build argument 'cmake_target' from command line to 'None'
[0.255s] Level 5:colcon.colcon_core.verb:set package 'semantic_perception' build argument 'cmake_target_skip_unavailable' from command line to 'False'
[0.255s] Level 5:colcon.colcon_core.verb:set package 'semantic_perception' build argument 'cmake_clean_cache' from command line to 'False'
[0.255s] Level 5:colcon.colcon_core.verb:set package 'semantic_perception' build argument 'cmake_clean_first' from command line to 'False'
[0.255s] Level 5:colcon.colcon_core.verb:set package 'semantic_perception' build argument 'cmake_force_configure' from command line to 'False'
[0.255s] Level 5:colcon.colcon_core.verb:set package 'semantic_perception' build argument 'ament_cmake_args' from command line to 'None'
[0.255s] Level 5:colcon.colcon_core.verb:set package 'semantic_perception' build argument 'catkin_cmake_args' from command line to 'None'
[0.255s] Level 5:colcon.colcon_core.verb:set package 'semantic_perception' build argument 'catkin_skip_building_tests' from command line to 'False'
[0.255s] DEBUG:colcon.colcon_core.verb:Building package 'semantic_perception' with the following arguments: {'ament_cmake_args': None, 'build_base': '/home/anurag/griffin/build/semantic_perception', 'catkin_cmake_args': None, 'catkin_skip_building_tests': False, 'cmake_args': None, 'cmake_clean_cache': False, 'cmake_clean_first': False, 'cmake_force_configure': False, 'cmake_target': None, 'cmake_target_skip_unavailable': False, 'install_base': '/home/anurag/griffin/install/semantic_perception', 'merge_install': False, 'path': '/home/anurag/griffin/src/semantic_perception', 'symlink_install': False, 'test_result_base': None}
[0.255s] Level 5:colcon.colcon_core.verb:set package 'turtlebot3_gazebo' build argument 'cmake_args' from command line to 'None'
[0.255s] Level 5:colcon.colcon_core.verb:set package 'turtlebot3_gazebo' build argument 'cmake_target' from command line to 'None'
[0.255s] Level 5:colcon.colcon_core.verb:set package 'turtlebot3_gazebo' build argument 'cmake_target_skip_unavailable' from command line to 'False'
[0.255s] Level 5:colcon.colcon_core.verb:set package 'turtlebot3_gazebo' build argument 'cmake_clean_cache' from command line to 'False'
[0.255s] Level 5:colcon.colcon_core.verb:set package 'turtlebot3_gazebo' build argument 'cmake_clean_first' from command line to 'False'
[0.255s] Level 5:colcon.colcon_core.verb:set package 'turtlebot3_gazebo' build argument 'cmake_force_configure' from command line to 'False'
[0.255s] Level 5:colcon.colcon_core.verb:set package 'turtlebot3_gazebo' build argument 'ament_cmake_args' from command line to 'None'
[0.255s] Level 5:colcon.colcon_core.verb:set package 'turtlebot3_gazebo' build argument 'catkin_cmake_args' from command line to 'None'
[0.255s] Level 5:colcon.colcon_core.verb:set package 'turtlebot3_gazebo' build argument 'catkin_skip_building_tests' from command line to 'False'
[0.255s] DEBUG:colcon.colcon_core.verb:Building package 'turtlebot3_gazebo' with the following arguments: {'ament_cmake_args': None, 'build_base': '/home/anurag/griffin/build/turtlebot3_gazebo', 'catkin_cmake_args': None, 'catkin_skip_building_tests': False, 'cmake_args': None, 'cmake_clean_cache': False, 'cmake_clean_first': False, 'cmake_force_configure': False, 'cmake_target': None, 'cmake_target_skip_unavailable': False, 'install_base': '/home/anurag/griffin/install/turtlebot3_gazebo', 'merge_install': False, 'path': '/home/anurag/griffin/src/turtlebot3_simulations/turtlebot3_gazebo', 'symlink_install': False, 'test_result_base': None}
[0.255s] Level 5:colcon.colcon_core.verb:set package 'turtlebot3_simulations' build argument 'cmake_args' from command line to 'None'
[0.255s] Level 5:colcon.colcon_core.verb:set package 'turtlebot3_simulations' build argument 'cmake_target' from command line to 'None'
[0.255s] Level 5:colcon.colcon_core.verb:set package 'turtlebot3_simulations' build argument 'cmake_target_skip_unavailable' from command line to 'False'
[0.255s] Level 5:colcon.colcon_core.verb:set package 'turtlebot3_simulations' build argument 'cmake_clean_cache' from command line to 'False'
[0.255s] Level 5:colcon.colcon_core.verb:set package 'turtlebot3_simulations' build argument 'cmake_clean_first' from command line to 'False'
[0.255s] Level 5:colcon.colcon_core.verb:set package 'turtlebot3_simulations' build argument 'cmake_force_configure' from command line to 'False'
[0.255s] Level 5:colcon.colcon_core.verb:set package 'turtlebot3_simulations' build argument 'ament_cmake_args' from command line to 'None'
[0.255s] Level 5:colcon.colcon_core.verb:set package 'turtlebot3_simulations' build argument 'catkin_cmake_args' from command line to 'None'
[0.255s] Level 5:colcon.colcon_core.verb:set package 'turtlebot3_simulations' build argument 'catkin_skip_building_tests' from command line to 'False'
[0.255s] DEBUG:colcon.colcon_core.verb:Building package 'turtlebot3_simulations' with the following arguments: {'ament_cmake_args': None, 'build_base': '/home/anurag/griffin/build/turtlebot3_simulations', 'catkin_cmake_args': None, 'catkin_skip_building_tests': False, 'cmake_args': None, 'cmake_clean_cache': False, 'cmake_clean_first': False, 'cmake_force_configure': False, 'cmake_target': None, 'cmake_target_skip_unavailable': False, 'install_base': '/home/anurag/griffin/install/turtlebot3_simulations', 'merge_install': False, 'path': '/home/anurag/griffin/src/turtlebot3_simulations/turtlebot3_simulations', 'symlink_install': False, 'test_result_base': None}
[0.256s] INFO:colcon.colcon_core.executor:Executing jobs using 'parallel' executor
[0.257s] DEBUG:colcon.colcon_parallel_executor.executor.parallel:run_until_complete
[0.257s] INFO:colcon.colcon_ros.task.ament_cmake.build:Building ROS package in '/home/anurag/griffin/src/turtlebot3_simulations/turtlebot3_gazebo' with build type 'ament_cmake'
[0.257s] INFO:colcon.colcon_cmake.task.cmake.build:Building CMake package in '/home/anurag/griffin/src/turtlebot3_simulations/turtlebot3_gazebo'
[0.258s] INFO:colcon.colcon_core.plugin_system:Skipping extension 'colcon_core.shell.bat': Not used on non-Windows systems
[0.258s] INFO:colcon.colcon_core.shell:Skip shell extension 'powershell' for command environment: Not usable outside of PowerShell
[0.258s] DEBUG:colcon.colcon_core.shell:Skip shell extension 'dsv' for command environment
[0.261s] INFO:colcon.colcon_ros.task.ament_cmake.build:Building ROS package in '/home/anurag/griffin/src/m-explore-ros2/explore' with build type 'ament_cmake'
[0.261s] INFO:colcon.colcon_cmake.task.cmake.build:Building CMake package in '/home/anurag/griffin/src/m-explore-ros2/explore'
[0.261s] INFO:colcon.colcon_core.shell:Skip shell extension 'powershell' for command environment: Not usable outside of PowerShell
[0.261s] DEBUG:colcon.colcon_core.shell:Skip shell extension 'dsv' for command environment
[0.263s] INFO:colcon.colcon_ros.task.ament_cmake.build:Building ROS package in '/home/anurag/griffin/src/TurtleBot-RRT-Star' with build type 'ament_cmake'
[0.263s] INFO:colcon.colcon_cmake.task.cmake.build:Building CMake package in '/home/anurag/griffin/src/TurtleBot-RRT-Star'
[0.264s] INFO:colcon.colcon_core.shell:Skip shell extension 'powershell' for command environment: Not usable outside of PowerShell
[0.264s] DEBUG:colcon.colcon_core.shell:Skip shell extension 'dsv' for command environment
[0.266s] INFO:colcon.colcon_ros.task.ament_python.build:Building ROS package in '/home/anurag/griffin/src/semantic_navigation' with build type 'ament_python'
[0.266s] Level 1:colcon.colcon_core.shell:create_environment_hook('semantic_navigation', 'ament_prefix_path')
[0.266s] INFO:colcon.colcon_core.shell:Creating environment hook '/home/anurag/griffin/install/semantic_navigation/share/semantic_navigation/hook/ament_prefix_path.ps1'
[0.266s] INFO:colcon.colcon_core.shell:Creating environment descriptor '/home/anurag/griffin/install/semantic_navigation/share/semantic_navigation/hook/ament_prefix_path.dsv'
[0.267s] INFO:colcon.colcon_core.shell:Creating environment hook '/home/anurag/griffin/install/semantic_navigation/share/semantic_navigation/hook/ament_prefix_path.sh'
[0.267s] INFO:colcon.colcon_core.shell:Skip shell extension 'powershell' for command environment: Not usable outside of PowerShell
[0.267s] DEBUG:colcon.colcon_core.shell:Skip shell extension 'dsv' for command environment
[0.269s] INFO:colcon.colcon_ros.task.ament_python.build:Building ROS package in '/home/anurag/griffin/src/semantic_perception' with build type 'ament_python'
[0.269s] Level 1:colcon.colcon_core.shell:create_environment_hook('semantic_perception', 'ament_prefix_path')
[0.269s] INFO:colcon.colcon_core.shell:Creating environment hook '/home/anurag/griffin/install/semantic_perception/share/semantic_perception/hook/ament_prefix_path.ps1'
[0.269s] INFO:colcon.colcon_core.shell:Creating environment descriptor '/home/anurag/griffin/install/semantic_perception/share/semantic_perception/hook/ament_prefix_path.dsv'
[0.269s] INFO:colcon.colcon_core.shell:Creating environment hook '/home/anurag/griffin/install/semantic_perception/share/semantic_perception/hook/ament_prefix_path.sh'
[0.270s] INFO:colcon.colcon_core.shell:Skip shell extension 'powershell' for command environment: Not usable outside of PowerShell
[0.270s] DEBUG:colcon.colcon_core.shell:Skip shell extension 'dsv' for command environment
[0.276s] DEBUG:colcon.colcon_core.event_handler.log_command:Invoking command in '/home/anurag/griffin/build/turtlebot3_gazebo': CMAKE_PREFIX_PATH=${CMAKE_PREFIX_PATH}:/home/anurag/griffin/install/semantic_perception:/home/anurag/griffin/install/semantic_navigation:/home/anurag/griffin/install/vlm_perception_pkg:/home/anurag/griffin/install/vlm_nav_pkg:/opt/ros/humble /usr/bin/cmake --build /home/anurag/griffin/build/turtlebot3_gazebo -- -j24 -l24
[0.277s] DEBUG:colcon.colcon_core.event_handler.log_command:Invoking command in '/home/anurag/griffin/build/explore_lite': CMAKE_PREFIX_PATH=${CMAKE_PREFIX_PATH}:/home/anurag/griffin/install/semantic_perception:/home/anurag/griffin/install/semantic_navigation:/home/anurag/griffin/install/vlm_perception_pkg:/home/anurag/griffin/install/vlm_nav_pkg:/opt/ros/humble /usr/bin/cmake --build /home/anurag/griffin/build/explore_lite -- -j24 -l24
[0.279s] DEBUG:colcon.colcon_core.event_handler.log_command:Invoking command in '/home/anurag/griffin/build/nav2_rrtstar_planner': CMAKE_PREFIX_PATH=${CMAKE_PREFIX_PATH}:/home/anurag/griffin/install/semantic_perception:/home/anurag/griffin/install/semantic_navigation:/home/anurag/griffin/install/vlm_perception_pkg:/home/anurag/griffin/install/vlm_nav_pkg:/opt/ros/humble /usr/bin/cmake --build /home/anurag/griffin/build/nav2_rrtstar_planner -- -j24 -l24
[0.470s] INFO:colcon.colcon_core.task.python.build:Building Python package in '/home/anurag/griffin/src/semantic_navigation'
[0.470s] INFO:colcon.colcon_core.shell:Skip shell extension 'powershell' for command environment: Not usable outside of PowerShell
[0.470s] DEBUG:colcon.colcon_core.shell:Skip shell extension 'dsv' for command environment
[0.477s] DEBUG:colcon.colcon_core.event_handler.log_command:Invoked command in '/home/anurag/griffin/build/nav2_rrtstar_planner' returned '0': CMAKE_PREFIX_PATH=${CMAKE_PREFIX_PATH}:/home/anurag/griffin/install/semantic_perception:/home/anurag/griffin/install/semantic_navigation:/home/anurag/griffin/install/vlm_perception_pkg:/home/anurag/griffin/install/vlm_nav_pkg:/opt/ros/humble /usr/bin/cmake --build /home/anurag/griffin/build/nav2_rrtstar_planner -- -j24 -l24
[0.482s] DEBUG:colcon.colcon_core.event_handler.log_command:Invoking command in '/home/anurag/griffin/build/nav2_rrtstar_planner': CMAKE_PREFIX_PATH=${CMAKE_PREFIX_PATH}:/home/anurag/griffin/install/semantic_perception:/home/anurag/griffin/install/semantic_navigation:/home/anurag/griffin/install/vlm_perception_pkg:/home/anurag/griffin/install/vlm_nav_pkg:/opt/ros/humble /usr/bin/cmake --install /home/anurag/griffin/build/nav2_rrtstar_planner
[0.661s] INFO:colcon.colcon_core.task.python.build:Building Python package in '/home/anurag/griffin/src/semantic_perception'
[0.662s] INFO:colcon.colcon_core.shell:Skip shell extension 'powershell' for command environment: Not usable outside of PowerShell
[0.662s] DEBUG:colcon.colcon_core.shell:Skip shell extension 'dsv' for command environment
[0.665s] DEBUG:colcon.colcon_core.event_handler.log_command:Invoked command in '/home/anurag/griffin/build/explore_lite' returned '0': CMAKE_PREFIX_PATH=${CMAKE_PREFIX_PATH}:/home/anurag/griffin/install/semantic_perception:/home/anurag/griffin/install/semantic_navigation:/home/anurag/griffin/install/vlm_perception_pkg:/home/anurag/griffin/install/vlm_nav_pkg:/opt/ros/humble /usr/bin/cmake --build /home/anurag/griffin/build/explore_lite -- -j24 -l24
[0.665s] DEBUG:colcon.colcon_core.event_handler.log_command:Invoking command in '/home/anurag/griffin/build/explore_lite': CMAKE_PREFIX_PATH=${CMAKE_PREFIX_PATH}:/home/anurag/griffin/install/semantic_perception:/home/anurag/griffin/install/semantic_navigation:/home/anurag/griffin/install/vlm_perception_pkg:/home/anurag/griffin/install/vlm_nav_pkg:/opt/ros/humble /usr/bin/cmake --install /home/anurag/griffin/build/explore_lite
[0.667s] DEBUG:colcon.colcon_core.event_handler.log_command:Invoked command in '/home/anurag/griffin/build/turtlebot3_gazebo' returned '0': CMAKE_PREFIX_PATH=${CMAKE_PREFIX_PATH}:/home/anurag/griffin/install/semantic_perception:/home/anurag/griffin/install/semantic_navigation:/home/anurag/griffin/install/vlm_perception_pkg:/home/anurag/griffin/install/vlm_nav_pkg:/opt/ros/humble /usr/bin/cmake --build /home/anurag/griffin/build/turtlebot3_gazebo -- -j24 -l24
[0.669s] DEBUG:colcon.colcon_core.event_handler.log_command:Invoking command in '/home/anurag/griffin/build/turtlebot3_gazebo': CMAKE_PREFIX_PATH=${CMAKE_PREFIX_PATH}:/home/anurag/griffin/install/semantic_perception:/home/anurag/griffin/install/semantic_navigation:/home/anurag/griffin/install/vlm_perception_pkg:/home/anurag/griffin/install/vlm_nav_pkg:/opt/ros/humble /usr/bin/cmake --install /home/anurag/griffin/build/turtlebot3_gazebo
[0.672s] Level 1:colcon.colcon_core.environment:create_environment_scripts_only(nav2_rrtstar_planner)
[0.672s] DEBUG:colcon.colcon_core.event_handler.log_command:Invoked command in '/home/anurag/griffin/build/nav2_rrtstar_planner' returned '0': CMAKE_PREFIX_PATH=${CMAKE_PREFIX_PATH}:/home/anurag/griffin/install/semantic_perception:/home/anurag/griffin/install/semantic_navigation:/home/anurag/griffin/install/vlm_perception_pkg:/home/anurag/griffin/install/vlm_nav_pkg:/opt/ros/humble /usr/bin/cmake --install /home/anurag/griffin/build/nav2_rrtstar_planner
[0.676s] Level 1:colcon.colcon_core.environment:checking '/home/anurag/griffin/install/nav2_rrtstar_planner' for CMake module files
[0.678s] Level 1:colcon.colcon_core.environment:checking '/home/anurag/griffin/install/nav2_rrtstar_planner' for CMake config files
[0.679s] Level 1:colcon.colcon_core.shell:create_environment_hook('nav2_rrtstar_planner', 'cmake_prefix_path')
[0.680s] INFO:colcon.colcon_core.shell:Creating environment hook '/home/anurag/griffin/install/nav2_rrtstar_planner/share/nav2_rrtstar_planner/hook/cmake_prefix_path.ps1'
[0.683s] INFO:colcon.colcon_core.shell:Creating environment descriptor '/home/anurag/griffin/install/nav2_rrtstar_planner/share/nav2_rrtstar_planner/hook/cmake_prefix_path.dsv'
[0.686s] INFO:colcon.colcon_core.shell:Creating environment hook '/home/anurag/griffin/install/nav2_rrtstar_planner/share/nav2_rrtstar_planner/hook/cmake_prefix_path.sh'
[0.689s] Level 1:colcon.colcon_core.environment:checking '/home/anurag/griffin/install/nav2_rrtstar_planner/lib'
[0.690s] Level 1:colcon.colcon_core.shell:create_environment_hook('nav2_rrtstar_planner', 'ld_library_path_lib')
[0.691s] INFO:colcon.colcon_core.shell:Creating environment hook '/home/anurag/griffin/install/nav2_rrtstar_planner/share/nav2_rrtstar_planner/hook/ld_library_path_lib.ps1'
[0.693s] INFO:colcon.colcon_core.shell:Creating environment descriptor '/home/anurag/griffin/install/nav2_rrtstar_planner/share/nav2_rrtstar_planner/hook/ld_library_path_lib.dsv'
[0.695s] INFO:colcon.colcon_core.shell:Creating environment hook '/home/anurag/griffin/install/nav2_rrtstar_planner/share/nav2_rrtstar_planner/hook/ld_library_path_lib.sh'
[0.696s] Level 1:colcon.colcon_core.environment:checking '/home/anurag/griffin/install/nav2_rrtstar_planner/bin'
[0.696s] Level 1:colcon.colcon_core.environment:checking '/home/anurag/griffin/install/nav2_rrtstar_planner/lib/pkgconfig/nav2_rrtstar_planner.pc'
[0.696s] Level 1:colcon.colcon_core.environment:checking '/home/anurag/griffin/install/nav2_rrtstar_planner/lib/python3.10/site-packages'
[0.696s] Level 1:colcon.colcon_core.environment:checking '/home/anurag/griffin/install/nav2_rrtstar_planner/bin'
[0.696s] INFO:colcon.colcon_core.shell:Creating package script '/home/anurag/griffin/install/nav2_rrtstar_planner/share/nav2_rrtstar_planner/package.ps1'
[0.697s] INFO:colcon.colcon_core.shell:Creating package descriptor '/home/anurag/griffin/install/nav2_rrtstar_planner/share/nav2_rrtstar_planner/package.dsv'
[0.697s] INFO:colcon.colcon_core.shell:Creating package script '/home/anurag/griffin/install/nav2_rrtstar_planner/share/nav2_rrtstar_planner/package.sh'
[0.698s] INFO:colcon.colcon_core.shell:Creating package script '/home/anurag/griffin/install/nav2_rrtstar_planner/share/nav2_rrtstar_planner/package.bash'
[0.699s] INFO:colcon.colcon_core.shell:Creating package script '/home/anurag/griffin/install/nav2_rrtstar_planner/share/nav2_rrtstar_planner/package.zsh'
[0.699s] Level 1:colcon.colcon_core.environment:create_file_with_runtime_dependencies(/home/anurag/griffin/install/nav2_rrtstar_planner/share/colcon-core/packages/nav2_rrtstar_planner)
[0.700s] Level 1:colcon.colcon_core.environment:create_environment_scripts_only(nav2_rrtstar_planner)
[0.700s] Level 1:colcon.colcon_core.environment:checking '/home/anurag/griffin/install/nav2_rrtstar_planner' for CMake module files
[0.700s] Level 1:colcon.colcon_core.environment:checking '/home/anurag/griffin/install/nav2_rrtstar_planner' for CMake config files
[0.700s] Level 1:colcon.colcon_core.shell:create_environment_hook('nav2_rrtstar_planner', 'cmake_prefix_path')
[0.700s] INFO:colcon.colcon_core.shell:Creating environment hook '/home/anurag/griffin/install/nav2_rrtstar_planner/share/nav2_rrtstar_planner/hook/cmake_prefix_path.ps1'
[0.701s] INFO:colcon.colcon_core.shell:Creating environment descriptor '/home/anurag/griffin/install/nav2_rrtstar_planner/share/nav2_rrtstar_planner/hook/cmake_prefix_path.dsv'
[0.701s] INFO:colcon.colcon_core.shell:Creating environment hook '/home/anurag/griffin/install/nav2_rrtstar_planner/share/nav2_rrtstar_planner/hook/cmake_prefix_path.sh'
[0.701s] Level 1:colcon.colcon_core.environment:checking '/home/anurag/griffin/install/nav2_rrtstar_planner/lib'
[0.701s] Level 1:colcon.colcon_core.shell:create_environment_hook('nav2_rrtstar_planner', 'ld_library_path_lib')
[0.701s] INFO:colcon.colcon_core.shell:Creating environment hook '/home/anurag/griffin/install/nav2_rrtstar_planner/share/nav2_rrtstar_planner/hook/ld_library_path_lib.ps1'
[0.702s] INFO:colcon.colcon_core.shell:Creating environment descriptor '/home/anurag/griffin/install/nav2_rrtstar_planner/share/nav2_rrtstar_planner/hook/ld_library_path_lib.dsv'
[0.702s] INFO:colcon.colcon_core.shell:Creating environment hook '/home/anurag/griffin/install/nav2_rrtstar_planner/share/nav2_rrtstar_planner/hook/ld_library_path_lib.sh'
[0.702s] Level 1:colcon.colcon_core.environment:checking '/home/anurag/griffin/install/nav2_rrtstar_planner/bin'
[0.702s] Level 1:colcon.colcon_core.environment:checking '/home/anurag/griffin/install/nav2_rrtstar_planner/lib/pkgconfig/nav2_rrtstar_planner.pc'
[0.702s] Level 1:colcon.colcon_core.environment:checking '/home/anurag/griffin/install/nav2_rrtstar_planner/lib/python3.10/site-packages'
[0.702s] Level 1:colcon.colcon_core.environment:checking '/home/anurag/griffin/install/nav2_rrtstar_planner/bin'
[0.703s] INFO:colcon.colcon_core.shell:Creating package script '/home/anurag/griffin/install/nav2_rrtstar_planner/share/nav2_rrtstar_planner/package.ps1'
[0.703s] INFO:colcon.colcon_core.shell:Creating package descriptor '/home/anurag/griffin/install/nav2_rrtstar_planner/share/nav2_rrtstar_planner/package.dsv'
[0.703s] INFO:colcon.colcon_core.shell:Creating package script '/home/anurag/griffin/install/nav2_rrtstar_planner/share/nav2_rrtstar_planner/package.sh'
[0.703s] INFO:colcon.colcon_core.shell:Creating package script '/home/anurag/griffin/install/nav2_rrtstar_planner/share/nav2_rrtstar_planner/package.bash'
[0.704s] INFO:colcon.colcon_core.shell:Creating package script '/home/anurag/griffin/install/nav2_rrtstar_planner/share/nav2_rrtstar_planner/package.zsh'
[0.704s] Level 1:colcon.colcon_core.environment:create_file_with_runtime_dependencies(/home/anurag/griffin/install/nav2_rrtstar_planner/share/colcon-core/packages/nav2_rrtstar_planner)
[0.706s] Level 1:colcon.colcon_core.environment:create_environment_scripts_only(explore_lite)
[0.706s] Level 1:colcon.colcon_core.environment:checking '/home/anurag/griffin/install/explore_lite' for CMake module files
[0.707s] DEBUG:colcon.colcon_core.event_handler.log_command:Invoked command in '/home/anurag/griffin/build/explore_lite' returned '0': CMAKE_PREFIX_PATH=${CMAKE_PREFIX_PATH}:/home/anurag/griffin/install/semantic_perception:/home/anurag/griffin/install/semantic_navigation:/home/anurag/griffin/install/vlm_perception_pkg:/home/anurag/griffin/install/vlm_nav_pkg:/opt/ros/humble /usr/bin/cmake --install /home/anurag/griffin/build/explore_lite
[0.707s] Level 1:colcon.colcon_core.environment:checking '/home/anurag/griffin/install/explore_lite' for CMake config files
[0.707s] Level 1:colcon.colcon_core.shell:create_environment_hook('explore_lite', 'cmake_prefix_path')
[0.707s] INFO:colcon.colcon_core.shell:Creating environment hook '/home/anurag/griffin/install/explore_lite/share/explore_lite/hook/cmake_prefix_path.ps1'
[0.708s] INFO:colcon.colcon_core.shell:Creating environment descriptor '/home/anurag/griffin/install/explore_lite/share/explore_lite/hook/cmake_prefix_path.dsv'
[0.708s] INFO:colcon.colcon_core.shell:Creating environment hook '/home/anurag/griffin/install/explore_lite/share/explore_lite/hook/cmake_prefix_path.sh'
[0.708s] Level 1:colcon.colcon_core.environment:checking '/home/anurag/griffin/install/explore_lite/lib'
[0.708s] Level 1:colcon.colcon_core.environment:checking '/home/anurag/griffin/install/explore_lite/bin'
[0.708s] Level 1:colcon.colcon_core.environment:checking '/home/anurag/griffin/install/explore_lite/lib/pkgconfig/explore_lite.pc'
[0.708s] Level 1:colcon.colcon_core.environment:checking '/home/anurag/griffin/install/explore_lite/lib/python3.10/site-packages'
[0.708s] Level 1:colcon.colcon_core.environment:checking '/home/anurag/griffin/install/explore_lite/bin'
[0.709s] INFO:colcon.colcon_core.shell:Creating package script '/home/anurag/griffin/install/explore_lite/share/explore_lite/package.ps1'
[0.709s] INFO:colcon.colcon_core.shell:Creating package descriptor '/home/anurag/griffin/install/explore_lite/share/explore_lite/package.dsv'
[0.709s] INFO:colcon.colcon_core.shell:Creating package script '/home/anurag/griffin/install/explore_lite/share/explore_lite/package.sh'
[0.709s] INFO:colcon.colcon_core.shell:Creating package script '/home/anurag/griffin/install/explore_lite/share/explore_lite/package.bash'
[0.710s] INFO:colcon.colcon_core.shell:Creating package script '/home/anurag/griffin/install/explore_lite/share/explore_lite/package.zsh'
[0.710s] Level 1:colcon.colcon_core.environment:create_file_with_runtime_dependencies(/home/anurag/griffin/install/explore_lite/share/colcon-core/packages/explore_lite)
[0.710s] Level 1:colcon.colcon_core.environment:create_environment_scripts_only(explore_lite)
[0.710s] Level 1:colcon.colcon_core.environment:checking '/home/anurag/griffin/install/explore_lite' for CMake module files
[0.711s] Level 1:colcon.colcon_core.environment:checking '/home/anurag/griffin/install/explore_lite' for CMake config files
[0.711s] Level 1:colcon.colcon_core.shell:create_environment_hook('explore_lite', 'cmake_prefix_path')
[0.711s] INFO:colcon.colcon_core.shell:Creating environment hook '/home/anurag/griffin/install/explore_lite/share/explore_lite/hook/cmake_prefix_path.ps1'
[0.711s] INFO:colcon.colcon_core.shell:Creating environment descriptor '/home/anurag/griffin/install/explore_lite/share/explore_lite/hook/cmake_prefix_path.dsv'
[0.711s] INFO:colcon.colcon_core.shell:Creating environment hook '/home/anurag/griffin/install/explore_lite/share/explore_lite/hook/cmake_prefix_path.sh'
[0.712s] Level 1:colcon.colcon_core.environment:checking '/home/anurag/griffin/install/explore_lite/lib'
[0.712s] Level 1:colcon.colcon_core.environment:checking '/home/anurag/griffin/install/explore_lite/bin'
[0.712s] Level 1:colcon.colcon_core.environment:checking '/home/anurag/griffin/install/explore_lite/lib/pkgconfig/explore_lite.pc'
[0.712s] Level 1:colcon.colcon_core.environment:checking '/home/anurag/griffin/install/explore_lite/lib/python3.10/site-packages'
[0.712s] Level 1:colcon.colcon_core.environment:checking '/home/anurag/griffin/install/explore_lite/bin'
[0.712s] INFO:colcon.colcon_core.shell:Creating package script '/home/anurag/griffin/install/explore_lite/share/explore_lite/package.ps1'
[0.712s] INFO:colcon.colcon_core.shell:Creating package descriptor '/home/anurag/griffin/install/explore_lite/share/explore_lite/package.dsv'
[0.713s] INFO:colcon.colcon_core.shell:Creating package script '/home/anurag/griffin/install/explore_lite/share/explore_lite/package.sh'
[0.713s] INFO:colcon.colcon_core.shell:Creating package script '/home/anurag/griffin/install/explore_lite/share/explore_lite/package.bash'
[0.713s] INFO:colcon.colcon_core.shell:Creating package script '/home/anurag/griffin/install/explore_lite/share/explore_lite/package.zsh'
[0.714s] Level 1:colcon.colcon_core.environment:create_file_with_runtime_dependencies(/home/anurag/griffin/install/explore_lite/share/colcon-core/packages/explore_lite)
[0.714s] Level 1:colcon.colcon_core.environment:create_environment_scripts_only(turtlebot3_gazebo)
[0.714s] Level 1:colcon.colcon_core.environment:checking '/home/anurag/griffin/install/turtlebot3_gazebo' for CMake module files
[0.715s] Level 1:colcon.colcon_core.environment:checking '/home/anurag/griffin/install/turtlebot3_gazebo' for CMake config files
[0.715s] DEBUG:colcon.colcon_core.event_handler.log_command:Invoked command in '/home/anurag/griffin/build/turtlebot3_gazebo' returned '0': CMAKE_PREFIX_PATH=${CMAKE_PREFIX_PATH}:/home/anurag/griffin/install/semantic_perception:/home/anurag/griffin/install/semantic_navigation:/home/anurag/griffin/install/vlm_perception_pkg:/home/anurag/griffin/install/vlm_nav_pkg:/opt/ros/humble /usr/bin/cmake --install /home/anurag/griffin/build/turtlebot3_gazebo
[0.716s] Level 1:colcon.colcon_core.shell:create_environment_hook('turtlebot3_gazebo', 'cmake_prefix_path')
[0.716s] INFO:colcon.colcon_core.shell:Creating environment hook '/home/anurag/griffin/install/turtlebot3_gazebo/share/turtlebot3_gazebo/hook/cmake_prefix_path.ps1'
[0.717s] INFO:colcon.colcon_core.shell:Creating environment descriptor '/home/anurag/griffin/install/turtlebot3_gazebo/share/turtlebot3_gazebo/hook/cmake_prefix_path.dsv'
[0.717s] INFO:colcon.colcon_core.shell:Creating environment hook '/home/anurag/griffin/install/turtlebot3_gazebo/share/turtlebot3_gazebo/hook/cmake_prefix_path.sh'
[0.718s] Level 1:colcon.colcon_core.environment:checking '/home/anurag/griffin/install/turtlebot3_gazebo/lib'
[0.718s] Level 1:colcon.colcon_core.environment:checking '/home/anurag/griffin/install/turtlebot3_gazebo/bin'
[0.718s] Level 1:colcon.colcon_core.environment:checking '/home/anurag/griffin/install/turtlebot3_gazebo/lib/pkgconfig/turtlebot3_gazebo.pc'
[0.718s] Level 1:colcon.colcon_core.environment:checking '/home/anurag/griffin/install/turtlebot3_gazebo/lib/python3.10/site-packages'
[0.718s] Level 1:colcon.colcon_core.environment:checking '/home/anurag/griffin/install/turtlebot3_gazebo/bin'
[0.718s] INFO:colcon.colcon_core.shell:Creating package script '/home/anurag/griffin/install/turtlebot3_gazebo/share/turtlebot3_gazebo/package.ps1'
[0.719s] INFO:colcon.colcon_core.shell:Creating package descriptor '/home/anurag/griffin/install/turtlebot3_gazebo/share/turtlebot3_gazebo/package.dsv'
[0.719s] INFO:colcon.colcon_core.shell:Creating package script '/home/anurag/griffin/install/turtlebot3_gazebo/share/turtlebot3_gazebo/package.sh'
[0.719s] INFO:colcon.colcon_core.shell:Creating package script '/home/anurag/griffin/install/turtlebot3_gazebo/share/turtlebot3_gazebo/package.bash'
[0.719s] INFO:colcon.colcon_core.shell:Creating package script '/home/anurag/griffin/install/turtlebot3_gazebo/share/turtlebot3_gazebo/package.zsh'
[0.719s] Level 1:colcon.colcon_core.environment:create_file_with_runtime_dependencies(/home/anurag/griffin/install/turtlebot3_gazebo/share/colcon-core/packages/turtlebot3_gazebo)
[0.720s] Level 1:colcon.colcon_core.environment:create_environment_scripts_only(turtlebot3_gazebo)
[0.720s] Level 1:colcon.colcon_core.environment:checking '/home/anurag/griffin/install/turtlebot3_gazebo' for CMake module files
[0.720s] Level 1:colcon.colcon_core.environment:checking '/home/anurag/griffin/install/turtlebot3_gazebo' for CMake config files
[0.721s] Level 1:colcon.colcon_core.shell:create_environment_hook('turtlebot3_gazebo', 'cmake_prefix_path')
[0.721s] INFO:colcon.colcon_core.shell:Creating environment hook '/home/anurag/griffin/install/turtlebot3_gazebo/share/turtlebot3_gazebo/hook/cmake_prefix_path.ps1'
[0.721s] INFO:colcon.colcon_core.shell:Creating environment descriptor '/home/anurag/griffin/install/turtlebot3_gazebo/share/turtlebot3_gazebo/hook/cmake_prefix_path.dsv'
[0.721s] INFO:colcon.colcon_core.shell:Creating environment hook '/home/anurag/griffin/install/turtlebot3_gazebo/share/turtlebot3_gazebo/hook/cmake_prefix_path.sh'
[0.721s] Level 1:colcon.colcon_core.environment:checking '/home/anurag/griffin/install/turtlebot3_gazebo/lib'
[0.721s] Level 1:colcon.colcon_core.environment:checking '/home/anurag/griffin/install/turtlebot3_gazebo/bin'
[0.721s] Level 1:colcon.colcon_core.environment:checking '/home/anurag/griffin/install/turtlebot3_gazebo/lib/pkgconfig/turtlebot3_gazebo.pc'
[0.722s] Level 1:colcon.colcon_core.environment:checking '/home/anurag/griffin/install/turtlebot3_gazebo/lib/python3.10/site-packages'
[0.722s] Level 1:colcon.colcon_core.environment:checking '/home/anurag/griffin/install/turtlebot3_gazebo/bin'
[0.722s] INFO:colcon.colcon_core.shell:Creating package script '/home/anurag/griffin/install/turtlebot3_gazebo/share/turtlebot3_gazebo/package.ps1'
[0.722s] INFO:colcon.colcon_core.shell:Creating package descriptor '/home/anurag/griffin/install/turtlebot3_gazebo/share/turtlebot3_gazebo/package.dsv'
[0.722s] INFO:colcon.colcon_core.shell:Creating package script '/home/anurag/griffin/install/turtlebot3_gazebo/share/turtlebot3_gazebo/package.sh'
[0.723s] INFO:colcon.colcon_core.shell:Creating package script '/home/anurag/griffin/install/turtlebot3_gazebo/share/turtlebot3_gazebo/package.bash'
[0.723s] INFO:colcon.colcon_core.shell:Creating package script '/home/anurag/griffin/install/turtlebot3_gazebo/share/turtlebot3_gazebo/package.zsh'
[0.724s] Level 1:colcon.colcon_core.environment:create_file_with_runtime_dependencies(/home/anurag/griffin/install/turtlebot3_gazebo/share/colcon-core/packages/turtlebot3_gazebo)
[0.724s] INFO:colcon.colcon_ros.task.ament_cmake.build:Building ROS package in '/home/anurag/griffin/src/turtlebot3_simulations/turtlebot3_simulations' with build type 'ament_cmake'
[0.724s] INFO:colcon.colcon_cmake.task.cmake.build:Building CMake package in '/home/anurag/griffin/src/turtlebot3_simulations/turtlebot3_simulations'
[0.724s] INFO:colcon.colcon_core.shell:Skip shell extension 'powershell' for command environment: Not usable outside of PowerShell
[0.724s] DEBUG:colcon.colcon_core.shell:Skip shell extension 'dsv' for command environment
[0.733s] DEBUG:colcon.colcon_core.event_handler.log_command:Invoking command in '/home/anurag/griffin/build/turtlebot3_simulations': CMAKE_PREFIX_PATH=/home/anurag/griffin/install/turtlebot3_gazebo:/home/anurag/griffin/install/turtlebot3_simulations:/home/anurag/griffin/install/nav2_rrtstar_planner:/home/anurag/griffin/install/explore_lite:/home/anurag/griffin/install/semantic_perception:/home/anurag/griffin/install/semantic_navigation:/home/anurag/griffin/install/vlm_perception_pkg:/home/anurag/griffin/install/vlm_nav_pkg:/opt/ros/humble /usr/bin/cmake --build /home/anurag/griffin/build/turtlebot3_simulations -- -j24 -l24
[0.767s] DEBUG:colcon.colcon_core.event_handler.log_command:Invoked command in '/home/anurag/griffin/build/turtlebot3_simulations' returned '0': CMAKE_PREFIX_PATH=/home/anurag/griffin/install/turtlebot3_gazebo:/home/anurag/griffin/install/turtlebot3_simulations:/home/anurag/griffin/install/nav2_rrtstar_planner:/home/anurag/griffin/install/explore_lite:/home/anurag/griffin/install/semantic_perception:/home/anurag/griffin/install/semantic_navigation:/home/anurag/griffin/install/vlm_perception_pkg:/home/anurag/griffin/install/vlm_nav_pkg:/opt/ros/humble /usr/bin/cmake --build /home/anurag/griffin/build/turtlebot3_simulations -- -j24 -l24
[0.769s] DEBUG:colcon.colcon_core.event_handler.log_command:Invoking command in '/home/anurag/griffin/build/turtlebot3_simulations': CMAKE_PREFIX_PATH=/home/anurag/griffin/install/turtlebot3_gazebo:/home/anurag/griffin/install/turtlebot3_simulations:/home/anurag/griffin/install/nav2_rrtstar_planner:/home/anurag/griffin/install/explore_lite:/home/anurag/griffin/install/semantic_perception:/home/anurag/griffin/install/semantic_navigation:/home/anurag/griffin/install/vlm_perception_pkg:/home/anurag/griffin/install/vlm_nav_pkg:/opt/ros/humble /usr/bin/cmake --install /home/anurag/griffin/build/turtlebot3_simulations
[0.777s] Level 1:colcon.colcon_core.environment:create_environment_scripts_only(turtlebot3_simulations)
[0.777s] Level 1:colcon.colcon_core.environment:checking '/home/anurag/griffin/install/turtlebot3_simulations' for CMake module files
[0.778s] DEBUG:colcon.colcon_core.event_handler.log_command:Invoked command in '/home/anurag/griffin/build/turtlebot3_simulations' returned '0': CMAKE_PREFIX_PATH=/home/anurag/griffin/install/turtlebot3_gazebo:/home/anurag/griffin/install/turtlebot3_simulations:/home/anurag/griffin/install/nav2_rrtstar_planner:/home/anurag/griffin/install/explore_lite:/home/anurag/griffin/install/semantic_perception:/home/anurag/griffin/install/semantic_navigation:/home/anurag/griffin/install/vlm_perception_pkg:/home/anurag/griffin/install/vlm_nav_pkg:/opt/ros/humble /usr/bin/cmake --install /home/anurag/griffin/build/turtlebot3_simulations
[0.778s] Level 1:colcon.colcon_core.environment:checking '/home/anurag/griffin/install/turtlebot3_simulations' for CMake config files
[0.778s] Level 1:colcon.colcon_core.shell:create_environment_hook('turtlebot3_simulations', 'cmake_prefix_path')
[0.779s] INFO:colcon.colcon_core.shell:Creating environment hook '/home/anurag/griffin/install/turtlebot3_simulations/share/turtlebot3_simulations/hook/cmake_prefix_path.ps1'
[0.779s] INFO:colcon.colcon_core.shell:Creating environment descriptor '/home/anurag/griffin/install/turtlebot3_simulations/share/turtlebot3_simulations/hook/cmake_prefix_path.dsv'
[0.779s] INFO:colcon.colcon_core.shell:Creating environment hook '/home/anurag/griffin/install/turtlebot3_simulations/share/turtlebot3_simulations/hook/cmake_prefix_path.sh'
[0.780s] Level 1:colcon.colcon_core.environment:checking '/home/anurag/griffin/install/turtlebot3_simulations/bin'
[0.780s] Level 1:colcon.colcon_core.environment:checking '/home/anurag/griffin/install/turtlebot3_simulations/lib/pkgconfig/turtlebot3_simulations.pc'
[0.780s] Level 1:colcon.colcon_core.environment:checking '/home/anurag/griffin/install/turtlebot3_simulations/lib/python3.10/site-packages'
[0.780s] Level 1:colcon.colcon_core.environment:checking '/home/anurag/griffin/install/turtlebot3_simulations/bin'
[0.780s] INFO:colcon.colcon_core.shell:Creating package script '/home/anurag/griffin/install/turtlebot3_simulations/share/turtlebot3_simulations/package.ps1'
[0.781s] INFO:colcon.colcon_core.shell:Creating package descriptor '/home/anurag/griffin/install/turtlebot3_simulations/share/turtlebot3_simulations/package.dsv'
[0.781s] INFO:colcon.colcon_core.shell:Creating package script '/home/anurag/griffin/install/turtlebot3_simulations/share/turtlebot3_simulations/package.sh'
[0.781s] INFO:colcon.colcon_core.shell:Creating package script '/home/anurag/griffin/install/turtlebot3_simulations/share/turtlebot3_simulations/package.bash'
[0.781s] INFO:colcon.colcon_core.shell:Creating package script '/home/anurag/griffin/install/turtlebot3_simulations/share/turtlebot3_simulations/package.zsh'
[0.782s] Level 1:colcon.colcon_core.environment:create_file_with_runtime_dependencies(/home/anurag/griffin/install/turtlebot3_simulations/share/colcon-core/packages/turtlebot3_simulations)
[0.782s] Level 1:colcon.colcon_core.environment:create_environment_scripts_only(turtlebot3_simulations)
[0.782s] Level 1:colcon.colcon_core.environment:checking '/home/anurag/griffin/install/turtlebot3_simulations' for CMake module files
[0.782s] Level 1:colcon.colcon_core.environment:checking '/home/anurag/griffin/install/turtlebot3_simulations' for CMake config files
[0.783s] Level 1:colcon.colcon_core.shell:create_environment_hook('turtlebot3_simulations', 'cmake_prefix_path')
[0.783s] INFO:colcon.colcon_core.shell:Creating environment hook '/home/anurag/griffin/install/turtlebot3_simulations/share/turtlebot3_simulations/hook/cmake_prefix_path.ps1'
[0.783s] INFO:colcon.colcon_core.shell:Creating environment descriptor '/home/anurag/griffin/install/turtlebot3_simulations/share/turtlebot3_simulations/hook/cmake_prefix_path.dsv'
[0.783s] INFO:colcon.colcon_core.shell:Creating environment hook '/home/anurag/griffin/install/turtlebot3_simulations/share/turtlebot3_simulations/hook/cmake_prefix_path.sh'
[0.784s] Level 1:colcon.colcon_core.environment:checking '/home/anurag/griffin/install/turtlebot3_simulations/bin'
[0.784s] Level 1:colcon.colcon_core.environment:checking '/home/anurag/griffin/install/turtlebot3_simulations/lib/pkgconfig/turtlebot3_simulations.pc'
[0.784s] Level 1:colcon.colcon_core.environment:checking '/home/anurag/griffin/install/turtlebot3_simulations/lib/python3.10/site-packages'
[0.784s] Level 1:colcon.colcon_core.environment:checking '/home/anurag/griffin/install/turtlebot3_simulations/bin'
[0.784s] INFO:colcon.colcon_core.shell:Creating package script '/home/anurag/griffin/install/turtlebot3_simulations/share/turtlebot3_simulations/package.ps1'
[0.785s] INFO:colcon.colcon_core.shell:Creating package descriptor '/home/anurag/griffin/install/turtlebot3_simulations/share/turtlebot3_simulations/package.dsv'
[0.785s] INFO:colcon.colcon_core.shell:Creating package script '/home/anurag/griffin/install/turtlebot3_simulations/share/turtlebot3_simulations/package.sh'
[0.785s] INFO:colcon.colcon_core.shell:Creating package script '/home/anurag/griffin/install/turtlebot3_simulations/share/turtlebot3_simulations/package.bash'
[0.785s] INFO:colcon.colcon_core.shell:Creating package script '/home/anurag/griffin/install/turtlebot3_simulations/share/turtlebot3_simulations/package.zsh'
[0.786s] Level 1:colcon.colcon_core.environment:create_file_with_runtime_dependencies(/home/anurag/griffin/install/turtlebot3_simulations/share/colcon-core/packages/turtlebot3_simulations)
[0.952s] DEBUG:colcon.colcon_core.event_handler.log_command:Invoking command in '/home/anurag/griffin/src/semantic_navigation': PYTHONPATH=/home/anurag/griffin/build/semantic_navigation/prefix_override:/usr/lib/python3/dist-packages/colcon_core/task/python/colcon_distutils_commands:/home/anurag/griffin/install/semantic_navigation/lib/python3.10/site-packages:${PYTHONPATH} /usr/bin/python3 -W ignore:setup.py install is deprecated -W ignore:easy_install command is deprecated setup.py egg_info --egg-base ../../build/semantic_navigation build --build-base /home/anurag/griffin/build/semantic_navigation/build install --record /home/anurag/griffin/build/semantic_navigation/install.log --single-version-externally-managed install_data
[0.963s] DEBUG:colcon.colcon_core.event_handler.log_command:Invoking command in '/home/anurag/griffin/src/semantic_perception': PYTHONPATH=/home/anurag/griffin/build/semantic_perception/prefix_override:/usr/lib/python3/dist-packages/colcon_core/task/python/colcon_distutils_commands:/home/anurag/griffin/install/semantic_perception/lib/python3.10/site-packages:${PYTHONPATH} /usr/bin/python3 -W ignore:setup.py install is deprecated -W ignore:easy_install command is deprecated setup.py egg_info --egg-base ../../build/semantic_perception build --build-base /home/anurag/griffin/build/semantic_perception/build install --record /home/anurag/griffin/build/semantic_perception/install.log --single-version-externally-managed install_data
[1.161s] Level 1:colcon.colcon_core.environment:checking '/home/anurag/griffin/install/semantic_navigation' for CMake module files
[1.162s] DEBUG:colcon.colcon_core.event_handler.log_command:Invoked command in '/home/anurag/griffin/src/semantic_navigation' returned '0': PYTHONPATH=/home/anurag/griffin/build/semantic_navigation/prefix_override:/usr/lib/python3/dist-packages/colcon_core/task/python/colcon_distutils_commands:/home/anurag/griffin/install/semantic_navigation/lib/python3.10/site-packages:${PYTHONPATH} /usr/bin/python3 -W ignore:setup.py install is deprecated -W ignore:easy_install command is deprecated setup.py egg_info --egg-base ../../build/semantic_navigation build --build-base /home/anurag/griffin/build/semantic_navigation/build install --record /home/anurag/griffin/build/semantic_navigation/install.log --single-version-externally-managed install_data
[1.162s] Level 1:colcon.colcon_core.environment:checking '/home/anurag/griffin/install/semantic_navigation' for CMake config files
[1.163s] Level 1:colcon.colcon_core.environment:checking '/home/anurag/griffin/install/semantic_navigation/lib'
[1.163s] Level 1:colcon.colcon_core.environment:checking '/home/anurag/griffin/install/semantic_navigation/bin'
[1.163s] Level 1:colcon.colcon_core.environment:checking '/home/anurag/griffin/install/semantic_navigation/lib/pkgconfig/semantic_navigation.pc'
[1.163s] Level 1:colcon.colcon_core.environment:checking '/home/anurag/griffin/install/semantic_navigation/lib/python3.10/site-packages'
[1.163s] Level 1:colcon.colcon_core.shell:create_environment_hook('semantic_navigation', 'pythonpath')
[1.163s] INFO:colcon.colcon_core.shell:Creating environment hook '/home/anurag/griffin/install/semantic_navigation/share/semantic_navigation/hook/pythonpath.ps1'
[1.164s] INFO:colcon.colcon_core.shell:Creating environment descriptor '/home/anurag/griffin/install/semantic_navigation/share/semantic_navigation/hook/pythonpath.dsv'
[1.165s] INFO:colcon.colcon_core.shell:Creating environment hook '/home/anurag/griffin/install/semantic_navigation/share/semantic_navigation/hook/pythonpath.sh'
[1.165s] Level 1:colcon.colcon_core.environment:checking '/home/anurag/griffin/install/semantic_navigation/bin'
[1.165s] Level 1:colcon.colcon_core.environment:create_environment_scripts_only(semantic_navigation)
[1.166s] INFO:colcon.colcon_core.shell:Creating package script '/home/anurag/griffin/install/semantic_navigation/share/semantic_navigation/package.ps1'
[1.166s] INFO:colcon.colcon_core.shell:Creating package descriptor '/home/anurag/griffin/install/semantic_navigation/share/semantic_navigation/package.dsv'
[1.167s] INFO:colcon.colcon_core.shell:Creating package script '/home/anurag/griffin/install/semantic_navigation/share/semantic_navigation/package.sh'
[1.167s] INFO:colcon.colcon_core.shell:Creating package script '/home/anurag/griffin/install/semantic_navigation/share/semantic_navigation/package.bash'
[1.168s] INFO:colcon.colcon_core.shell:Creating package script '/home/anurag/griffin/install/semantic_navigation/share/semantic_navigation/package.zsh'
[1.168s] Level 1:colcon.colcon_core.environment:create_file_with_runtime_dependencies(/home/anurag/griffin/install/semantic_navigation/share/colcon-core/packages/semantic_navigation)
[1.179s] Level 1:colcon.colcon_core.environment:checking '/home/anurag/griffin/install/semantic_perception' for CMake module files
[1.179s] DEBUG:colcon.colcon_core.event_handler.log_command:Invoked command in '/home/anurag/griffin/src/semantic_perception' returned '0': PYTHONPATH=/home/anurag/griffin/build/semantic_perception/prefix_override:/usr/lib/python3/dist-packages/colcon_core/task/python/colcon_distutils_commands:/home/anurag/griffin/install/semantic_perception/lib/python3.10/site-packages:${PYTHONPATH} /usr/bin/python3 -W ignore:setup.py install is deprecated -W ignore:easy_install command is deprecated setup.py egg_info --egg-base ../../build/semantic_perception build --build-base /home/anurag/griffin/build/semantic_perception/build install --record /home/anurag/griffin/build/semantic_perception/install.log --single-version-externally-managed install_data
[1.179s] Level 1:colcon.colcon_core.environment:checking '/home/anurag/griffin/install/semantic_perception' for CMake config files
[1.179s] Level 1:colcon.colcon_core.environment:checking '/home/anurag/griffin/install/semantic_perception/lib'
[1.179s] Level 1:colcon.colcon_core.environment:checking '/home/anurag/griffin/install/semantic_perception/bin'
[1.179s] Level 1:colcon.colcon_core.environment:checking '/home/anurag/griffin/install/semantic_perception/lib/pkgconfig/semantic_perception.pc'
[1.180s] Level 1:colcon.colcon_core.environment:checking '/home/anurag/griffin/install/semantic_perception/lib/python3.10/site-packages'
[1.180s] Level 1:colcon.colcon_core.shell:create_environment_hook('semantic_perception', 'pythonpath')
[1.180s] INFO:colcon.colcon_core.shell:Creating environment hook '/home/anurag/griffin/install/semantic_perception/share/semantic_perception/hook/pythonpath.ps1'
[1.180s] INFO:colcon.colcon_core.shell:Creating environment descriptor '/home/anurag/griffin/install/semantic_perception/share/semantic_perception/hook/pythonpath.dsv'
[1.180s] INFO:colcon.colcon_core.shell:Creating environment hook '/home/anurag/griffin/install/semantic_perception/share/semantic_perception/hook/pythonpath.sh'
[1.181s] Level 1:colcon.colcon_core.environment:checking '/home/anurag/griffin/install/semantic_perception/bin'
[1.181s] Level 1:colcon.colcon_core.environment:create_environment_scripts_only(semantic_perception)
[1.181s] INFO:colcon.colcon_core.shell:Creating package script '/home/anurag/griffin/install/semantic_perception/share/semantic_perception/package.ps1'
[1.181s] INFO:colcon.colcon_core.shell:Creating package descriptor '/home/anurag/griffin/install/semantic_perception/share/semantic_perception/package.dsv'
[1.182s] INFO:colcon.colcon_core.shell:Creating package script '/home/anurag/griffin/install/semantic_perception/share/semantic_perception/package.sh'
[1.182s] INFO:colcon.colcon_core.shell:Creating package script '/home/anurag/griffin/install/semantic_perception/share/semantic_perception/package.bash'
[1.182s] INFO:colcon.colcon_core.shell:Creating package script '/home/anurag/griffin/install/semantic_perception/share/semantic_perception/package.zsh'
[1.182s] Level 1:colcon.colcon_core.environment:create_file_with_runtime_dependencies(/home/anurag/griffin/install/semantic_perception/share/colcon-core/packages/semantic_perception)
[1.182s] DEBUG:colcon.colcon_parallel_executor.executor.parallel:closing loop
[1.182s] DEBUG:colcon.colcon_parallel_executor.executor.parallel:loop closed
[1.183s] DEBUG:colcon.colcon_parallel_executor.executor.parallel:run_until_complete finished with '0'
[1.183s] DEBUG:colcon.colcon_core.event_reactor:joining thread
[1.186s] INFO:colcon.colcon_core.plugin_system:Skipping extension 'colcon_notification.desktop_notification.terminal_notifier': Not used on non-Darwin systems
[1.186s] INFO:colcon.colcon_core.plugin_system:Skipping extension 'colcon_notification.desktop_notification.win32': Not used on non-Windows systems
[1.186s] INFO:colcon.colcon_notification.desktop_notification:Sending desktop notification using 'notify2'
[1.194s] DEBUG:colcon.colcon_core.event_reactor:joined thread
[1.194s] INFO:colcon.colcon_core.shell:Creating prefix script '/home/anurag/griffin/install/local_setup.ps1'
[1.195s] INFO:colcon.colcon_core.shell:Creating prefix util module '/home/anurag/griffin/install/_local_setup_util_ps1.py'
[1.196s] INFO:colcon.colcon_core.shell:Creating prefix chain script '/home/anurag/griffin/install/setup.ps1'
[1.197s] INFO:colcon.colcon_core.shell:Creating prefix script '/home/anurag/griffin/install/local_setup.sh'
[1.197s] INFO:colcon.colcon_core.shell:Creating prefix util module '/home/anurag/griffin/install/_local_setup_util_sh.py'
[1.197s] INFO:colcon.colcon_core.shell:Creating prefix chain script '/home/anurag/griffin/install/setup.sh'
[1.198s] INFO:colcon.colcon_core.shell:Creating prefix script '/home/anurag/griffin/install/local_setup.bash'
[1.198s] INFO:colcon.colcon_core.shell:Creating prefix chain script '/home/anurag/griffin/install/setup.bash'
[1.199s] INFO:colcon.colcon_core.shell:Creating prefix script '/home/anurag/griffin/install/local_setup.zsh'
[1.199s] INFO:colcon.colcon_core.shell:Creating prefix chain script '/home/anurag/griffin/install/setup.zsh'
