[0.007s] Invoking command in '/home/anurag/griffin/build/turtlebot3_simulations': CMAKE_PREFIX_PATH=/home/anurag/griffin/install/turtlebot3_gazebo:/home/anurag/griffin/install/turtlebot3_simulations:/home/anurag/griffin/install/nav2_rrtstar_planner:/home/anurag/griffin/install/explore_lite:/home/anurag/griffin/install/semantic_navigation:/home/anurag/griffin/install/vlm_perception_pkg:/home/anurag/griffin/install/vlm_nav_pkg:/opt/ros/humble /usr/bin/cmake /home/anurag/griffin/src/turtlebot3_simulations/turtlebot3_simulations -DCMAKE_INSTALL_PREFIX=/home/anurag/griffin/install/turtlebot3_simulations
[0.056s] -- The C compiler identification is GNU 11.4.0
[0.101s] -- The CXX compiler identification is GNU 11.4.0
[0.107s] -- Detecting C compiler ABI info
[0.164s] -- Detecting C compiler ABI info - done
[0.168s] -- Check for working C compiler: /usr/bin/cc - skipped
[0.168s] -- Detecting C compile features
[0.168s] -- Detecting C compile features - done
[0.170s] -- Detecting CXX compiler ABI info
[0.230s] -- Detecting CXX compiler ABI info - done
[0.234s] -- Check for working CXX compiler: /usr/bin/c++ - skipped
[0.234s] -- Detecting CXX compile features
[0.235s] -- Detecting CXX compile features - done
[0.236s] -- Found ament_cmake: 1.3.12 (/opt/ros/humble/share/ament_cmake/cmake)
[0.355s] -- Found Python3: /usr/bin/python3 (found version "3.10.12") found components: Interpreter 
[0.454s] -- Configuring done
[0.455s] -- Generating done
[0.456s] -- Build files have been written to: /home/anurag/griffin/build/turtlebot3_simulations
[0.461s] Invoked command in '/home/anurag/griffin/build/turtlebot3_simulations' returned '0': CMAKE_PREFIX_PATH=/home/anurag/griffin/install/turtlebot3_gazebo:/home/anurag/griffin/install/turtlebot3_simulations:/home/anurag/griffin/install/nav2_rrtstar_planner:/home/anurag/griffin/install/explore_lite:/home/anurag/griffin/install/semantic_navigation:/home/anurag/griffin/install/vlm_perception_pkg:/home/anurag/griffin/install/vlm_nav_pkg:/opt/ros/humble /usr/bin/cmake /home/anurag/griffin/src/turtlebot3_simulations/turtlebot3_simulations -DCMAKE_INSTALL_PREFIX=/home/anurag/griffin/install/turtlebot3_simulations
[0.461s] Invoking command in '/home/anurag/griffin/build/turtlebot3_simulations': CMAKE_PREFIX_PATH=/home/anurag/griffin/install/turtlebot3_gazebo:/home/anurag/griffin/install/turtlebot3_simulations:/home/anurag/griffin/install/nav2_rrtstar_planner:/home/anurag/griffin/install/explore_lite:/home/anurag/griffin/install/semantic_navigation:/home/anurag/griffin/install/vlm_perception_pkg:/home/anurag/griffin/install/vlm_nav_pkg:/opt/ros/humble /usr/bin/cmake --build /home/anurag/griffin/build/turtlebot3_simulations -- -j24 -l24
[0.490s] Invoked command in '/home/anurag/griffin/build/turtlebot3_simulations' returned '0': CMAKE_PREFIX_PATH=/home/anurag/griffin/install/turtlebot3_gazebo:/home/anurag/griffin/install/turtlebot3_simulations:/home/anurag/griffin/install/nav2_rrtstar_planner:/home/anurag/griffin/install/explore_lite:/home/anurag/griffin/install/semantic_navigation:/home/anurag/griffin/install/vlm_perception_pkg:/home/anurag/griffin/install/vlm_nav_pkg:/opt/ros/humble /usr/bin/cmake --build /home/anurag/griffin/build/turtlebot3_simulations -- -j24 -l24
[0.491s] Invoking command in '/home/anurag/griffin/build/turtlebot3_simulations': CMAKE_PREFIX_PATH=/home/anurag/griffin/install/turtlebot3_gazebo:/home/anurag/griffin/install/turtlebot3_simulations:/home/anurag/griffin/install/nav2_rrtstar_planner:/home/anurag/griffin/install/explore_lite:/home/anurag/griffin/install/semantic_navigation:/home/anurag/griffin/install/vlm_perception_pkg:/home/anurag/griffin/install/vlm_nav_pkg:/opt/ros/humble /usr/bin/cmake --install /home/anurag/griffin/build/turtlebot3_simulations
[0.499s] -- Install configuration: ""
[0.499s] -- Installing: /home/anurag/griffin/install/turtlebot3_simulations/share/ament_index/resource_index/package_run_dependencies/turtlebot3_simulations
[0.499s] -- Installing: /home/anurag/griffin/install/turtlebot3_simulations/share/ament_index/resource_index/parent_prefix_path/turtlebot3_simulations
[0.499s] -- Installing: /home/anurag/griffin/install/turtlebot3_simulations/share/turtlebot3_simulations/environment/ament_prefix_path.sh
[0.500s] -- Installing: /home/anurag/griffin/install/turtlebot3_simulations/share/turtlebot3_simulations/environment/ament_prefix_path.dsv
[0.500s] -- Installing: /home/anurag/griffin/install/turtlebot3_simulations/share/turtlebot3_simulations/environment/path.sh
[0.500s] -- Installing: /home/anurag/griffin/install/turtlebot3_simulations/share/turtlebot3_simulations/environment/path.dsv
[0.500s] -- Installing: /home/anurag/griffin/install/turtlebot3_simulations/share/turtlebot3_simulations/local_setup.bash
[0.500s] -- Installing: /home/anurag/griffin/install/turtlebot3_simulations/share/turtlebot3_simulations/local_setup.sh
[0.500s] -- Installing: /home/anurag/griffin/install/turtlebot3_simulations/share/turtlebot3_simulations/local_setup.zsh
[0.500s] -- Installing: /home/anurag/griffin/install/turtlebot3_simulations/share/turtlebot3_simulations/local_setup.dsv
[0.501s] -- Installing: /home/anurag/griffin/install/turtlebot3_simulations/share/turtlebot3_simulations/package.dsv
[0.501s] -- Installing: /home/anurag/griffin/install/turtlebot3_simulations/share/ament_index/resource_index/packages/turtlebot3_simulations
[0.501s] -- Installing: /home/anurag/griffin/install/turtlebot3_simulations/share/turtlebot3_simulations/cmake/turtlebot3_simulationsConfig.cmake
[0.501s] -- Installing: /home/anurag/griffin/install/turtlebot3_simulations/share/turtlebot3_simulations/cmake/turtlebot3_simulationsConfig-version.cmake
[0.501s] -- Installing: /home/anurag/griffin/install/turtlebot3_simulations/share/turtlebot3_simulations/package.xml
[0.504s] Invoked command in '/home/anurag/griffin/build/turtlebot3_simulations' returned '0': CMAKE_PREFIX_PATH=/home/anurag/griffin/install/turtlebot3_gazebo:/home/anurag/griffin/install/turtlebot3_simulations:/home/anurag/griffin/install/nav2_rrtstar_planner:/home/anurag/griffin/install/explore_lite:/home/anurag/griffin/install/semantic_navigation:/home/anurag/griffin/install/vlm_perception_pkg:/home/anurag/griffin/install/vlm_nav_pkg:/opt/ros/humble /usr/bin/cmake --install /home/anurag/griffin/build/turtlebot3_simulations
