[0.014s] Invoking command in '/home/anurag/griffin/build/nav2_rrtstar_planner': CMAKE_PREFIX_PATH=${CMAKE_PREFIX_PATH}:/home/anurag/griffin/install/semantic_navigation:/home/anurag/griffin/install/vlm_perception_pkg:/home/anurag/griffin/install/vlm_nav_pkg:/opt/ros/humble /usr/bin/cmake /home/anurag/griffin/src/TurtleBot-RRT-Star -DCMAKE_INSTALL_PREFIX=/home/anurag/griffin/install/nav2_rrtstar_planner
[0.187s] -- The C compiler identification is GNU 11.4.0
[0.187s] -- The CXX compiler identification is GNU 11.4.0
[0.187s] -- Detecting C compiler ABI info
[0.187s] -- Detecting C compiler ABI info - done
[0.187s] -- Check for working C compiler: /usr/bin/cc - skipped
[0.187s] -- Detecting C compile features
[0.187s] -- Detecting C compile features - done
[0.188s] -- Detecting CXX compiler ABI info
[0.220s] -- Detecting CXX compiler ABI info - done
[0.226s] -- Check for working CXX compiler: /usr/bin/c++ - skipped
[0.226s] -- Detecting CXX compile features
[0.226s] -- Detecting CXX compile features - done
[0.228s] -- Found ament_cmake: 1.3.12 (/opt/ros/humble/share/ament_cmake/cmake)
[0.377s] -- Found Python3: /usr/bin/python3 (found version "3.10.12") found components: Interpreter 
[0.448s] -- Found rclcpp: 16.0.14 (/opt/ros/humble/share/rclcpp/cmake)
[0.481s] -- Found rosidl_generator_c: 3.1.7 (/opt/ros/humble/share/rosidl_generator_c/cmake)
[0.485s] -- Found rosidl_adapter: 3.1.7 (/opt/ros/humble/share/rosidl_adapter/cmake)
[0.494s] -- Found rosidl_generator_cpp: 3.1.7 (/opt/ros/humble/share/rosidl_generator_cpp/cmake)
[0.510s] -- Using all available rosidl_typesupport_c: rosidl_typesupport_fastrtps_c;rosidl_typesupport_introspection_c
[0.524s] -- Using all available rosidl_typesupport_cpp: rosidl_typesupport_fastrtps_cpp;rosidl_typesupport_introspection_cpp
[0.571s] -- Found rmw_implementation_cmake: 6.1.2 (/opt/ros/humble/share/rmw_implementation_cmake/cmake)
[0.575s] -- Found rmw_cyclonedds_cpp: 1.3.4 (/opt/ros/humble/share/rmw_cyclonedds_cpp/cmake)
[0.594s] -- Using RMW implementation 'rmw_cyclonedds_cpp' as default
[0.601s] -- Looking for pthread.h
[0.666s] -- Looking for pthread.h - found
[0.666s] -- Performing Test CMAKE_HAVE_LIBC_PTHREAD
[0.727s] -- Performing Test CMAKE_HAVE_LIBC_PTHREAD - Success
[0.728s] -- Found Threads: TRUE  
[0.770s] -- Found rclcpp_action: 16.0.14 (/opt/ros/humble/share/rclcpp_action/cmake)
[0.798s] -- Found rclcpp_lifecycle: 16.0.14 (/opt/ros/humble/share/rclcpp_lifecycle/cmake)
[0.812s] -- Found visualization_msgs: 4.9.0 (/opt/ros/humble/share/visualization_msgs/cmake)
[0.858s] -- Found nav2_util: 1.1.18 (/opt/ros/humble/share/nav2_util/cmake)
[0.976s] -- Found eigen3_cmake_module: 0.1.1 (/opt/ros/humble/share/eigen3_cmake_module/cmake)
[0.977s] -- Found Eigen3: TRUE (found version "3.4.0") 
[0.978s] -- Ensuring Eigen3 include directory is part of orocos-kdl CMake target
[1.003s] -- Found nav2_costmap_2d: 1.1.18 (/opt/ros/humble/share/nav2_costmap_2d/cmake)
[1.064s] -- Found nav2_core: 1.1.18 (/opt/ros/humble/share/nav2_core/cmake)
[1.168s] -- Found ament_lint_auto: 0.12.14 (/opt/ros/humble/share/ament_lint_auto/cmake)
[1.228s] -- Added test 'copyright' to check source files copyright and LICENSE
[1.229s] -- Added test 'cppcheck' to perform static code analysis on C / C++ code
[1.229s] -- Configured cppcheck include dirs: /home/anurag/griffin/src/TurtleBot-RRT-Star/include
[1.229s] -- Configured cppcheck exclude dirs and/or files: 
[1.230s] -- Added test 'cpplint' to check C / C++ code against the Google style
[1.230s] -- Configured cpplint exclude dirs and/or files: 
[1.230s] -- Added test 'lint_cmake' to check CMake code style
[1.231s] -- Added test 'uncrustify' to check C / C++ code style
[1.231s] -- Configured uncrustify additional arguments: 
[1.231s] -- Added test 'xmllint' to check XML markup files
[1.233s] -- Configuring done
[1.267s] -- Generating done
[1.273s] -- Build files have been written to: /home/anurag/griffin/build/nav2_rrtstar_planner
[1.282s] Invoked command in '/home/anurag/griffin/build/nav2_rrtstar_planner' returned '0': CMAKE_PREFIX_PATH=${CMAKE_PREFIX_PATH}:/home/anurag/griffin/install/semantic_navigation:/home/anurag/griffin/install/vlm_perception_pkg:/home/anurag/griffin/install/vlm_nav_pkg:/opt/ros/humble /usr/bin/cmake /home/anurag/griffin/src/TurtleBot-RRT-Star -DCMAKE_INSTALL_PREFIX=/home/anurag/griffin/install/nav2_rrtstar_planner
[1.283s] Invoking command in '/home/anurag/griffin/build/nav2_rrtstar_planner': CMAKE_PREFIX_PATH=${CMAKE_PREFIX_PATH}:/home/anurag/griffin/install/semantic_navigation:/home/anurag/griffin/install/vlm_perception_pkg:/home/anurag/griffin/install/vlm_nav_pkg:/opt/ros/humble /usr/bin/cmake --build /home/anurag/griffin/build/nav2_rrtstar_planner -- -j24 -l24
[1.329s] [ 50%] [32mBuilding CXX object CMakeFiles/nav2_rrtstar_planner_plugin.dir/src/rrtstar_planner.cpp.o[0m
[5.641s] [100%] [32m[1mLinking CXX shared library libnav2_rrtstar_planner_plugin.so[0m
[5.922s] [100%] Built target nav2_rrtstar_planner_plugin
[5.935s] Invoked command in '/home/anurag/griffin/build/nav2_rrtstar_planner' returned '0': CMAKE_PREFIX_PATH=${CMAKE_PREFIX_PATH}:/home/anurag/griffin/install/semantic_navigation:/home/anurag/griffin/install/vlm_perception_pkg:/home/anurag/griffin/install/vlm_nav_pkg:/opt/ros/humble /usr/bin/cmake --build /home/anurag/griffin/build/nav2_rrtstar_planner -- -j24 -l24
[5.946s] Invoking command in '/home/anurag/griffin/build/nav2_rrtstar_planner': CMAKE_PREFIX_PATH=${CMAKE_PREFIX_PATH}:/home/anurag/griffin/install/semantic_navigation:/home/anurag/griffin/install/vlm_perception_pkg:/home/anurag/griffin/install/vlm_nav_pkg:/opt/ros/humble /usr/bin/cmake --install /home/anurag/griffin/build/nav2_rrtstar_planner
[5.952s] -- Install configuration: ""
[5.952s] -- Installing: /home/anurag/griffin/install/nav2_rrtstar_planner/share/nav2_rrtstar_planner/global_planner_plugin.xml
[5.952s] -- Installing: /home/anurag/griffin/install/nav2_rrtstar_planner/lib/libnav2_rrtstar_planner_plugin.so
[5.953s] -- Set runtime path of "/home/anurag/griffin/install/nav2_rrtstar_planner/lib/libnav2_rrtstar_planner_plugin.so" to ""
[5.953s] -- Installing: /home/anurag/griffin/install/nav2_rrtstar_planner/include/
[5.953s] -- Installing: /home/anurag/griffin/install/nav2_rrtstar_planner/include//nav2_rrtstar_planner
[5.953s] -- Installing: /home/anurag/griffin/install/nav2_rrtstar_planner/include//nav2_rrtstar_planner/rrtstar_planner.hpp
[5.953s] -- Up-to-date: /home/anurag/griffin/install/nav2_rrtstar_planner/share/nav2_rrtstar_planner/global_planner_plugin.xml
[5.953s] -- Installing: /home/anurag/griffin/install/nav2_rrtstar_planner/share/nav2_rrtstar_planner/environment/library_path.sh
[5.954s] -- Installing: /home/anurag/griffin/install/nav2_rrtstar_planner/share/nav2_rrtstar_planner/environment/library_path.dsv
[5.954s] -- Installing: /home/anurag/griffin/install/nav2_rrtstar_planner/share/ament_index/resource_index/package_run_dependencies/nav2_rrtstar_planner
[5.954s] -- Installing: /home/anurag/griffin/install/nav2_rrtstar_planner/share/ament_index/resource_index/parent_prefix_path/nav2_rrtstar_planner
[5.954s] -- Installing: /home/anurag/griffin/install/nav2_rrtstar_planner/share/nav2_rrtstar_planner/environment/ament_prefix_path.sh
[5.954s] -- Installing: /home/anurag/griffin/install/nav2_rrtstar_planner/share/nav2_rrtstar_planner/environment/ament_prefix_path.dsv
[5.954s] -- Installing: /home/anurag/griffin/install/nav2_rrtstar_planner/share/nav2_rrtstar_planner/environment/path.sh
[5.955s] -- Installing: /home/anurag/griffin/install/nav2_rrtstar_planner/share/nav2_rrtstar_planner/environment/path.dsv
[5.955s] -- Installing: /home/anurag/griffin/install/nav2_rrtstar_planner/share/nav2_rrtstar_planner/local_setup.bash
[5.955s] -- Installing: /home/anurag/griffin/install/nav2_rrtstar_planner/share/nav2_rrtstar_planner/local_setup.sh
[5.955s] -- Installing: /home/anurag/griffin/install/nav2_rrtstar_planner/share/nav2_rrtstar_planner/local_setup.zsh
[5.955s] -- Installing: /home/anurag/griffin/install/nav2_rrtstar_planner/share/nav2_rrtstar_planner/local_setup.dsv
[5.955s] -- Installing: /home/anurag/griffin/install/nav2_rrtstar_planner/share/nav2_rrtstar_planner/package.dsv
[5.955s] -- Installing: /home/anurag/griffin/install/nav2_rrtstar_planner/share/ament_index/resource_index/packages/nav2_rrtstar_planner
[5.955s] -- Installing: /home/anurag/griffin/install/nav2_rrtstar_planner/share/ament_index/resource_index/nav2_core__pluginlib__plugin/nav2_rrtstar_planner
[5.955s] -- Installing: /home/anurag/griffin/install/nav2_rrtstar_planner/share/nav2_rrtstar_planner/cmake/ament_cmake_export_include_directories-extras.cmake
[5.955s] -- Installing: /home/anurag/griffin/install/nav2_rrtstar_planner/share/nav2_rrtstar_planner/cmake/ament_cmake_export_libraries-extras.cmake
[5.955s] -- Installing: /home/anurag/griffin/install/nav2_rrtstar_planner/share/nav2_rrtstar_planner/cmake/ament_cmake_export_dependencies-extras.cmake
[5.956s] -- Installing: /home/anurag/griffin/install/nav2_rrtstar_planner/share/nav2_rrtstar_planner/cmake/nav2_rrtstar_plannerConfig.cmake
[5.956s] -- Installing: /home/anurag/griffin/install/nav2_rrtstar_planner/share/nav2_rrtstar_planner/cmake/nav2_rrtstar_plannerConfig-version.cmake
[5.956s] -- Installing: /home/anurag/griffin/install/nav2_rrtstar_planner/share/nav2_rrtstar_planner/package.xml
[5.958s] Invoked command in '/home/anurag/griffin/build/nav2_rrtstar_planner' returned '0': CMAKE_PREFIX_PATH=${CMAKE_PREFIX_PATH}:/home/anurag/griffin/install/semantic_navigation:/home/anurag/griffin/install/vlm_perception_pkg:/home/anurag/griffin/install/vlm_nav_pkg:/opt/ros/humble /usr/bin/cmake --install /home/anurag/griffin/build/nav2_rrtstar_planner
