[0.016s] Invoking command in '/home/anurag/griffin/build/explore_lite': CMAKE_PREFIX_PATH=${CMAKE_PREFIX_PATH}:/home/anurag/griffin/install/semantic_perception:/home/anurag/griffin/install/semantic_navigation:/home/anurag/griffin/install/vlm_perception_pkg:/home/anurag/griffin/install/vlm_nav_pkg:/opt/ros/humble /usr/bin/cmake --build /home/anurag/griffin/build/explore_lite -- -j24 -l24
[0.215s] [35m[1mConsolidate compiler generated dependencies of target gtest_main[0m
[0.215s] [35m[1mConsolidate compiler generated dependencies of target gtest[0m
[0.215s] [35m[1mConsolidate compiler generated dependencies of target explore[0m
[0.215s] [ 20%] Built target gtest_main
[0.215s] [ 40%] Built target gtest
[0.215s] [35m[1mConsolidate compiler generated dependencies of target test_explore[0m
[0.215s] [ 60%] Built target test_explore
[0.215s] [100%] Built target explore
[0.403s] Invoked command in '/home/anurag/griffin/build/explore_lite' returned '0': CMAKE_PREFIX_PATH=${CMAKE_PREFIX_PATH}:/home/anurag/griffin/install/semantic_perception:/home/anurag/griffin/install/semantic_navigation:/home/anurag/griffin/install/vlm_perception_pkg:/home/anurag/griffin/install/vlm_nav_pkg:/opt/ros/humble /usr/bin/cmake --build /home/anurag/griffin/build/explore_lite -- -j24 -l24
[0.404s] Invoking command in '/home/anurag/griffin/build/explore_lite': CMAKE_PREFIX_PATH=${CMAKE_PREFIX_PATH}:/home/anurag/griffin/install/semantic_perception:/home/anurag/griffin/install/semantic_navigation:/home/anurag/griffin/install/vlm_perception_pkg:/home/anurag/griffin/install/vlm_nav_pkg:/opt/ros/humble /usr/bin/cmake --install /home/anurag/griffin/build/explore_lite
[0.412s] -- Install configuration: ""
[0.412s] -- Up-to-date: /home/anurag/griffin/install/explore_lite/include/explore/
[0.412s] -- Up-to-date: /home/anurag/griffin/install/explore_lite/include/explore//frontier_search.h
[0.413s] -- Up-to-date: /home/anurag/griffin/install/explore_lite/include/explore//costmap_tools.h
[0.413s] -- Up-to-date: /home/anurag/griffin/install/explore_lite/include/explore//explore.h
[0.413s] -- Up-to-date: /home/anurag/griffin/install/explore_lite/include/explore//costmap_client.h
[0.413s] -- Up-to-date: /home/anurag/griffin/install/explore_lite/share/explore_lite/config
[0.413s] -- Installing: /home/anurag/griffin/install/explore_lite/share/explore_lite/config/params.yaml
[0.413s] -- Up-to-date: /home/anurag/griffin/install/explore_lite/share/explore_lite/config/params_costmap.yaml
[0.413s] -- Up-to-date: /home/anurag/griffin/install/explore_lite/share/explore_lite/launch
[0.413s] -- Up-to-date: /home/anurag/griffin/install/explore_lite/share/explore_lite/launch/explore.launch.py
[0.414s] -- Up-to-date: /home/anurag/griffin/install/explore_lite/lib/explore_lite/explore
[0.414s] -- Up-to-date: /home/anurag/griffin/install/explore_lite/share/ament_index/resource_index/package_run_dependencies/explore_lite
[0.414s] -- Up-to-date: /home/anurag/griffin/install/explore_lite/share/ament_index/resource_index/parent_prefix_path/explore_lite
[0.414s] -- Up-to-date: /home/anurag/griffin/install/explore_lite/share/explore_lite/environment/ament_prefix_path.sh
[0.414s] -- Up-to-date: /home/anurag/griffin/install/explore_lite/share/explore_lite/environment/ament_prefix_path.dsv
[0.414s] -- Up-to-date: /home/anurag/griffin/install/explore_lite/share/explore_lite/environment/path.sh
[0.414s] -- Up-to-date: /home/anurag/griffin/install/explore_lite/share/explore_lite/environment/path.dsv
[0.414s] -- Up-to-date: /home/anurag/griffin/install/explore_lite/share/explore_lite/local_setup.bash
[0.414s] -- Up-to-date: /home/anurag/griffin/install/explore_lite/share/explore_lite/local_setup.sh
[0.414s] -- Up-to-date: /home/anurag/griffin/install/explore_lite/share/explore_lite/local_setup.zsh
[0.414s] -- Up-to-date: /home/anurag/griffin/install/explore_lite/share/explore_lite/local_setup.dsv
[0.414s] -- Installing: /home/anurag/griffin/install/explore_lite/share/explore_lite/package.dsv
[0.414s] -- Up-to-date: /home/anurag/griffin/install/explore_lite/share/ament_index/resource_index/packages/explore_lite
[0.414s] -- Up-to-date: /home/anurag/griffin/install/explore_lite/share/explore_lite/cmake/ament_cmake_export_include_directories-extras.cmake
[0.414s] -- Up-to-date: /home/anurag/griffin/install/explore_lite/share/explore_lite/cmake/explore_liteConfig.cmake
[0.414s] -- Up-to-date: /home/anurag/griffin/install/explore_lite/share/explore_lite/cmake/explore_liteConfig-version.cmake
[0.414s] -- Up-to-date: /home/anurag/griffin/install/explore_lite/share/explore_lite/package.xml
[0.445s] Invoked command in '/home/anurag/griffin/build/explore_lite' returned '0': CMAKE_PREFIX_PATH=${CMAKE_PREFIX_PATH}:/home/anurag/griffin/install/semantic_perception:/home/anurag/griffin/install/semantic_navigation:/home/anurag/griffin/install/vlm_perception_pkg:/home/anurag/griffin/install/vlm_nav_pkg:/opt/ros/humble /usr/bin/cmake --install /home/anurag/griffin/build/explore_lite
