[35m[1mConsolidate compiler generated dependencies of target turtlebot3_drive[0m
[35m[1mConsolidate compiler generated dependencies of target traffic_light_plugin[0m
[35m[1mConsolidate compiler generated dependencies of target obstacle1[0m
[35m[1mConsolidate compiler generated dependencies of target obstacles[0m
[35m[1mConsolidate compiler generated dependencies of target obstacle2[0m
[35m[1mConsolidate compiler generated dependencies of target traffic_bar_plugin[0m
[ 16%] Built target turtlebot3_drive
[ 33%] Built target traffic_light_plugin
[ 50%] Built target obstacle2
[ 66%] Built target obstacle1
[ 83%] Built target obstacles
[100%] Built target traffic_bar_plugin
-- Install configuration: ""
-- Up-to-date: /home/anurag/griffin/install/turtlebot3_gazebo/lib/turtlebot3_gazebo/turtlebot3_drive
-- Up-to-date: /home/anurag/griffin/install/turtlebot3_gazebo/share/turtlebot3_gazebo//launch
-- Up-to-date: /home/anurag/griffin/install/turtlebot3_gazebo/share/turtlebot3_gazebo//launch/spawn_turtlebot3.launch.py
-- Up-to-date: /home/anurag/griffin/install/turtlebot3_gazebo/share/turtlebot3_gazebo//launch/turtlebot3_world.launch.py
-- Up-to-date: /home/anurag/griffin/install/turtlebot3_gazebo/share/turtlebot3_gazebo//launch/turtlebot3_dqn_stage3.launch.py
-- Up-to-date: /home/anurag/griffin/install/turtlebot3_gazebo/share/turtlebot3_gazebo//launch/multi_spawn_turtlebot3.launch.py
-- Up-to-date: /home/anurag/griffin/install/turtlebot3_gazebo/share/turtlebot3_gazebo//launch/turtlebot3_dqn_stage1.launch.py
-- Up-to-date: /home/anurag/griffin/install/turtlebot3_gazebo/share/turtlebot3_gazebo//launch/turtlebot3_dqn_stage4.launch.py
-- Up-to-date: /home/anurag/griffin/install/turtlebot3_gazebo/share/turtlebot3_gazebo//launch/robot_state_publisher.launch.py
-- Up-to-date: /home/anurag/griffin/install/turtlebot3_gazebo/share/turtlebot3_gazebo//launch/turtlebot3_dqn_stage2.launch.py
-- Up-to-date: /home/anurag/griffin/install/turtlebot3_gazebo/share/turtlebot3_gazebo//launch/turtlebot3_autorace_2020.launch.py
-- Up-to-date: /home/anurag/griffin/install/turtlebot3_gazebo/share/turtlebot3_gazebo//launch/turtlebot3_house.launch.py
-- Up-to-date: /home/anurag/griffin/install/turtlebot3_gazebo/share/turtlebot3_gazebo//launch/turtlebot3_office.launch.py
-- Up-to-date: /home/anurag/griffin/install/turtlebot3_gazebo/share/turtlebot3_gazebo//launch/multi_robot.launch.py
-- Up-to-date: /home/anurag/griffin/install/turtlebot3_gazebo/share/turtlebot3_gazebo//launch/empty_world.launch.py
-- Up-to-date: /home/anurag/griffin/install/turtlebot3_gazebo/share/turtlebot3_gazebo//models
-- Up-to-date: /home/anurag/griffin/install/turtlebot3_gazebo/share/turtlebot3_gazebo//models/turtlebot3_dqn_world
-- Up-to-date: /home/anurag/griffin/install/turtlebot3_gazebo/share/turtlebot3_gazebo//models/turtlebot3_dqn_world/goal_box
-- Up-to-date: /home/anurag/griffin/install/turtlebot3_gazebo/share/turtlebot3_gazebo//models/turtlebot3_dqn_world/goal_box/model.config
-- Up-to-date: /home/anurag/griffin/install/turtlebot3_gazebo/share/turtlebot3_gazebo//models/turtlebot3_dqn_world/goal_box/model.sdf
-- Up-to-date: /home/anurag/griffin/install/turtlebot3_gazebo/share/turtlebot3_gazebo//models/turtlebot3_dqn_world/inner_walls
-- Up-to-date: /home/anurag/griffin/install/turtlebot3_gazebo/share/turtlebot3_gazebo//models/turtlebot3_dqn_world/inner_walls/model.config
-- Up-to-date: /home/anurag/griffin/install/turtlebot3_gazebo/share/turtlebot3_gazebo//models/turtlebot3_dqn_world/inner_walls/model.sdf
-- Up-to-date: /home/anurag/griffin/install/turtlebot3_gazebo/share/turtlebot3_gazebo//models/turtlebot3_dqn_world/model.config
-- Up-to-date: /home/anurag/griffin/install/turtlebot3_gazebo/share/turtlebot3_gazebo//models/turtlebot3_dqn_world/obstacles
-- Up-to-date: /home/anurag/griffin/install/turtlebot3_gazebo/share/turtlebot3_gazebo//models/turtlebot3_dqn_world/obstacles/model.config
-- Up-to-date: /home/anurag/griffin/install/turtlebot3_gazebo/share/turtlebot3_gazebo//models/turtlebot3_dqn_world/obstacles/model.sdf
-- Up-to-date: /home/anurag/griffin/install/turtlebot3_gazebo/share/turtlebot3_gazebo//models/turtlebot3_dqn_world/obstacle1
-- Up-to-date: /home/anurag/griffin/install/turtlebot3_gazebo/share/turtlebot3_gazebo//models/turtlebot3_dqn_world/obstacle1/model.config
-- Up-to-date: /home/anurag/griffin/install/turtlebot3_gazebo/share/turtlebot3_gazebo//models/turtlebot3_dqn_world/obstacle1/model.sdf
-- Up-to-date: /home/anurag/griffin/install/turtlebot3_gazebo/share/turtlebot3_gazebo//models/turtlebot3_dqn_world/obstacle2
-- Up-to-date: /home/anurag/griffin/install/turtlebot3_gazebo/share/turtlebot3_gazebo//models/turtlebot3_dqn_world/obstacle2/model.config
-- Up-to-date: /home/anurag/griffin/install/turtlebot3_gazebo/share/turtlebot3_gazebo//models/turtlebot3_dqn_world/obstacle2/model.sdf
-- Up-to-date: /home/anurag/griffin/install/turtlebot3_gazebo/share/turtlebot3_gazebo//models/turtlebot3_dqn_world/model.sdf
-- Up-to-date: /home/anurag/griffin/install/turtlebot3_gazebo/share/turtlebot3_gazebo//models/turtlebot3_waffle
-- Up-to-date: /home/anurag/griffin/install/turtlebot3_gazebo/share/turtlebot3_gazebo//models/turtlebot3_waffle/model.config
-- Up-to-date: /home/anurag/griffin/install/turtlebot3_gazebo/share/turtlebot3_gazebo//models/turtlebot3_waffle/model.sdf
-- Up-to-date: /home/anurag/griffin/install/turtlebot3_gazebo/share/turtlebot3_gazebo//models/turtlebot3_waffle/model-1_4.sdf
-- Up-to-date: /home/anurag/griffin/install/turtlebot3_gazebo/share/turtlebot3_gazebo//models/turtlebot3_office
-- Up-to-date: /home/anurag/griffin/install/turtlebot3_gazebo/share/turtlebot3_gazebo//models/turtlebot3_office/elegant_female
-- Up-to-date: /home/anurag/griffin/install/turtlebot3_gazebo/share/turtlebot3_gazebo//models/turtlebot3_office/elegant_female/meshes
-- Up-to-date: /home/anurag/griffin/install/turtlebot3_gazebo/share/turtlebot3_gazebo//models/turtlebot3_office/elegant_female/meshes/elegant_female.dae
-- Up-to-date: /home/anurag/griffin/install/turtlebot3_gazebo/share/turtlebot3_gazebo//models/turtlebot3_office/elegant_female/meshes/elegant_female.png
-- Up-to-date: /home/anurag/griffin/install/turtlebot3_gazebo/share/turtlebot3_gazebo//models/turtlebot3_office/elegant_female/materials
-- Up-to-date: /home/anurag/griffin/install/turtlebot3_gazebo/share/turtlebot3_gazebo//models/turtlebot3_office/elegant_female/materials/textures
-- Up-to-date: /home/anurag/griffin/install/turtlebot3_gazebo/share/turtlebot3_gazebo//models/turtlebot3_office/elegant_female/materials/textures/eyebrow002.png
-- Up-to-date: /home/anurag/griffin/install/turtlebot3_gazebo/share/turtlebot3_gazebo//models/turtlebot3_office/elegant_female/materials/textures/eyelashes01.png
-- Up-to-date: /home/anurag/griffin/install/turtlebot3_gazebo/share/turtlebot3_gazebo//models/turtlebot3_office/elegant_female/materials/textures/shoes03_diffuse.png
-- Up-to-date: /home/anurag/griffin/install/turtlebot3_gazebo/share/turtlebot3_gazebo//models/turtlebot3_office/elegant_female/materials/textures/male_elegantsuit01_diffuse.png
-- Up-to-date: /home/anurag/griffin/install/turtlebot3_gazebo/share/turtlebot3_gazebo//models/turtlebot3_office/elegant_female/materials/textures/ponytail01_diffuse.png
-- Up-to-date: /home/anurag/griffin/install/turtlebot3_gazebo/share/turtlebot3_gazebo//models/turtlebot3_office/elegant_female/materials/textures/brown_eye.png
-- Up-to-date: /home/anurag/griffin/install/turtlebot3_gazebo/share/turtlebot3_gazebo//models/turtlebot3_office/elegant_female/materials/textures/young_lightskinned_female_diffuse2.png
-- Up-to-date: /home/anurag/griffin/install/turtlebot3_gazebo/share/turtlebot3_gazebo//models/turtlebot3_office/elegant_female/model.config
-- Up-to-date: /home/anurag/griffin/install/turtlebot3_gazebo/share/turtlebot3_gazebo//models/turtlebot3_office/elegant_female/model.sdf
-- Up-to-date: /home/anurag/griffin/install/turtlebot3_gazebo/share/turtlebot3_gazebo//models/turtlebot3_office/WaterDispenser
-- Up-to-date: /home/anurag/griffin/install/turtlebot3_gazebo/share/turtlebot3_gazebo//models/turtlebot3_office/WaterDispenser/meshes
-- Up-to-date: /home/anurag/griffin/install/turtlebot3_gazebo/share/turtlebot3_gazebo//models/turtlebot3_office/WaterDispenser/meshes/water_dispenser.dae
-- Up-to-date: /home/anurag/griffin/install/turtlebot3_gazebo/share/turtlebot3_gazebo//models/turtlebot3_office/WaterDispenser/model.config
-- Up-to-date: /home/anurag/griffin/install/turtlebot3_gazebo/share/turtlebot3_gazebo//models/turtlebot3_office/WaterDispenser/model.sdf
-- Up-to-date: /home/anurag/griffin/install/turtlebot3_gazebo/share/turtlebot3_gazebo//models/turtlebot3_office/labtop_mac_2
-- Up-to-date: /home/anurag/griffin/install/turtlebot3_gazebo/share/turtlebot3_gazebo//models/turtlebot3_office/labtop_mac_2/meshes
-- Up-to-date: /home/anurag/griffin/install/turtlebot3_gazebo/share/turtlebot3_gazebo//models/turtlebot3_office/labtop_mac_2/meshes/body.dae
-- Up-to-date: /home/anurag/griffin/install/turtlebot3_gazebo/share/turtlebot3_gazebo//models/turtlebot3_office/labtop_mac_2/meshes/keys.dae
-- Up-to-date: /home/anurag/griffin/install/turtlebot3_gazebo/share/turtlebot3_gazebo//models/turtlebot3_office/labtop_mac_2/meshes/labtop.dae
-- Up-to-date: /home/anurag/griffin/install/turtlebot3_gazebo/share/turtlebot3_gazebo//models/turtlebot3_office/labtop_mac_2/meshes/screen.dae
-- Up-to-date: /home/anurag/griffin/install/turtlebot3_gazebo/share/turtlebot3_gazebo//models/turtlebot3_office/labtop_mac_2/materials
-- Up-to-date: /home/anurag/griffin/install/turtlebot3_gazebo/share/turtlebot3_gazebo//models/turtlebot3_office/labtop_mac_2/materials/scripts
-- Up-to-date: /home/anurag/griffin/install/turtlebot3_gazebo/share/turtlebot3_gazebo//models/turtlebot3_office/labtop_mac_2/materials/scripts/labtop_screen_2.material
-- Up-to-date: /home/anurag/griffin/install/turtlebot3_gazebo/share/turtlebot3_gazebo//models/turtlebot3_office/labtop_mac_2/materials/textures
-- Up-to-date: /home/anurag/griffin/install/turtlebot3_gazebo/share/turtlebot3_gazebo//models/turtlebot3_office/labtop_mac_2/materials/textures/labtop_screen2.jpg
-- Up-to-date: /home/anurag/griffin/install/turtlebot3_gazebo/share/turtlebot3_gazebo//models/turtlebot3_office/labtop_mac_2/model.config
-- Up-to-date: /home/anurag/griffin/install/turtlebot3_gazebo/share/turtlebot3_gazebo//models/turtlebot3_office/labtop_mac_2/model.sdf
-- Up-to-date: /home/anurag/griffin/install/turtlebot3_gazebo/share/turtlebot3_gazebo//models/turtlebot3_office/bowl
-- Up-to-date: /home/anurag/griffin/install/turtlebot3_gazebo/share/turtlebot3_gazebo//models/turtlebot3_office/bowl/meshes
-- Up-to-date: /home/anurag/griffin/install/turtlebot3_gazebo/share/turtlebot3_gazebo//models/turtlebot3_office/bowl/meshes/bowl.dae
-- Up-to-date: /home/anurag/griffin/install/turtlebot3_gazebo/share/turtlebot3_gazebo//models/turtlebot3_office/bowl/model.config
-- Up-to-date: /home/anurag/griffin/install/turtlebot3_gazebo/share/turtlebot3_gazebo//models/turtlebot3_office/bowl/model.sdf
-- Up-to-date: /home/anurag/griffin/install/turtlebot3_gazebo/share/turtlebot3_gazebo//models/turtlebot3_office/bowl/model-1_2.sdf
-- Up-to-date: /home/anurag/griffin/install/turtlebot3_gazebo/share/turtlebot3_gazebo//models/turtlebot3_office/bowl/model-1_4.sdf
-- Up-to-date: /home/anurag/griffin/install/turtlebot3_gazebo/share/turtlebot3_gazebo//models/turtlebot3_office/bowl/model-1_3.sdf
-- Up-to-date: /home/anurag/griffin/install/turtlebot3_gazebo/share/turtlebot3_gazebo//models/turtlebot3_office/file_1
-- Up-to-date: /home/anurag/griffin/install/turtlebot3_gazebo/share/turtlebot3_gazebo//models/turtlebot3_office/file_1/meshes
-- Up-to-date: /home/anurag/griffin/install/turtlebot3_gazebo/share/turtlebot3_gazebo//models/turtlebot3_office/file_1/meshes/model.dae
-- Up-to-date: /home/anurag/griffin/install/turtlebot3_gazebo/share/turtlebot3_gazebo//models/turtlebot3_office/file_1/meshes/body.dae
-- Up-to-date: /home/anurag/griffin/install/turtlebot3_gazebo/share/turtlebot3_gazebo//models/turtlebot3_office/file_1/meshes/tag.dae
-- Up-to-date: /home/anurag/griffin/install/turtlebot3_gazebo/share/turtlebot3_gazebo//models/turtlebot3_office/file_1/meshes/ring.dae
-- Up-to-date: /home/anurag/griffin/install/turtlebot3_gazebo/share/turtlebot3_gazebo//models/turtlebot3_office/file_1/model.config
-- Up-to-date: /home/anurag/griffin/install/turtlebot3_gazebo/share/turtlebot3_gazebo//models/turtlebot3_office/file_1/model.sdf
-- Up-to-date: /home/anurag/griffin/install/turtlebot3_gazebo/share/turtlebot3_gazebo//models/turtlebot3_office/office_lamp
-- Up-to-date: /home/anurag/griffin/install/turtlebot3_gazebo/share/turtlebot3_gazebo//models/turtlebot3_office/office_lamp/meshes
-- Up-to-date: /home/anurag/griffin/install/turtlebot3_gazebo/share/turtlebot3_gazebo//models/turtlebot3_office/office_lamp/meshes/office_lamp.dae
-- Up-to-date: /home/anurag/griffin/install/turtlebot3_gazebo/share/turtlebot3_gazebo//models/turtlebot3_office/office_lamp/materials
-- Up-to-date: /home/anurag/griffin/install/turtlebot3_gazebo/share/turtlebot3_gazebo//models/turtlebot3_office/office_lamp/materials/textures
-- Up-to-date: /home/anurag/griffin/install/turtlebot3_gazebo/share/turtlebot3_gazebo//models/turtlebot3_office/office_lamp/materials/textures/office_lamp_diffuse.png
-- Up-to-date: /home/anurag/griffin/install/turtlebot3_gazebo/share/turtlebot3_gazebo//models/turtlebot3_office/office_lamp/materials/textures/office_lamp_specular.png
-- Up-to-date: /home/anurag/griffin/install/turtlebot3_gazebo/share/turtlebot3_gazebo//models/turtlebot3_office/office_lamp/materials/textures/office_lamp_illumination.png
-- Up-to-date: /home/anurag/griffin/install/turtlebot3_gazebo/share/turtlebot3_gazebo//models/turtlebot3_office/office_lamp/model.config
-- Up-to-date: /home/anurag/griffin/install/turtlebot3_gazebo/share/turtlebot3_gazebo//models/turtlebot3_office/office_lamp/model.sdf
-- Up-to-date: /home/anurag/griffin/install/turtlebot3_gazebo/share/turtlebot3_gazebo//models/turtlebot3_office/side_table_1
-- Up-to-date: /home/anurag/griffin/install/turtlebot3_gazebo/share/turtlebot3_gazebo//models/turtlebot3_office/side_table_1/meshes
-- Up-to-date: /home/anurag/griffin/install/turtlebot3_gazebo/share/turtlebot3_gazebo//models/turtlebot3_office/side_table_1/meshes/legs.dae
-- Up-to-date: /home/anurag/griffin/install/turtlebot3_gazebo/share/turtlebot3_gazebo//models/turtlebot3_office/side_table_1/meshes/side_table_1.dae
-- Up-to-date: /home/anurag/griffin/install/turtlebot3_gazebo/share/turtlebot3_gazebo//models/turtlebot3_office/side_table_1/meshes/middle.dae
-- Up-to-date: /home/anurag/griffin/install/turtlebot3_gazebo/share/turtlebot3_gazebo//models/turtlebot3_office/side_table_1/meshes/leg.dae
-- Up-to-date: /home/anurag/griffin/install/turtlebot3_gazebo/share/turtlebot3_gazebo//models/turtlebot3_office/side_table_1/materials
-- Up-to-date: /home/anurag/griffin/install/turtlebot3_gazebo/share/turtlebot3_gazebo//models/turtlebot3_office/side_table_1/materials/scripts
-- Up-to-date: /home/anurag/griffin/install/turtlebot3_gazebo/share/turtlebot3_gazebo//models/turtlebot3_office/side_table_1/materials/scripts/side_table_1.material
-- Up-to-date: /home/anurag/griffin/install/turtlebot3_gazebo/share/turtlebot3_gazebo//models/turtlebot3_office/side_table_1/materials/textures
-- Up-to-date: /home/anurag/griffin/install/turtlebot3_gazebo/share/turtlebot3_gazebo//models/turtlebot3_office/side_table_1/materials/textures/brown_light.jpg
-- Up-to-date: /home/anurag/griffin/install/turtlebot3_gazebo/share/turtlebot3_gazebo//models/turtlebot3_office/side_table_1/model.config
-- Up-to-date: /home/anurag/griffin/install/turtlebot3_gazebo/share/turtlebot3_gazebo//models/turtlebot3_office/side_table_1/model.sdf
-- Up-to-date: /home/anurag/griffin/install/turtlebot3_gazebo/share/turtlebot3_gazebo//models/turtlebot3_office/bookshelf_large
-- Up-to-date: /home/anurag/griffin/install/turtlebot3_gazebo/share/turtlebot3_gazebo//models/turtlebot3_office/bookshelf_large/meshes
-- Up-to-date: /home/anurag/griffin/install/turtlebot3_gazebo/share/turtlebot3_gazebo//models/turtlebot3_office/bookshelf_large/meshes/model.dae
-- Up-to-date: /home/anurag/griffin/install/turtlebot3_gazebo/share/turtlebot3_gazebo//models/turtlebot3_office/bookshelf_large/meshes/glass.dae
-- Up-to-date: /home/anurag/griffin/install/turtlebot3_gazebo/share/turtlebot3_gazebo//models/turtlebot3_office/bookshelf_large/meshes/frame.dae
-- Up-to-date: /home/anurag/griffin/install/turtlebot3_gazebo/share/turtlebot3_gazebo//models/turtlebot3_office/bookshelf_large/materials
-- Up-to-date: /home/anurag/griffin/install/turtlebot3_gazebo/share/turtlebot3_gazebo//models/turtlebot3_office/bookshelf_large/materials/scripts
-- Up-to-date: /home/anurag/griffin/install/turtlebot3_gazebo/share/turtlebot3_gazebo//models/turtlebot3_office/bookshelf_large/materials/scripts/bookshelf.material
-- Up-to-date: /home/anurag/griffin/install/turtlebot3_gazebo/share/turtlebot3_gazebo//models/turtlebot3_office/bookshelf_large/materials/textures
-- Up-to-date: /home/anurag/griffin/install/turtlebot3_gazebo/share/turtlebot3_gazebo//models/turtlebot3_office/bookshelf_large/materials/textures/wood_dark_4.jpg
-- Up-to-date: /home/anurag/griffin/install/turtlebot3_gazebo/share/turtlebot3_gazebo//models/turtlebot3_office/bookshelf_large/model.config
-- Up-to-date: /home/anurag/griffin/install/turtlebot3_gazebo/share/turtlebot3_gazebo//models/turtlebot3_office/bookshelf_large/model.sdf
-- Up-to-date: /home/anurag/griffin/install/turtlebot3_gazebo/share/turtlebot3_gazebo//models/turtlebot3_office/refrigerator
-- Up-to-date: /home/anurag/griffin/install/turtlebot3_gazebo/share/turtlebot3_gazebo//models/turtlebot3_office/refrigerator/meshes
-- Up-to-date: /home/anurag/griffin/install/turtlebot3_gazebo/share/turtlebot3_gazebo//models/turtlebot3_office/refrigerator/meshes/refrigerator.obj
-- Up-to-date: /home/anurag/griffin/install/turtlebot3_gazebo/share/turtlebot3_gazebo//models/turtlebot3_office/refrigerator/meshes/refrigerator.mtl
-- Up-to-date: /home/anurag/griffin/install/turtlebot3_gazebo/share/turtlebot3_gazebo//models/turtlebot3_office/refrigerator/materials
-- Up-to-date: /home/anurag/griffin/install/turtlebot3_gazebo/share/turtlebot3_gazebo//models/turtlebot3_office/refrigerator/materials/textures
-- Up-to-date: /home/anurag/griffin/install/turtlebot3_gazebo/share/turtlebot3_gazebo//models/turtlebot3_office/refrigerator/materials/textures/refrigerator.png
-- Up-to-date: /home/anurag/griffin/install/turtlebot3_gazebo/share/turtlebot3_gazebo//models/turtlebot3_office/refrigerator/model.config
-- Up-to-date: /home/anurag/griffin/install/turtlebot3_gazebo/share/turtlebot3_gazebo//models/turtlebot3_office/refrigerator/model.sdf
-- Up-to-date: /home/anurag/griffin/install/turtlebot3_gazebo/share/turtlebot3_gazebo//models/turtlebot3_office/ground_plane
-- Up-to-date: /home/anurag/griffin/install/turtlebot3_gazebo/share/turtlebot3_gazebo//models/turtlebot3_office/ground_plane/model.config
-- Up-to-date: /home/anurag/griffin/install/turtlebot3_gazebo/share/turtlebot3_gazebo//models/turtlebot3_office/ground_plane/model.sdf
-- Up-to-date: /home/anurag/griffin/install/turtlebot3_gazebo/share/turtlebot3_gazebo//models/turtlebot3_office/ground_plane/model-1_2.sdf
-- Up-to-date: /home/anurag/griffin/install/turtlebot3_gazebo/share/turtlebot3_gazebo//models/turtlebot3_office/ground_plane/model-1_4.sdf
-- Up-to-date: /home/anurag/griffin/install/turtlebot3_gazebo/share/turtlebot3_gazebo//models/turtlebot3_office/ground_plane/model-1_3.sdf
-- Up-to-date: /home/anurag/griffin/install/turtlebot3_gazebo/share/turtlebot3_gazebo//models/turtlebot3_office/book_10
-- Up-to-date: /home/anurag/griffin/install/turtlebot3_gazebo/share/turtlebot3_gazebo//models/turtlebot3_office/book_10/materials
-- Up-to-date: /home/anurag/griffin/install/turtlebot3_gazebo/share/turtlebot3_gazebo//models/turtlebot3_office/book_10/materials/scripts
-- Up-to-date: /home/anurag/griffin/install/turtlebot3_gazebo/share/turtlebot3_gazebo//models/turtlebot3_office/book_10/materials/scripts/book_10.material
-- Up-to-date: /home/anurag/griffin/install/turtlebot3_gazebo/share/turtlebot3_gazebo//models/turtlebot3_office/book_10/materials/textures
-- Up-to-date: /home/anurag/griffin/install/turtlebot3_gazebo/share/turtlebot3_gazebo//models/turtlebot3_office/book_10/materials/textures/cover10.jpg
-- Up-to-date: /home/anurag/griffin/install/turtlebot3_gazebo/share/turtlebot3_gazebo//models/turtlebot3_office/book_10/model.config
-- Up-to-date: /home/anurag/griffin/install/turtlebot3_gazebo/share/turtlebot3_gazebo//models/turtlebot3_office/book_10/model.sdf
-- Up-to-date: /home/anurag/griffin/install/turtlebot3_gazebo/share/turtlebot3_gazebo//models/turtlebot3_office/office_couch
-- Up-to-date: /home/anurag/griffin/install/turtlebot3_gazebo/share/turtlebot3_gazebo//models/turtlebot3_office/office_couch/meshes
-- Up-to-date: /home/anurag/griffin/install/turtlebot3_gazebo/share/turtlebot3_gazebo//models/turtlebot3_office/office_couch/meshes/office_couch.dae
-- Up-to-date: /home/anurag/griffin/install/turtlebot3_gazebo/share/turtlebot3_gazebo//models/turtlebot3_office/office_couch/materials
-- Up-to-date: /home/anurag/griffin/install/turtlebot3_gazebo/share/turtlebot3_gazebo//models/turtlebot3_office/office_couch/materials/textures
-- Up-to-date: /home/anurag/griffin/install/turtlebot3_gazebo/share/turtlebot3_gazebo//models/turtlebot3_office/office_couch/materials/textures/office_couch_specular.png
-- Up-to-date: /home/anurag/griffin/install/turtlebot3_gazebo/share/turtlebot3_gazebo//models/turtlebot3_office/office_couch/materials/textures/office_couch_diffuse.png
-- Up-to-date: /home/anurag/griffin/install/turtlebot3_gazebo/share/turtlebot3_gazebo//models/turtlebot3_office/office_couch/model.config
-- Up-to-date: /home/anurag/griffin/install/turtlebot3_gazebo/share/turtlebot3_gazebo//models/turtlebot3_office/office_couch/model.sdf
-- Up-to-date: /home/anurag/griffin/install/turtlebot3_gazebo/share/turtlebot3_gazebo//models/turtlebot3_office/donut_frost_1
-- Up-to-date: /home/anurag/griffin/install/turtlebot3_gazebo/share/turtlebot3_gazebo//models/turtlebot3_office/donut_frost_1/meshes
-- Up-to-date: /home/anurag/griffin/install/turtlebot3_gazebo/share/turtlebot3_gazebo//models/turtlebot3_office/donut_frost_1/meshes/donut2_dust.dae
-- Up-to-date: /home/anurag/griffin/install/turtlebot3_gazebo/share/turtlebot3_gazebo//models/turtlebot3_office/donut_frost_1/meshes/donut2.dae
-- Up-to-date: /home/anurag/griffin/install/turtlebot3_gazebo/share/turtlebot3_gazebo//models/turtlebot3_office/donut_frost_1/meshes/donut2_frost.dae
-- Up-to-date: /home/anurag/griffin/install/turtlebot3_gazebo/share/turtlebot3_gazebo//models/turtlebot3_office/donut_frost_1/meshes/donut2_bread.dae
-- Up-to-date: /home/anurag/griffin/install/turtlebot3_gazebo/share/turtlebot3_gazebo//models/turtlebot3_office/donut_frost_1/model.config
-- Up-to-date: /home/anurag/griffin/install/turtlebot3_gazebo/share/turtlebot3_gazebo//models/turtlebot3_office/donut_frost_1/model.sdf
-- Up-to-date: /home/anurag/griffin/install/turtlebot3_gazebo/share/turtlebot3_gazebo//models/turtlebot3_office/toilet
-- Up-to-date: /home/anurag/griffin/install/turtlebot3_gazebo/share/turtlebot3_gazebo//models/turtlebot3_office/toilet/meshes
-- Up-to-date: /home/anurag/griffin/install/turtlebot3_gazebo/share/turtlebot3_gazebo//models/turtlebot3_office/toilet/meshes/toilet.dae
-- Up-to-date: /home/anurag/griffin/install/turtlebot3_gazebo/share/turtlebot3_gazebo//models/turtlebot3_office/toilet/materials
-- Up-to-date: /home/anurag/griffin/install/turtlebot3_gazebo/share/turtlebot3_gazebo//models/turtlebot3_office/toilet/materials/textures
-- Up-to-date: /home/anurag/griffin/install/turtlebot3_gazebo/share/turtlebot3_gazebo//models/turtlebot3_office/toilet/materials/textures/toilet_diffuse_specular.png
-- Up-to-date: /home/anurag/griffin/install/turtlebot3_gazebo/share/turtlebot3_gazebo//models/turtlebot3_office/toilet/model.config
-- Up-to-date: /home/anurag/griffin/install/turtlebot3_gazebo/share/turtlebot3_gazebo//models/turtlebot3_office/toilet/model.sdf
-- Up-to-date: /home/anurag/griffin/install/turtlebot3_gazebo/share/turtlebot3_gazebo//models/turtlebot3_office/office_chair
-- Up-to-date: /home/anurag/griffin/install/turtlebot3_gazebo/share/turtlebot3_gazebo//models/turtlebot3_office/office_chair/meshes
-- Up-to-date: /home/anurag/griffin/install/turtlebot3_gazebo/share/turtlebot3_gazebo//models/turtlebot3_office/office_chair/meshes/chair_cushion.dae
-- Up-to-date: /home/anurag/griffin/install/turtlebot3_gazebo/share/turtlebot3_gazebo//models/turtlebot3_office/office_chair/meshes/chair_wheels.dae
-- Up-to-date: /home/anurag/griffin/install/turtlebot3_gazebo/share/turtlebot3_gazebo//models/turtlebot3_office/office_chair/meshes/office_chair.dae
-- Up-to-date: /home/anurag/griffin/install/turtlebot3_gazebo/share/turtlebot3_gazebo//models/turtlebot3_office/office_chair/meshes/chair_base.dae
-- Up-to-date: /home/anurag/griffin/install/turtlebot3_gazebo/share/turtlebot3_gazebo//models/turtlebot3_office/office_chair/materials
-- Up-to-date: /home/anurag/griffin/install/turtlebot3_gazebo/share/turtlebot3_gazebo//models/turtlebot3_office/office_chair/materials/textures
-- Up-to-date: /home/anurag/griffin/install/turtlebot3_gazebo/share/turtlebot3_gazebo//models/turtlebot3_office/office_chair/materials/textures/office_chair_diffuse.png
-- Up-to-date: /home/anurag/griffin/install/turtlebot3_gazebo/share/turtlebot3_gazebo//models/turtlebot3_office/office_chair/materials/textures/office_chair_specular.png
-- Up-to-date: /home/anurag/griffin/install/turtlebot3_gazebo/share/turtlebot3_gazebo//models/turtlebot3_office/office_chair/model.config
-- Up-to-date: /home/anurag/griffin/install/turtlebot3_gazebo/share/turtlebot3_gazebo//models/turtlebot3_office/office_chair/model.sdf
-- Up-to-date: /home/anurag/griffin/install/turtlebot3_gazebo/share/turtlebot3_gazebo//models/turtlebot3_office/office_desk
-- Up-to-date: /home/anurag/griffin/install/turtlebot3_gazebo/share/turtlebot3_gazebo//models/turtlebot3_office/office_desk/meshes
-- Up-to-date: /home/anurag/griffin/install/turtlebot3_gazebo/share/turtlebot3_gazebo//models/turtlebot3_office/office_desk/meshes/office_desk.dae
-- Up-to-date: /home/anurag/griffin/install/turtlebot3_gazebo/share/turtlebot3_gazebo//models/turtlebot3_office/office_desk/materials
-- Up-to-date: /home/anurag/griffin/install/turtlebot3_gazebo/share/turtlebot3_gazebo//models/turtlebot3_office/office_desk/materials/textures
-- Up-to-date: /home/anurag/griffin/install/turtlebot3_gazebo/share/turtlebot3_gazebo//models/turtlebot3_office/office_desk/materials/textures/office_desk_specular.png
-- Up-to-date: /home/anurag/griffin/install/turtlebot3_gazebo/share/turtlebot3_gazebo//models/turtlebot3_office/office_desk/materials/textures/office_desk_diffuse.png
-- Up-to-date: /home/anurag/griffin/install/turtlebot3_gazebo/share/turtlebot3_gazebo//models/turtlebot3_office/office_desk/model.config
-- Up-to-date: /home/anurag/griffin/install/turtlebot3_gazebo/share/turtlebot3_gazebo//models/turtlebot3_office/office_desk/model.sdf
-- Up-to-date: /home/anurag/griffin/install/turtlebot3_gazebo/share/turtlebot3_gazebo//models/turtlebot3_office/book_2
-- Up-to-date: /home/anurag/griffin/install/turtlebot3_gazebo/share/turtlebot3_gazebo//models/turtlebot3_office/book_2/materials
-- Up-to-date: /home/anurag/griffin/install/turtlebot3_gazebo/share/turtlebot3_gazebo//models/turtlebot3_office/book_2/materials/scripts
-- Up-to-date: /home/anurag/griffin/install/turtlebot3_gazebo/share/turtlebot3_gazebo//models/turtlebot3_office/book_2/materials/scripts/book_2.material
-- Up-to-date: /home/anurag/griffin/install/turtlebot3_gazebo/share/turtlebot3_gazebo//models/turtlebot3_office/book_2/materials/textures
-- Up-to-date: /home/anurag/griffin/install/turtlebot3_gazebo/share/turtlebot3_gazebo//models/turtlebot3_office/book_2/materials/textures/cover2.jpg
-- Up-to-date: /home/anurag/griffin/install/turtlebot3_gazebo/share/turtlebot3_gazebo//models/turtlebot3_office/book_2/model.config
-- Up-to-date: /home/anurag/griffin/install/turtlebot3_gazebo/share/turtlebot3_gazebo//models/turtlebot3_office/book_2/model.sdf
-- Up-to-date: /home/anurag/griffin/install/turtlebot3_gazebo/share/turtlebot3_gazebo//models/turtlebot3_office/coca_cola
-- Up-to-date: /home/anurag/griffin/install/turtlebot3_gazebo/share/turtlebot3_gazebo//models/turtlebot3_office/coca_cola/meshes
-- Up-to-date: /home/anurag/griffin/install/turtlebot3_gazebo/share/turtlebot3_gazebo//models/turtlebot3_office/coca_cola/meshes/coke.dae
-- Up-to-date: /home/anurag/griffin/install/turtlebot3_gazebo/share/turtlebot3_gazebo//models/turtlebot3_office/coca_cola/meshes/aluminum.jpg
-- Up-to-date: /home/anurag/griffin/install/turtlebot3_gazebo/share/turtlebot3_gazebo//models/turtlebot3_office/coca_cola/meshes/can_ring_pull_end_centre.png
-- Up-to-date: /home/anurag/griffin/install/turtlebot3_gazebo/share/turtlebot3_gazebo//models/turtlebot3_office/coca_cola/meshes/coke_uv_map.jpg
-- Up-to-date: /home/anurag/griffin/install/turtlebot3_gazebo/share/turtlebot3_gazebo//models/turtlebot3_office/coca_cola/materials
-- Up-to-date: /home/anurag/griffin/install/turtlebot3_gazebo/share/turtlebot3_gazebo//models/turtlebot3_office/coca_cola/materials/scripts
-- Up-to-date: /home/anurag/griffin/install/turtlebot3_gazebo/share/turtlebot3_gazebo//models/turtlebot3_office/coca_cola/materials/scripts/coke.material
-- Up-to-date: /home/anurag/griffin/install/turtlebot3_gazebo/share/turtlebot3_gazebo//models/turtlebot3_office/coca_cola/materials/textures
-- Up-to-date: /home/anurag/griffin/install/turtlebot3_gazebo/share/turtlebot3_gazebo//models/turtlebot3_office/coca_cola/materials/textures/cokecan.jpg
-- Up-to-date: /home/anurag/griffin/install/turtlebot3_gazebo/share/turtlebot3_gazebo//models/turtlebot3_office/coca_cola/model.config
-- Up-to-date: /home/anurag/griffin/install/turtlebot3_gazebo/share/turtlebot3_gazebo//models/turtlebot3_office/coca_cola/model.sdf
-- Up-to-date: /home/anurag/griffin/install/turtlebot3_gazebo/share/turtlebot3_gazebo//models/turtlebot3_world
-- Up-to-date: /home/anurag/griffin/install/turtlebot3_gazebo/share/turtlebot3_gazebo//models/turtlebot3_world/meshes
-- Up-to-date: /home/anurag/griffin/install/turtlebot3_gazebo/share/turtlebot3_gazebo//models/turtlebot3_world/meshes/wall.dae
-- Up-to-date: /home/anurag/griffin/install/turtlebot3_gazebo/share/turtlebot3_gazebo//models/turtlebot3_world/meshes/hexagon.dae
-- Up-to-date: /home/anurag/griffin/install/turtlebot3_gazebo/share/turtlebot3_gazebo//models/turtlebot3_world/model.config
-- Up-to-date: /home/anurag/griffin/install/turtlebot3_gazebo/share/turtlebot3_gazebo//models/turtlebot3_world/model.sdf
-- Up-to-date: /home/anurag/griffin/install/turtlebot3_gazebo/share/turtlebot3_gazebo//models/turtlebot3_world/model-1_4.sdf
-- Up-to-date: /home/anurag/griffin/install/turtlebot3_gazebo/share/turtlebot3_gazebo//models/turtlebot3_burger
-- Up-to-date: /home/anurag/griffin/install/turtlebot3_gazebo/share/turtlebot3_gazebo//models/turtlebot3_burger/model.config
-- Up-to-date: /home/anurag/griffin/install/turtlebot3_gazebo/share/turtlebot3_gazebo//models/turtlebot3_burger/model.sdf
-- Up-to-date: /home/anurag/griffin/install/turtlebot3_gazebo/share/turtlebot3_gazebo//models/turtlebot3_burger/model-1_4.sdf
-- Up-to-date: /home/anurag/griffin/install/turtlebot3_gazebo/share/turtlebot3_gazebo//models/turtlebot3_burger/model (copy).sdf
-- Up-to-date: /home/anurag/griffin/install/turtlebot3_gazebo/share/turtlebot3_gazebo//models/turtlebot3_burger_cam
-- Up-to-date: /home/anurag/griffin/install/turtlebot3_gazebo/share/turtlebot3_gazebo//models/turtlebot3_burger_cam/model.config
-- Up-to-date: /home/anurag/griffin/install/turtlebot3_gazebo/share/turtlebot3_gazebo//models/turtlebot3_burger_cam/model.sdf
-- Up-to-date: /home/anurag/griffin/install/turtlebot3_gazebo/share/turtlebot3_gazebo//models/turtlebot3_burger_cam/model-1_4.sdf
-- Up-to-date: /home/anurag/griffin/install/turtlebot3_gazebo/share/turtlebot3_gazebo//models/turtlebot3_house
-- Up-to-date: /home/anurag/griffin/install/turtlebot3_gazebo/share/turtlebot3_gazebo//models/turtlebot3_house/model.config
-- Up-to-date: /home/anurag/griffin/install/turtlebot3_gazebo/share/turtlebot3_gazebo//models/turtlebot3_house/model.sdf
-- Up-to-date: /home/anurag/griffin/install/turtlebot3_gazebo/share/turtlebot3_gazebo//models/turtlebot3_common
-- Up-to-date: /home/anurag/griffin/install/turtlebot3_gazebo/share/turtlebot3_gazebo//models/turtlebot3_common/meshes
-- Up-to-date: /home/anurag/griffin/install/turtlebot3_gazebo/share/turtlebot3_gazebo//models/turtlebot3_common/meshes/sensors
-- Up-to-date: /home/anurag/griffin/install/turtlebot3_gazebo/share/turtlebot3_gazebo//models/turtlebot3_common/meshes/sensors/astra.dae
-- Up-to-date: /home/anurag/griffin/install/turtlebot3_gazebo/share/turtlebot3_gazebo//models/turtlebot3_common/meshes/sensors/lds.stl
-- Up-to-date: /home/anurag/griffin/install/turtlebot3_gazebo/share/turtlebot3_gazebo//models/turtlebot3_common/meshes/sensors/r200.jpg
-- Up-to-date: /home/anurag/griffin/install/turtlebot3_gazebo/share/turtlebot3_gazebo//models/turtlebot3_common/meshes/sensors/r200.dae
-- Up-to-date: /home/anurag/griffin/install/turtlebot3_gazebo/share/turtlebot3_gazebo//models/turtlebot3_common/meshes/sensors/astra.jpg
-- Up-to-date: /home/anurag/griffin/install/turtlebot3_gazebo/share/turtlebot3_gazebo//models/turtlebot3_common/meshes/wheels
-- Up-to-date: /home/anurag/griffin/install/turtlebot3_gazebo/share/turtlebot3_gazebo//models/turtlebot3_common/meshes/wheels/left_tire.stl
-- Up-to-date: /home/anurag/griffin/install/turtlebot3_gazebo/share/turtlebot3_gazebo//models/turtlebot3_common/meshes/wheels/right_tire.stl
-- Up-to-date: /home/anurag/griffin/install/turtlebot3_gazebo/share/turtlebot3_gazebo//models/turtlebot3_common/meshes/waffle_base.dae
-- Up-to-date: /home/anurag/griffin/install/turtlebot3_gazebo/share/turtlebot3_gazebo//models/turtlebot3_common/meshes/bases
-- Up-to-date: /home/anurag/griffin/install/turtlebot3_gazebo/share/turtlebot3_gazebo//models/turtlebot3_common/meshes/bases/waffle_pi_base.stl
-- Up-to-date: /home/anurag/griffin/install/turtlebot3_gazebo/share/turtlebot3_gazebo//models/turtlebot3_common/meshes/bases/waffle_base.stl
-- Up-to-date: /home/anurag/griffin/install/turtlebot3_gazebo/share/turtlebot3_gazebo//models/turtlebot3_common/meshes/bases/burger_base.stl
-- Up-to-date: /home/anurag/griffin/install/turtlebot3_gazebo/share/turtlebot3_gazebo//models/turtlebot3_common/meshes/burger_base.dae
-- Up-to-date: /home/anurag/griffin/install/turtlebot3_gazebo/share/turtlebot3_gazebo//models/turtlebot3_common/meshes/waffle_pi_base.dae
-- Up-to-date: /home/anurag/griffin/install/turtlebot3_gazebo/share/turtlebot3_gazebo//models/turtlebot3_common/meshes/r200.dae
-- Up-to-date: /home/anurag/griffin/install/turtlebot3_gazebo/share/turtlebot3_gazebo//models/turtlebot3_common/meshes/tire.dae
-- Up-to-date: /home/anurag/griffin/install/turtlebot3_gazebo/share/turtlebot3_gazebo//models/turtlebot3_common/meshes/lds.dae
-- Up-to-date: /home/anurag/griffin/install/turtlebot3_gazebo/share/turtlebot3_gazebo//models/turtlebot3_common/model.config
-- Up-to-date: /home/anurag/griffin/install/turtlebot3_gazebo/share/turtlebot3_gazebo//models/turtlebot3_autorace_2020
-- Up-to-date: /home/anurag/griffin/install/turtlebot3_gazebo/share/turtlebot3_gazebo//models/turtlebot3_autorace_2020/traffic_left
-- Up-to-date: /home/anurag/griffin/install/turtlebot3_gazebo/share/turtlebot3_gazebo//models/turtlebot3_autorace_2020/traffic_left/materials
-- Up-to-date: /home/anurag/griffin/install/turtlebot3_gazebo/share/turtlebot3_gazebo//models/turtlebot3_autorace_2020/traffic_left/materials/scripts
-- Up-to-date: /home/anurag/griffin/install/turtlebot3_gazebo/share/turtlebot3_gazebo//models/turtlebot3_autorace_2020/traffic_left/materials/scripts/traffic_is_left.material
-- Up-to-date: /home/anurag/griffin/install/turtlebot3_gazebo/share/turtlebot3_gazebo//models/turtlebot3_autorace_2020/traffic_left/materials/textures
-- Up-to-date: /home/anurag/griffin/install/turtlebot3_gazebo/share/turtlebot3_gazebo//models/turtlebot3_autorace_2020/traffic_left/materials/textures/traffic_left.png
-- Up-to-date: /home/anurag/griffin/install/turtlebot3_gazebo/share/turtlebot3_gazebo//models/turtlebot3_autorace_2020/traffic_left/model.config
-- Up-to-date: /home/anurag/griffin/install/turtlebot3_gazebo/share/turtlebot3_gazebo//models/turtlebot3_autorace_2020/traffic_left/model.sdf
-- Up-to-date: /home/anurag/griffin/install/turtlebot3_gazebo/share/turtlebot3_gazebo//models/turtlebot3_autorace_2020/traffic_tunnel
-- Up-to-date: /home/anurag/griffin/install/turtlebot3_gazebo/share/turtlebot3_gazebo//models/turtlebot3_autorace_2020/traffic_tunnel/materials
-- Up-to-date: /home/anurag/griffin/install/turtlebot3_gazebo/share/turtlebot3_gazebo//models/turtlebot3_autorace_2020/traffic_tunnel/materials/scripts
-- Up-to-date: /home/anurag/griffin/install/turtlebot3_gazebo/share/turtlebot3_gazebo//models/turtlebot3_autorace_2020/traffic_tunnel/materials/scripts/tunnel.material
-- Up-to-date: /home/anurag/griffin/install/turtlebot3_gazebo/share/turtlebot3_gazebo//models/turtlebot3_autorace_2020/traffic_tunnel/materials/textures
-- Up-to-date: /home/anurag/griffin/install/turtlebot3_gazebo/share/turtlebot3_gazebo//models/turtlebot3_autorace_2020/traffic_tunnel/materials/textures/tunnel.png
-- Up-to-date: /home/anurag/griffin/install/turtlebot3_gazebo/share/turtlebot3_gazebo//models/turtlebot3_autorace_2020/traffic_tunnel/model.config
-- Up-to-date: /home/anurag/griffin/install/turtlebot3_gazebo/share/turtlebot3_gazebo//models/turtlebot3_autorace_2020/traffic_tunnel/model.sdf
-- Up-to-date: /home/anurag/griffin/install/turtlebot3_gazebo/share/turtlebot3_gazebo//models/turtlebot3_autorace_2020/checker
-- Up-to-date: /home/anurag/griffin/install/turtlebot3_gazebo/share/turtlebot3_gazebo//models/turtlebot3_autorace_2020/checker/materials
-- Up-to-date: /home/anurag/griffin/install/turtlebot3_gazebo/share/turtlebot3_gazebo//models/turtlebot3_autorace_2020/checker/materials/scripts
-- Up-to-date: /home/anurag/griffin/install/turtlebot3_gazebo/share/turtlebot3_gazebo//models/turtlebot3_autorace_2020/checker/materials/scripts/checker.material
-- Up-to-date: /home/anurag/griffin/install/turtlebot3_gazebo/share/turtlebot3_gazebo//models/turtlebot3_autorace_2020/checker/materials/checker.png
-- Up-to-date: /home/anurag/griffin/install/turtlebot3_gazebo/share/turtlebot3_gazebo//models/turtlebot3_autorace_2020/checker/materials/textures
-- Up-to-date: /home/anurag/griffin/install/turtlebot3_gazebo/share/turtlebot3_gazebo//models/turtlebot3_autorace_2020/checker/materials/textures/checker.png
-- Up-to-date: /home/anurag/griffin/install/turtlebot3_gazebo/share/turtlebot3_gazebo//models/turtlebot3_autorace_2020/checker/model.config
-- Up-to-date: /home/anurag/griffin/install/turtlebot3_gazebo/share/turtlebot3_gazebo//models/turtlebot3_autorace_2020/checker/model.sdf
-- Up-to-date: /home/anurag/griffin/install/turtlebot3_gazebo/share/turtlebot3_gazebo//models/turtlebot3_autorace_2020/course
-- Up-to-date: /home/anurag/griffin/install/turtlebot3_gazebo/share/turtlebot3_gazebo//models/turtlebot3_autorace_2020/course/materials
-- Up-to-date: /home/anurag/griffin/install/turtlebot3_gazebo/share/turtlebot3_gazebo//models/turtlebot3_autorace_2020/course/materials/scripts
-- Up-to-date: /home/anurag/griffin/install/turtlebot3_gazebo/share/turtlebot3_gazebo//models/turtlebot3_autorace_2020/course/materials/scripts/course.material
-- Up-to-date: /home/anurag/griffin/install/turtlebot3_gazebo/share/turtlebot3_gazebo//models/turtlebot3_autorace_2020/course/materials/textures
-- Up-to-date: /home/anurag/griffin/install/turtlebot3_gazebo/share/turtlebot3_gazebo//models/turtlebot3_autorace_2020/course/materials/textures/course.png
-- Up-to-date: /home/anurag/griffin/install/turtlebot3_gazebo/share/turtlebot3_gazebo//models/turtlebot3_autorace_2020/course/model.config
-- Up-to-date: /home/anurag/griffin/install/turtlebot3_gazebo/share/turtlebot3_gazebo//models/turtlebot3_autorace_2020/course/model.sdf
-- Up-to-date: /home/anurag/griffin/install/turtlebot3_gazebo/share/turtlebot3_gazebo//models/turtlebot3_autorace_2020/traffic_pl_left
-- Up-to-date: /home/anurag/griffin/install/turtlebot3_gazebo/share/turtlebot3_gazebo//models/turtlebot3_autorace_2020/traffic_pl_left/materials
-- Up-to-date: /home/anurag/griffin/install/turtlebot3_gazebo/share/turtlebot3_gazebo//models/turtlebot3_autorace_2020/traffic_pl_left/materials/scripts
-- Up-to-date: /home/anurag/griffin/install/turtlebot3_gazebo/share/turtlebot3_gazebo//models/turtlebot3_autorace_2020/traffic_pl_left/materials/scripts/traffic_pl_left.material
-- Up-to-date: /home/anurag/griffin/install/turtlebot3_gazebo/share/turtlebot3_gazebo//models/turtlebot3_autorace_2020/traffic_pl_left/materials/textures
-- Up-to-date: /home/anurag/griffin/install/turtlebot3_gazebo/share/turtlebot3_gazebo//models/turtlebot3_autorace_2020/traffic_pl_left/materials/textures/traffic_pl_left.png
-- Up-to-date: /home/anurag/griffin/install/turtlebot3_gazebo/share/turtlebot3_gazebo//models/turtlebot3_autorace_2020/traffic_pl_left/model.config
-- Up-to-date: /home/anurag/griffin/install/turtlebot3_gazebo/share/turtlebot3_gazebo//models/turtlebot3_autorace_2020/traffic_pl_left/model.sdf
-- Up-to-date: /home/anurag/griffin/install/turtlebot3_gazebo/share/turtlebot3_gazebo//models/turtlebot3_autorace_2020/traffic_parking
-- Up-to-date: /home/anurag/griffin/install/turtlebot3_gazebo/share/turtlebot3_gazebo//models/turtlebot3_autorace_2020/traffic_parking/materials
-- Up-to-date: /home/anurag/griffin/install/turtlebot3_gazebo/share/turtlebot3_gazebo//models/turtlebot3_autorace_2020/traffic_parking/materials/scripts
-- Up-to-date: /home/anurag/griffin/install/turtlebot3_gazebo/share/turtlebot3_gazebo//models/turtlebot3_autorace_2020/traffic_parking/materials/scripts/traffic_parking.material
-- Up-to-date: /home/anurag/griffin/install/turtlebot3_gazebo/share/turtlebot3_gazebo//models/turtlebot3_autorace_2020/traffic_parking/materials/textures
-- Up-to-date: /home/anurag/griffin/install/turtlebot3_gazebo/share/turtlebot3_gazebo//models/turtlebot3_autorace_2020/traffic_parking/materials/textures/traffic_parking.png
-- Up-to-date: /home/anurag/griffin/install/turtlebot3_gazebo/share/turtlebot3_gazebo//models/turtlebot3_autorace_2020/traffic_parking/model.config
-- Up-to-date: /home/anurag/griffin/install/turtlebot3_gazebo/share/turtlebot3_gazebo//models/turtlebot3_autorace_2020/traffic_parking/model.sdf
-- Up-to-date: /home/anurag/griffin/install/turtlebot3_gazebo/share/turtlebot3_gazebo//models/turtlebot3_autorace_2020/traffic_right
-- Up-to-date: /home/anurag/griffin/install/turtlebot3_gazebo/share/turtlebot3_gazebo//models/turtlebot3_autorace_2020/traffic_right/materials
-- Up-to-date: /home/anurag/griffin/install/turtlebot3_gazebo/share/turtlebot3_gazebo//models/turtlebot3_autorace_2020/traffic_right/materials/scripts
-- Up-to-date: /home/anurag/griffin/install/turtlebot3_gazebo/share/turtlebot3_gazebo//models/turtlebot3_autorace_2020/traffic_right/materials/scripts/traffic_right.material
-- Up-to-date: /home/anurag/griffin/install/turtlebot3_gazebo/share/turtlebot3_gazebo//models/turtlebot3_autorace_2020/traffic_right/materials/textures
-- Up-to-date: /home/anurag/griffin/install/turtlebot3_gazebo/share/turtlebot3_gazebo//models/turtlebot3_autorace_2020/traffic_right/materials/textures/traffic_right.png
-- Up-to-date: /home/anurag/griffin/install/turtlebot3_gazebo/share/turtlebot3_gazebo//models/turtlebot3_autorace_2020/traffic_right/model.config
-- Up-to-date: /home/anurag/griffin/install/turtlebot3_gazebo/share/turtlebot3_gazebo//models/turtlebot3_autorace_2020/traffic_right/model.sdf
-- Up-to-date: /home/anurag/griffin/install/turtlebot3_gazebo/share/turtlebot3_gazebo//models/turtlebot3_autorace_2020/traffic_intersection
-- Up-to-date: /home/anurag/griffin/install/turtlebot3_gazebo/share/turtlebot3_gazebo//models/turtlebot3_autorace_2020/traffic_intersection/materials
-- Up-to-date: /home/anurag/griffin/install/turtlebot3_gazebo/share/turtlebot3_gazebo//models/turtlebot3_autorace_2020/traffic_intersection/materials/scripts
-- Up-to-date: /home/anurag/griffin/install/turtlebot3_gazebo/share/turtlebot3_gazebo//models/turtlebot3_autorace_2020/traffic_intersection/materials/scripts/traffic_intersection.material
-- Up-to-date: /home/anurag/griffin/install/turtlebot3_gazebo/share/turtlebot3_gazebo//models/turtlebot3_autorace_2020/traffic_intersection/materials/textures
-- Up-to-date: /home/anurag/griffin/install/turtlebot3_gazebo/share/turtlebot3_gazebo//models/turtlebot3_autorace_2020/traffic_intersection/materials/textures/traffic_intersection.png
-- Up-to-date: /home/anurag/griffin/install/turtlebot3_gazebo/share/turtlebot3_gazebo//models/turtlebot3_autorace_2020/traffic_intersection/model.config
-- Up-to-date: /home/anurag/griffin/install/turtlebot3_gazebo/share/turtlebot3_gazebo//models/turtlebot3_autorace_2020/traffic_intersection/model.sdf
-- Up-to-date: /home/anurag/griffin/install/turtlebot3_gazebo/share/turtlebot3_gazebo//models/turtlebot3_autorace_2020/traffic_construction
-- Up-to-date: /home/anurag/griffin/install/turtlebot3_gazebo/share/turtlebot3_gazebo//models/turtlebot3_autorace_2020/traffic_construction/materials
-- Up-to-date: /home/anurag/griffin/install/turtlebot3_gazebo/share/turtlebot3_gazebo//models/turtlebot3_autorace_2020/traffic_construction/materials/scripts
-- Up-to-date: /home/anurag/griffin/install/turtlebot3_gazebo/share/turtlebot3_gazebo//models/turtlebot3_autorace_2020/traffic_construction/materials/scripts/traffic_construction.material
-- Up-to-date: /home/anurag/griffin/install/turtlebot3_gazebo/share/turtlebot3_gazebo//models/turtlebot3_autorace_2020/traffic_construction/materials/textures
-- Up-to-date: /home/anurag/griffin/install/turtlebot3_gazebo/share/turtlebot3_gazebo//models/turtlebot3_autorace_2020/traffic_construction/materials/textures/traffic_construction.png
-- Up-to-date: /home/anurag/griffin/install/turtlebot3_gazebo/share/turtlebot3_gazebo//models/turtlebot3_autorace_2020/traffic_construction/model.config
-- Up-to-date: /home/anurag/griffin/install/turtlebot3_gazebo/share/turtlebot3_gazebo//models/turtlebot3_autorace_2020/traffic_construction/model.sdf
-- Up-to-date: /home/anurag/griffin/install/turtlebot3_gazebo/share/turtlebot3_gazebo//models/turtlebot3_autorace_2020/traffic_noentry
-- Up-to-date: /home/anurag/griffin/install/turtlebot3_gazebo/share/turtlebot3_gazebo//models/turtlebot3_autorace_2020/traffic_noentry/materials
-- Up-to-date: /home/anurag/griffin/install/turtlebot3_gazebo/share/turtlebot3_gazebo//models/turtlebot3_autorace_2020/traffic_noentry/materials/scripts
-- Up-to-date: /home/anurag/griffin/install/turtlebot3_gazebo/share/turtlebot3_gazebo//models/turtlebot3_autorace_2020/traffic_noentry/materials/scripts/traffic_noentry.material
-- Up-to-date: /home/anurag/griffin/install/turtlebot3_gazebo/share/turtlebot3_gazebo//models/turtlebot3_autorace_2020/traffic_noentry/materials/textures
-- Up-to-date: /home/anurag/griffin/install/turtlebot3_gazebo/share/turtlebot3_gazebo//models/turtlebot3_autorace_2020/traffic_noentry/materials/textures/traffic_noentry.png
-- Up-to-date: /home/anurag/griffin/install/turtlebot3_gazebo/share/turtlebot3_gazebo//models/turtlebot3_autorace_2020/traffic_noentry/model.config
-- Up-to-date: /home/anurag/griffin/install/turtlebot3_gazebo/share/turtlebot3_gazebo//models/turtlebot3_autorace_2020/traffic_noentry/model.sdf
-- Up-to-date: /home/anurag/griffin/install/turtlebot3_gazebo/share/turtlebot3_gazebo//models/turtlebot3_autorace_2020/traffic_light
-- Up-to-date: /home/anurag/griffin/install/turtlebot3_gazebo/share/turtlebot3_gazebo//models/turtlebot3_autorace_2020/traffic_light/materials
-- Up-to-date: /home/anurag/griffin/install/turtlebot3_gazebo/share/turtlebot3_gazebo//models/turtlebot3_autorace_2020/traffic_light/materials/scripts
-- Up-to-date: /home/anurag/griffin/install/turtlebot3_gazebo/share/turtlebot3_gazebo//models/turtlebot3_autorace_2020/traffic_light/materials/scripts/traffic_light.material
-- Up-to-date: /home/anurag/griffin/install/turtlebot3_gazebo/share/turtlebot3_gazebo//models/turtlebot3_autorace_2020/traffic_light/materials/textures
-- Up-to-date: /home/anurag/griffin/install/turtlebot3_gazebo/share/turtlebot3_gazebo//models/turtlebot3_autorace_2020/traffic_light/materials/textures/traffic_light_red.png
-- Up-to-date: /home/anurag/griffin/install/turtlebot3_gazebo/share/turtlebot3_gazebo//models/turtlebot3_autorace_2020/traffic_light/materials/textures/traffic_light_green.png
-- Up-to-date: /home/anurag/griffin/install/turtlebot3_gazebo/share/turtlebot3_gazebo//models/turtlebot3_autorace_2020/traffic_light/materials/textures/traffic_light.png
-- Up-to-date: /home/anurag/griffin/install/turtlebot3_gazebo/share/turtlebot3_gazebo//models/turtlebot3_autorace_2020/traffic_light/materials/textures/traffic_light_yellow.png
-- Up-to-date: /home/anurag/griffin/install/turtlebot3_gazebo/share/turtlebot3_gazebo//models/turtlebot3_autorace_2020/traffic_light/model.config
-- Up-to-date: /home/anurag/griffin/install/turtlebot3_gazebo/share/turtlebot3_gazebo//models/turtlebot3_autorace_2020/traffic_light/model.sdf
-- Up-to-date: /home/anurag/griffin/install/turtlebot3_gazebo/share/turtlebot3_gazebo//models/turtlebot3_autorace_2020/traffic_stop
-- Up-to-date: /home/anurag/griffin/install/turtlebot3_gazebo/share/turtlebot3_gazebo//models/turtlebot3_autorace_2020/traffic_stop/materials
-- Up-to-date: /home/anurag/griffin/install/turtlebot3_gazebo/share/turtlebot3_gazebo//models/turtlebot3_autorace_2020/traffic_stop/materials/scripts
-- Up-to-date: /home/anurag/griffin/install/turtlebot3_gazebo/share/turtlebot3_gazebo//models/turtlebot3_autorace_2020/traffic_stop/materials/scripts/traffic_stop.material
-- Up-to-date: /home/anurag/griffin/install/turtlebot3_gazebo/share/turtlebot3_gazebo//models/turtlebot3_autorace_2020/traffic_stop/materials/textures
-- Up-to-date: /home/anurag/griffin/install/turtlebot3_gazebo/share/turtlebot3_gazebo//models/turtlebot3_autorace_2020/traffic_stop/materials/textures/traffic_stop.png
-- Up-to-date: /home/anurag/griffin/install/turtlebot3_gazebo/share/turtlebot3_gazebo//models/turtlebot3_autorace_2020/traffic_stop/model.config
-- Up-to-date: /home/anurag/griffin/install/turtlebot3_gazebo/share/turtlebot3_gazebo//models/turtlebot3_autorace_2020/traffic_stop/model.sdf
-- Up-to-date: /home/anurag/griffin/install/turtlebot3_gazebo/share/turtlebot3_gazebo//models/turtlebot3_autorace_2020/traffic_bar
-- Up-to-date: /home/anurag/griffin/install/turtlebot3_gazebo/share/turtlebot3_gazebo//models/turtlebot3_autorace_2020/traffic_bar/materials
-- Up-to-date: /home/anurag/griffin/install/turtlebot3_gazebo/share/turtlebot3_gazebo//models/turtlebot3_autorace_2020/traffic_bar/materials/scripts
-- Up-to-date: /home/anurag/griffin/install/turtlebot3_gazebo/share/turtlebot3_gazebo//models/turtlebot3_autorace_2020/traffic_bar/materials/scripts/traffic_bar.material
-- Up-to-date: /home/anurag/griffin/install/turtlebot3_gazebo/share/turtlebot3_gazebo//models/turtlebot3_autorace_2020/traffic_bar/materials/textures
-- Up-to-date: /home/anurag/griffin/install/turtlebot3_gazebo/share/turtlebot3_gazebo//models/turtlebot3_autorace_2020/traffic_bar/materials/textures/traffic_bar.png
-- Up-to-date: /home/anurag/griffin/install/turtlebot3_gazebo/share/turtlebot3_gazebo//models/turtlebot3_autorace_2020/traffic_bar/model.config
-- Up-to-date: /home/anurag/griffin/install/turtlebot3_gazebo/share/turtlebot3_gazebo//models/turtlebot3_autorace_2020/traffic_bar/model.sdf
-- Up-to-date: /home/anurag/griffin/install/turtlebot3_gazebo/share/turtlebot3_gazebo//models/turtlebot3_waffle_pi
-- Up-to-date: /home/anurag/griffin/install/turtlebot3_gazebo/share/turtlebot3_gazebo//models/turtlebot3_waffle_pi/model.config
-- Up-to-date: /home/anurag/griffin/install/turtlebot3_gazebo/share/turtlebot3_gazebo//models/turtlebot3_waffle_pi/model-1_4_.sdf
-- Up-to-date: /home/anurag/griffin/install/turtlebot3_gazebo/share/turtlebot3_gazebo//models/turtlebot3_waffle_pi/model.sdf
-- Up-to-date: /home/anurag/griffin/install/turtlebot3_gazebo/share/turtlebot3_gazebo//rviz
-- Up-to-date: /home/anurag/griffin/install/turtlebot3_gazebo/share/turtlebot3_gazebo//rviz/tb3_gazebo.rviz
-- Up-to-date: /home/anurag/griffin/install/turtlebot3_gazebo/share/turtlebot3_gazebo//urdf
-- Up-to-date: /home/anurag/griffin/install/turtlebot3_gazebo/share/turtlebot3_gazebo//urdf/turtlebot3_waffle.urdf
-- Up-to-date: /home/anurag/griffin/install/turtlebot3_gazebo/share/turtlebot3_gazebo//urdf/turtlebot3_waffle_pi.urdf
-- Up-to-date: /home/anurag/griffin/install/turtlebot3_gazebo/share/turtlebot3_gazebo//urdf/turtlebot3_burger_cam.urdf
-- Up-to-date: /home/anurag/griffin/install/turtlebot3_gazebo/share/turtlebot3_gazebo//urdf/common_properties.urdf
-- Up-to-date: /home/anurag/griffin/install/turtlebot3_gazebo/share/turtlebot3_gazebo//urdf/turtlebot3_burger.urdf
-- Up-to-date: /home/anurag/griffin/install/turtlebot3_gazebo/share/turtlebot3_gazebo//worlds
-- Up-to-date: /home/anurag/griffin/install/turtlebot3_gazebo/share/turtlebot3_gazebo//worlds/turtlebot3_world.world
-- Up-to-date: /home/anurag/griffin/install/turtlebot3_gazebo/share/turtlebot3_gazebo//worlds/officelayout2.world
-- Up-to-date: /home/anurag/griffin/install/turtlebot3_gazebo/share/turtlebot3_gazebo//worlds/empty_world.world
-- Up-to-date: /home/anurag/griffin/install/turtlebot3_gazebo/include/
-- Up-to-date: /home/anurag/griffin/install/turtlebot3_gazebo/include//turtlebot3_gazebo
-- Up-to-date: /home/anurag/griffin/install/turtlebot3_gazebo/include//turtlebot3_gazebo/obstacle1.hpp
-- Up-to-date: /home/anurag/griffin/install/turtlebot3_gazebo/include//turtlebot3_gazebo/obstacles.hpp
-- Up-to-date: /home/anurag/griffin/install/turtlebot3_gazebo/include//turtlebot3_gazebo/obstacle2.hpp
-- Up-to-date: /home/anurag/griffin/install/turtlebot3_gazebo/include//turtlebot3_gazebo/traffic_bar_plugin.hpp
-- Up-to-date: /home/anurag/griffin/install/turtlebot3_gazebo/include//turtlebot3_gazebo/traffic_light_plugin.hpp
-- Up-to-date: /home/anurag/griffin/install/turtlebot3_gazebo/include//turtlebot3_gazebo/turtlebot3_drive.hpp
-- Up-to-date: /home/anurag/griffin/install/turtlebot3_gazebo/share/ament_index/resource_index/package_run_dependencies/turtlebot3_gazebo
-- Up-to-date: /home/anurag/griffin/install/turtlebot3_gazebo/share/ament_index/resource_index/parent_prefix_path/turtlebot3_gazebo
-- Up-to-date: /home/anurag/griffin/install/turtlebot3_gazebo/share/turtlebot3_gazebo/environment/ament_prefix_path.sh
-- Up-to-date: /home/anurag/griffin/install/turtlebot3_gazebo/share/turtlebot3_gazebo/environment/ament_prefix_path.dsv
-- Up-to-date: /home/anurag/griffin/install/turtlebot3_gazebo/share/turtlebot3_gazebo/environment/path.sh
-- Up-to-date: /home/anurag/griffin/install/turtlebot3_gazebo/share/turtlebot3_gazebo/environment/path.dsv
-- Up-to-date: /home/anurag/griffin/install/turtlebot3_gazebo/share/turtlebot3_gazebo/local_setup.bash
-- Up-to-date: /home/anurag/griffin/install/turtlebot3_gazebo/share/turtlebot3_gazebo/local_setup.sh
-- Up-to-date: /home/anurag/griffin/install/turtlebot3_gazebo/share/turtlebot3_gazebo/local_setup.zsh
-- Up-to-date: /home/anurag/griffin/install/turtlebot3_gazebo/share/turtlebot3_gazebo/local_setup.dsv
-- Installing: /home/anurag/griffin/install/turtlebot3_gazebo/share/turtlebot3_gazebo/package.dsv
-- Up-to-date: /home/anurag/griffin/install/turtlebot3_gazebo/share/ament_index/resource_index/packages/turtlebot3_gazebo
-- Up-to-date: /home/anurag/griffin/install/turtlebot3_gazebo/share/turtlebot3_gazebo/cmake/ament_cmake_export_include_directories-extras.cmake
-- Up-to-date: /home/anurag/griffin/install/turtlebot3_gazebo/share/turtlebot3_gazebo/cmake/ament_cmake_export_dependencies-extras.cmake
-- Up-to-date: /home/anurag/griffin/install/turtlebot3_gazebo/share/turtlebot3_gazebo/cmake/turtlebot3_gazeboConfig.cmake
-- Up-to-date: /home/anurag/griffin/install/turtlebot3_gazebo/share/turtlebot3_gazebo/cmake/turtlebot3_gazeboConfig-version.cmake
-- Up-to-date: /home/anurag/griffin/install/turtlebot3_gazebo/share/turtlebot3_gazebo/package.xml
