[0.019s] Invoking command in '/home/anurag/griffin/build/turtlebot3_gazebo': CMAKE_PREFIX_PATH=${CMAKE_PREFIX_PATH}:/home/anurag/griffin/install/semantic_perception:/home/anurag/griffin/install/semantic_navigation:/home/anurag/griffin/install/vlm_perception_pkg:/home/anurag/griffin/install/vlm_nav_pkg:/opt/ros/humble /usr/bin/cmake --build /home/anurag/griffin/build/turtlebot3_gazebo -- -j24 -l24
[0.218s] [35m[1mConsolidate compiler generated dependencies of target turtlebot3_drive[0m
[0.219s] [35m[1mConsolidate compiler generated dependencies of target traffic_light_plugin[0m
[0.219s] [35m[1mConsolidate compiler generated dependencies of target obstacle1[0m
[0.219s] [35m[1mConsolidate compiler generated dependencies of target obstacles[0m
[0.219s] [35m[1mConsolidate compiler generated dependencies of target obstacle2[0m
[0.219s] [35m[1mConsolidate compiler generated dependencies of target traffic_bar_plugin[0m
[0.219s] [ 16%] Built target turtlebot3_drive
[0.219s] [ 33%] Built target traffic_light_plugin
[0.219s] [ 50%] Built target obstacle2
[0.219s] [ 66%] Built target obstacle1
[0.219s] [ 83%] Built target obstacles
[0.219s] [100%] Built target traffic_bar_plugin
[0.410s] Invoked command in '/home/anurag/griffin/build/turtlebot3_gazebo' returned '0': CMAKE_PREFIX_PATH=${CMAKE_PREFIX_PATH}:/home/anurag/griffin/install/semantic_perception:/home/anurag/griffin/install/semantic_navigation:/home/anurag/griffin/install/vlm_perception_pkg:/home/anurag/griffin/install/vlm_nav_pkg:/opt/ros/humble /usr/bin/cmake --build /home/anurag/griffin/build/turtlebot3_gazebo -- -j24 -l24
[0.412s] Invoking command in '/home/anurag/griffin/build/turtlebot3_gazebo': CMAKE_PREFIX_PATH=${CMAKE_PREFIX_PATH}:/home/anurag/griffin/install/semantic_perception:/home/anurag/griffin/install/semantic_navigation:/home/anurag/griffin/install/vlm_perception_pkg:/home/anurag/griffin/install/vlm_nav_pkg:/opt/ros/humble /usr/bin/cmake --install /home/anurag/griffin/build/turtlebot3_gazebo
[0.420s] -- Install configuration: ""
[0.420s] -- Up-to-date: /home/anurag/griffin/install/turtlebot3_gazebo/lib/turtlebot3_gazebo/turtlebot3_drive
[0.420s] -- Up-to-date: /home/anurag/griffin/install/turtlebot3_gazebo/share/turtlebot3_gazebo//launch
[0.420s] -- Up-to-date: /home/anurag/griffin/install/turtlebot3_gazebo/share/turtlebot3_gazebo//launch/spawn_turtlebot3.launch.py
[0.420s] -- Up-to-date: /home/anurag/griffin/install/turtlebot3_gazebo/share/turtlebot3_gazebo//launch/turtlebot3_world.launch.py
[0.420s] -- Up-to-date: /home/anurag/griffin/install/turtlebot3_gazebo/share/turtlebot3_gazebo//launch/turtlebot3_dqn_stage3.launch.py
[0.420s] -- Up-to-date: /home/anurag/griffin/install/turtlebot3_gazebo/share/turtlebot3_gazebo//launch/multi_spawn_turtlebot3.launch.py
[0.420s] -- Up-to-date: /home/anurag/griffin/install/turtlebot3_gazebo/share/turtlebot3_gazebo//launch/turtlebot3_dqn_stage1.launch.py
[0.420s] -- Up-to-date: /home/anurag/griffin/install/turtlebot3_gazebo/share/turtlebot3_gazebo//launch/turtlebot3_dqn_stage4.launch.py
[0.420s] -- Up-to-date: /home/anurag/griffin/install/turtlebot3_gazebo/share/turtlebot3_gazebo//launch/robot_state_publisher.launch.py
[0.420s] -- Up-to-date: /home/anurag/griffin/install/turtlebot3_gazebo/share/turtlebot3_gazebo//launch/turtlebot3_dqn_stage2.launch.py
[0.420s] -- Up-to-date: /home/anurag/griffin/install/turtlebot3_gazebo/share/turtlebot3_gazebo//launch/turtlebot3_autorace_2020.launch.py
[0.421s] -- Up-to-date: /home/anurag/griffin/install/turtlebot3_gazebo/share/turtlebot3_gazebo//launch/turtlebot3_house.launch.py
[0.421s] -- Up-to-date: /home/anurag/griffin/install/turtlebot3_gazebo/share/turtlebot3_gazebo//launch/turtlebot3_office.launch.py
[0.422s] -- Up-to-date: /home/anurag/griffin/install/turtlebot3_gazebo/share/turtlebot3_gazebo//launch/multi_robot.launch.py
[0.422s] -- Up-to-date: /home/anurag/griffin/install/turtlebot3_gazebo/share/turtlebot3_gazebo//launch/empty_world.launch.py
[0.422s] -- Up-to-date: /home/anurag/griffin/install/turtlebot3_gazebo/share/turtlebot3_gazebo//models
[0.422s] -- Up-to-date: /home/anurag/griffin/install/turtlebot3_gazebo/share/turtlebot3_gazebo//models/turtlebot3_dqn_world
[0.422s] -- Up-to-date: /home/anurag/griffin/install/turtlebot3_gazebo/share/turtlebot3_gazebo//models/turtlebot3_dqn_world/goal_box
[0.423s] -- Up-to-date: /home/anurag/griffin/install/turtlebot3_gazebo/share/turtlebot3_gazebo//models/turtlebot3_dqn_world/goal_box/model.config
[0.424s] -- Up-to-date: /home/anurag/griffin/install/turtlebot3_gazebo/share/turtlebot3_gazebo//models/turtlebot3_dqn_world/goal_box/model.sdf
[0.424s] -- Up-to-date: /home/anurag/griffin/install/turtlebot3_gazebo/share/turtlebot3_gazebo//models/turtlebot3_dqn_world/inner_walls
[0.424s] -- Up-to-date: /home/anurag/griffin/install/turtlebot3_gazebo/share/turtlebot3_gazebo//models/turtlebot3_dqn_world/inner_walls/model.config
[0.424s] -- Up-to-date: /home/anurag/griffin/install/turtlebot3_gazebo/share/turtlebot3_gazebo//models/turtlebot3_dqn_world/inner_walls/model.sdf
[0.424s] -- Up-to-date: /home/anurag/griffin/install/turtlebot3_gazebo/share/turtlebot3_gazebo//models/turtlebot3_dqn_world/model.config
[0.424s] -- Up-to-date: /home/anurag/griffin/install/turtlebot3_gazebo/share/turtlebot3_gazebo//models/turtlebot3_dqn_world/obstacles
[0.424s] -- Up-to-date: /home/anurag/griffin/install/turtlebot3_gazebo/share/turtlebot3_gazebo//models/turtlebot3_dqn_world/obstacles/model.config
[0.424s] -- Up-to-date: /home/anurag/griffin/install/turtlebot3_gazebo/share/turtlebot3_gazebo//models/turtlebot3_dqn_world/obstacles/model.sdf
[0.424s] -- Up-to-date: /home/anurag/griffin/install/turtlebot3_gazebo/share/turtlebot3_gazebo//models/turtlebot3_dqn_world/obstacle1
[0.424s] -- Up-to-date: /home/anurag/griffin/install/turtlebot3_gazebo/share/turtlebot3_gazebo//models/turtlebot3_dqn_world/obstacle1/model.config
[0.424s] -- Up-to-date: /home/anurag/griffin/install/turtlebot3_gazebo/share/turtlebot3_gazebo//models/turtlebot3_dqn_world/obstacle1/model.sdf
[0.424s] -- Up-to-date: /home/anurag/griffin/install/turtlebot3_gazebo/share/turtlebot3_gazebo//models/turtlebot3_dqn_world/obstacle2
[0.424s] -- Up-to-date: /home/anurag/griffin/install/turtlebot3_gazebo/share/turtlebot3_gazebo//models/turtlebot3_dqn_world/obstacle2/model.config
[0.424s] -- Up-to-date: /home/anurag/griffin/install/turtlebot3_gazebo/share/turtlebot3_gazebo//models/turtlebot3_dqn_world/obstacle2/model.sdf
[0.424s] -- Up-to-date: /home/anurag/griffin/install/turtlebot3_gazebo/share/turtlebot3_gazebo//models/turtlebot3_dqn_world/model.sdf
[0.424s] -- Up-to-date: /home/anurag/griffin/install/turtlebot3_gazebo/share/turtlebot3_gazebo//models/turtlebot3_waffle
[0.424s] -- Up-to-date: /home/anurag/griffin/install/turtlebot3_gazebo/share/turtlebot3_gazebo//models/turtlebot3_waffle/model.config
[0.424s] -- Up-to-date: /home/anurag/griffin/install/turtlebot3_gazebo/share/turtlebot3_gazebo//models/turtlebot3_waffle/model.sdf
[0.424s] -- Up-to-date: /home/anurag/griffin/install/turtlebot3_gazebo/share/turtlebot3_gazebo//models/turtlebot3_waffle/model-1_4.sdf
[0.424s] -- Up-to-date: /home/anurag/griffin/install/turtlebot3_gazebo/share/turtlebot3_gazebo//models/turtlebot3_office
[0.424s] -- Up-to-date: /home/anurag/griffin/install/turtlebot3_gazebo/share/turtlebot3_gazebo//models/turtlebot3_office/elegant_female
[0.425s] -- Up-to-date: /home/anurag/griffin/install/turtlebot3_gazebo/share/turtlebot3_gazebo//models/turtlebot3_office/elegant_female/meshes
[0.425s] -- Up-to-date: /home/anurag/griffin/install/turtlebot3_gazebo/share/turtlebot3_gazebo//models/turtlebot3_office/elegant_female/meshes/elegant_female.dae
[0.425s] -- Up-to-date: /home/anurag/griffin/install/turtlebot3_gazebo/share/turtlebot3_gazebo//models/turtlebot3_office/elegant_female/meshes/elegant_female.png
[0.425s] -- Up-to-date: /home/anurag/griffin/install/turtlebot3_gazebo/share/turtlebot3_gazebo//models/turtlebot3_office/elegant_female/materials
[0.425s] -- Up-to-date: /home/anurag/griffin/install/turtlebot3_gazebo/share/turtlebot3_gazebo//models/turtlebot3_office/elegant_female/materials/textures
[0.425s] -- Up-to-date: /home/anurag/griffin/install/turtlebot3_gazebo/share/turtlebot3_gazebo//models/turtlebot3_office/elegant_female/materials/textures/eyebrow002.png
[0.425s] -- Up-to-date: /home/anurag/griffin/install/turtlebot3_gazebo/share/turtlebot3_gazebo//models/turtlebot3_office/elegant_female/materials/textures/eyelashes01.png
[0.425s] -- Up-to-date: /home/anurag/griffin/install/turtlebot3_gazebo/share/turtlebot3_gazebo//models/turtlebot3_office/elegant_female/materials/textures/shoes03_diffuse.png
[0.425s] -- Up-to-date: /home/anurag/griffin/install/turtlebot3_gazebo/share/turtlebot3_gazebo//models/turtlebot3_office/elegant_female/materials/textures/male_elegantsuit01_diffuse.png
[0.425s] -- Up-to-date: /home/anurag/griffin/install/turtlebot3_gazebo/share/turtlebot3_gazebo//models/turtlebot3_office/elegant_female/materials/textures/ponytail01_diffuse.png
[0.425s] -- Up-to-date: /home/anurag/griffin/install/turtlebot3_gazebo/share/turtlebot3_gazebo//models/turtlebot3_office/elegant_female/materials/textures/brown_eye.png
[0.425s] -- Up-to-date: /home/anurag/griffin/install/turtlebot3_gazebo/share/turtlebot3_gazebo//models/turtlebot3_office/elegant_female/materials/textures/young_lightskinned_female_diffuse2.png
[0.425s] -- Up-to-date: /home/anurag/griffin/install/turtlebot3_gazebo/share/turtlebot3_gazebo//models/turtlebot3_office/elegant_female/model.config
[0.425s] -- Up-to-date: /home/anurag/griffin/install/turtlebot3_gazebo/share/turtlebot3_gazebo//models/turtlebot3_office/elegant_female/model.sdf
[0.425s] -- Up-to-date: /home/anurag/griffin/install/turtlebot3_gazebo/share/turtlebot3_gazebo//models/turtlebot3_office/WaterDispenser
[0.425s] -- Up-to-date: /home/anurag/griffin/install/turtlebot3_gazebo/share/turtlebot3_gazebo//models/turtlebot3_office/WaterDispenser/meshes
[0.425s] -- Up-to-date: /home/anurag/griffin/install/turtlebot3_gazebo/share/turtlebot3_gazebo//models/turtlebot3_office/WaterDispenser/meshes/water_dispenser.dae
[0.425s] -- Up-to-date: /home/anurag/griffin/install/turtlebot3_gazebo/share/turtlebot3_gazebo//models/turtlebot3_office/WaterDispenser/model.config
[0.425s] -- Up-to-date: /home/anurag/griffin/install/turtlebot3_gazebo/share/turtlebot3_gazebo//models/turtlebot3_office/WaterDispenser/model.sdf
[0.425s] -- Up-to-date: /home/anurag/griffin/install/turtlebot3_gazebo/share/turtlebot3_gazebo//models/turtlebot3_office/labtop_mac_2
[0.425s] -- Up-to-date: /home/anurag/griffin/install/turtlebot3_gazebo/share/turtlebot3_gazebo//models/turtlebot3_office/labtop_mac_2/meshes
[0.425s] -- Up-to-date: /home/anurag/griffin/install/turtlebot3_gazebo/share/turtlebot3_gazebo//models/turtlebot3_office/labtop_mac_2/meshes/body.dae
[0.425s] -- Up-to-date: /home/anurag/griffin/install/turtlebot3_gazebo/share/turtlebot3_gazebo//models/turtlebot3_office/labtop_mac_2/meshes/keys.dae
[0.425s] -- Up-to-date: /home/anurag/griffin/install/turtlebot3_gazebo/share/turtlebot3_gazebo//models/turtlebot3_office/labtop_mac_2/meshes/labtop.dae
[0.425s] -- Up-to-date: /home/anurag/griffin/install/turtlebot3_gazebo/share/turtlebot3_gazebo//models/turtlebot3_office/labtop_mac_2/meshes/screen.dae
[0.425s] -- Up-to-date: /home/anurag/griffin/install/turtlebot3_gazebo/share/turtlebot3_gazebo//models/turtlebot3_office/labtop_mac_2/materials
[0.425s] -- Up-to-date: /home/anurag/griffin/install/turtlebot3_gazebo/share/turtlebot3_gazebo//models/turtlebot3_office/labtop_mac_2/materials/scripts
[0.425s] -- Up-to-date: /home/anurag/griffin/install/turtlebot3_gazebo/share/turtlebot3_gazebo//models/turtlebot3_office/labtop_mac_2/materials/scripts/labtop_screen_2.material
[0.425s] -- Up-to-date: /home/anurag/griffin/install/turtlebot3_gazebo/share/turtlebot3_gazebo//models/turtlebot3_office/labtop_mac_2/materials/textures
[0.426s] -- Up-to-date: /home/anurag/griffin/install/turtlebot3_gazebo/share/turtlebot3_gazebo//models/turtlebot3_office/labtop_mac_2/materials/textures/labtop_screen2.jpg
[0.426s] -- Up-to-date: /home/anurag/griffin/install/turtlebot3_gazebo/share/turtlebot3_gazebo//models/turtlebot3_office/labtop_mac_2/model.config
[0.426s] -- Up-to-date: /home/anurag/griffin/install/turtlebot3_gazebo/share/turtlebot3_gazebo//models/turtlebot3_office/labtop_mac_2/model.sdf
[0.426s] -- Up-to-date: /home/anurag/griffin/install/turtlebot3_gazebo/share/turtlebot3_gazebo//models/turtlebot3_office/bowl
[0.426s] -- Up-to-date: /home/anurag/griffin/install/turtlebot3_gazebo/share/turtlebot3_gazebo//models/turtlebot3_office/bowl/meshes
[0.426s] -- Up-to-date: /home/anurag/griffin/install/turtlebot3_gazebo/share/turtlebot3_gazebo//models/turtlebot3_office/bowl/meshes/bowl.dae
[0.426s] -- Up-to-date: /home/anurag/griffin/install/turtlebot3_gazebo/share/turtlebot3_gazebo//models/turtlebot3_office/bowl/model.config
[0.426s] -- Up-to-date: /home/anurag/griffin/install/turtlebot3_gazebo/share/turtlebot3_gazebo//models/turtlebot3_office/bowl/model.sdf
[0.426s] -- Up-to-date: /home/anurag/griffin/install/turtlebot3_gazebo/share/turtlebot3_gazebo//models/turtlebot3_office/bowl/model-1_2.sdf
[0.426s] -- Up-to-date: /home/anurag/griffin/install/turtlebot3_gazebo/share/turtlebot3_gazebo//models/turtlebot3_office/bowl/model-1_4.sdf
[0.426s] -- Up-to-date: /home/anurag/griffin/install/turtlebot3_gazebo/share/turtlebot3_gazebo//models/turtlebot3_office/bowl/model-1_3.sdf
[0.426s] -- Up-to-date: /home/anurag/griffin/install/turtlebot3_gazebo/share/turtlebot3_gazebo//models/turtlebot3_office/file_1
[0.426s] -- Up-to-date: /home/anurag/griffin/install/turtlebot3_gazebo/share/turtlebot3_gazebo//models/turtlebot3_office/file_1/meshes
[0.426s] -- Up-to-date: /home/anurag/griffin/install/turtlebot3_gazebo/share/turtlebot3_gazebo//models/turtlebot3_office/file_1/meshes/model.dae
[0.426s] -- Up-to-date: /home/anurag/griffin/install/turtlebot3_gazebo/share/turtlebot3_gazebo//models/turtlebot3_office/file_1/meshes/body.dae
[0.426s] -- Up-to-date: /home/anurag/griffin/install/turtlebot3_gazebo/share/turtlebot3_gazebo//models/turtlebot3_office/file_1/meshes/tag.dae
[0.426s] -- Up-to-date: /home/anurag/griffin/install/turtlebot3_gazebo/share/turtlebot3_gazebo//models/turtlebot3_office/file_1/meshes/ring.dae
[0.426s] -- Up-to-date: /home/anurag/griffin/install/turtlebot3_gazebo/share/turtlebot3_gazebo//models/turtlebot3_office/file_1/model.config
[0.426s] -- Up-to-date: /home/anurag/griffin/install/turtlebot3_gazebo/share/turtlebot3_gazebo//models/turtlebot3_office/file_1/model.sdf
[0.426s] -- Up-to-date: /home/anurag/griffin/install/turtlebot3_gazebo/share/turtlebot3_gazebo//models/turtlebot3_office/office_lamp
[0.426s] -- Up-to-date: /home/anurag/griffin/install/turtlebot3_gazebo/share/turtlebot3_gazebo//models/turtlebot3_office/office_lamp/meshes
[0.426s] -- Up-to-date: /home/anurag/griffin/install/turtlebot3_gazebo/share/turtlebot3_gazebo//models/turtlebot3_office/office_lamp/meshes/office_lamp.dae
[0.427s] -- Up-to-date: /home/anurag/griffin/install/turtlebot3_gazebo/share/turtlebot3_gazebo//models/turtlebot3_office/office_lamp/materials
[0.427s] -- Up-to-date: /home/anurag/griffin/install/turtlebot3_gazebo/share/turtlebot3_gazebo//models/turtlebot3_office/office_lamp/materials/textures
[0.427s] -- Up-to-date: /home/anurag/griffin/install/turtlebot3_gazebo/share/turtlebot3_gazebo//models/turtlebot3_office/office_lamp/materials/textures/office_lamp_diffuse.png
[0.427s] -- Up-to-date: /home/anurag/griffin/install/turtlebot3_gazebo/share/turtlebot3_gazebo//models/turtlebot3_office/office_lamp/materials/textures/office_lamp_specular.png
[0.427s] -- Up-to-date: /home/anurag/griffin/install/turtlebot3_gazebo/share/turtlebot3_gazebo//models/turtlebot3_office/office_lamp/materials/textures/office_lamp_illumination.png
[0.427s] -- Up-to-date: /home/anurag/griffin/install/turtlebot3_gazebo/share/turtlebot3_gazebo//models/turtlebot3_office/office_lamp/model.config
[0.427s] -- Up-to-date: /home/anurag/griffin/install/turtlebot3_gazebo/share/turtlebot3_gazebo//models/turtlebot3_office/office_lamp/model.sdf
[0.427s] -- Up-to-date: /home/anurag/griffin/install/turtlebot3_gazebo/share/turtlebot3_gazebo//models/turtlebot3_office/side_table_1
[0.427s] -- Up-to-date: /home/anurag/griffin/install/turtlebot3_gazebo/share/turtlebot3_gazebo//models/turtlebot3_office/side_table_1/meshes
[0.427s] -- Up-to-date: /home/anurag/griffin/install/turtlebot3_gazebo/share/turtlebot3_gazebo//models/turtlebot3_office/side_table_1/meshes/legs.dae
[0.427s] -- Up-to-date: /home/anurag/griffin/install/turtlebot3_gazebo/share/turtlebot3_gazebo//models/turtlebot3_office/side_table_1/meshes/side_table_1.dae
[0.427s] -- Up-to-date: /home/anurag/griffin/install/turtlebot3_gazebo/share/turtlebot3_gazebo//models/turtlebot3_office/side_table_1/meshes/middle.dae
[0.427s] -- Up-to-date: /home/anurag/griffin/install/turtlebot3_gazebo/share/turtlebot3_gazebo//models/turtlebot3_office/side_table_1/meshes/leg.dae
[0.427s] -- Up-to-date: /home/anurag/griffin/install/turtlebot3_gazebo/share/turtlebot3_gazebo//models/turtlebot3_office/side_table_1/materials
[0.427s] -- Up-to-date: /home/anurag/griffin/install/turtlebot3_gazebo/share/turtlebot3_gazebo//models/turtlebot3_office/side_table_1/materials/scripts
[0.427s] -- Up-to-date: /home/anurag/griffin/install/turtlebot3_gazebo/share/turtlebot3_gazebo//models/turtlebot3_office/side_table_1/materials/scripts/side_table_1.material
[0.427s] -- Up-to-date: /home/anurag/griffin/install/turtlebot3_gazebo/share/turtlebot3_gazebo//models/turtlebot3_office/side_table_1/materials/textures
[0.427s] -- Up-to-date: /home/anurag/griffin/install/turtlebot3_gazebo/share/turtlebot3_gazebo//models/turtlebot3_office/side_table_1/materials/textures/brown_light.jpg
[0.427s] -- Up-to-date: /home/anurag/griffin/install/turtlebot3_gazebo/share/turtlebot3_gazebo//models/turtlebot3_office/side_table_1/model.config
[0.427s] -- Up-to-date: /home/anurag/griffin/install/turtlebot3_gazebo/share/turtlebot3_gazebo//models/turtlebot3_office/side_table_1/model.sdf
[0.427s] -- Up-to-date: /home/anurag/griffin/install/turtlebot3_gazebo/share/turtlebot3_gazebo//models/turtlebot3_office/bookshelf_large
[0.427s] -- Up-to-date: /home/anurag/griffin/install/turtlebot3_gazebo/share/turtlebot3_gazebo//models/turtlebot3_office/bookshelf_large/meshes
[0.427s] -- Up-to-date: /home/anurag/griffin/install/turtlebot3_gazebo/share/turtlebot3_gazebo//models/turtlebot3_office/bookshelf_large/meshes/model.dae
[0.427s] -- Up-to-date: /home/anurag/griffin/install/turtlebot3_gazebo/share/turtlebot3_gazebo//models/turtlebot3_office/bookshelf_large/meshes/glass.dae
[0.428s] -- Up-to-date: /home/anurag/griffin/install/turtlebot3_gazebo/share/turtlebot3_gazebo//models/turtlebot3_office/bookshelf_large/meshes/frame.dae
[0.428s] -- Up-to-date: /home/anurag/griffin/install/turtlebot3_gazebo/share/turtlebot3_gazebo//models/turtlebot3_office/bookshelf_large/materials
[0.428s] -- Up-to-date: /home/anurag/griffin/install/turtlebot3_gazebo/share/turtlebot3_gazebo//models/turtlebot3_office/bookshelf_large/materials/scripts
[0.428s] -- Up-to-date: /home/anurag/griffin/install/turtlebot3_gazebo/share/turtlebot3_gazebo//models/turtlebot3_office/bookshelf_large/materials/scripts/bookshelf.material
[0.428s] -- Up-to-date: /home/anurag/griffin/install/turtlebot3_gazebo/share/turtlebot3_gazebo//models/turtlebot3_office/bookshelf_large/materials/textures
[0.428s] -- Up-to-date: /home/anurag/griffin/install/turtlebot3_gazebo/share/turtlebot3_gazebo//models/turtlebot3_office/bookshelf_large/materials/textures/wood_dark_4.jpg
[0.428s] -- Up-to-date: /home/anurag/griffin/install/turtlebot3_gazebo/share/turtlebot3_gazebo//models/turtlebot3_office/bookshelf_large/model.config
[0.428s] -- Up-to-date: /home/anurag/griffin/install/turtlebot3_gazebo/share/turtlebot3_gazebo//models/turtlebot3_office/bookshelf_large/model.sdf
[0.428s] -- Up-to-date: /home/anurag/griffin/install/turtlebot3_gazebo/share/turtlebot3_gazebo//models/turtlebot3_office/refrigerator
[0.428s] -- Up-to-date: /home/anurag/griffin/install/turtlebot3_gazebo/share/turtlebot3_gazebo//models/turtlebot3_office/refrigerator/meshes
[0.428s] -- Up-to-date: /home/anurag/griffin/install/turtlebot3_gazebo/share/turtlebot3_gazebo//models/turtlebot3_office/refrigerator/meshes/refrigerator.obj
[0.428s] -- Up-to-date: /home/anurag/griffin/install/turtlebot3_gazebo/share/turtlebot3_gazebo//models/turtlebot3_office/refrigerator/meshes/refrigerator.mtl
[0.428s] -- Up-to-date: /home/anurag/griffin/install/turtlebot3_gazebo/share/turtlebot3_gazebo//models/turtlebot3_office/refrigerator/materials
[0.428s] -- Up-to-date: /home/anurag/griffin/install/turtlebot3_gazebo/share/turtlebot3_gazebo//models/turtlebot3_office/refrigerator/materials/textures
[0.428s] -- Up-to-date: /home/anurag/griffin/install/turtlebot3_gazebo/share/turtlebot3_gazebo//models/turtlebot3_office/refrigerator/materials/textures/refrigerator.png
[0.428s] -- Up-to-date: /home/anurag/griffin/install/turtlebot3_gazebo/share/turtlebot3_gazebo//models/turtlebot3_office/refrigerator/model.config
[0.428s] -- Up-to-date: /home/anurag/griffin/install/turtlebot3_gazebo/share/turtlebot3_gazebo//models/turtlebot3_office/refrigerator/model.sdf
[0.428s] -- Up-to-date: /home/anurag/griffin/install/turtlebot3_gazebo/share/turtlebot3_gazebo//models/turtlebot3_office/ground_plane
[0.428s] -- Up-to-date: /home/anurag/griffin/install/turtlebot3_gazebo/share/turtlebot3_gazebo//models/turtlebot3_office/ground_plane/model.config
[0.428s] -- Up-to-date: /home/anurag/griffin/install/turtlebot3_gazebo/share/turtlebot3_gazebo//models/turtlebot3_office/ground_plane/model.sdf
[0.428s] -- Up-to-date: /home/anurag/griffin/install/turtlebot3_gazebo/share/turtlebot3_gazebo//models/turtlebot3_office/ground_plane/model-1_2.sdf
[0.428s] -- Up-to-date: /home/anurag/griffin/install/turtlebot3_gazebo/share/turtlebot3_gazebo//models/turtlebot3_office/ground_plane/model-1_4.sdf
[0.428s] -- Up-to-date: /home/anurag/griffin/install/turtlebot3_gazebo/share/turtlebot3_gazebo//models/turtlebot3_office/ground_plane/model-1_3.sdf
[0.428s] -- Up-to-date: /home/anurag/griffin/install/turtlebot3_gazebo/share/turtlebot3_gazebo//models/turtlebot3_office/book_10
[0.428s] -- Up-to-date: /home/anurag/griffin/install/turtlebot3_gazebo/share/turtlebot3_gazebo//models/turtlebot3_office/book_10/materials
[0.428s] -- Up-to-date: /home/anurag/griffin/install/turtlebot3_gazebo/share/turtlebot3_gazebo//models/turtlebot3_office/book_10/materials/scripts
[0.429s] -- Up-to-date: /home/anurag/griffin/install/turtlebot3_gazebo/share/turtlebot3_gazebo//models/turtlebot3_office/book_10/materials/scripts/book_10.material
[0.429s] -- Up-to-date: /home/anurag/griffin/install/turtlebot3_gazebo/share/turtlebot3_gazebo//models/turtlebot3_office/book_10/materials/textures
[0.429s] -- Up-to-date: /home/anurag/griffin/install/turtlebot3_gazebo/share/turtlebot3_gazebo//models/turtlebot3_office/book_10/materials/textures/cover10.jpg
[0.429s] -- Up-to-date: /home/anurag/griffin/install/turtlebot3_gazebo/share/turtlebot3_gazebo//models/turtlebot3_office/book_10/model.config
[0.429s] -- Up-to-date: /home/anurag/griffin/install/turtlebot3_gazebo/share/turtlebot3_gazebo//models/turtlebot3_office/book_10/model.sdf
[0.429s] -- Up-to-date: /home/anurag/griffin/install/turtlebot3_gazebo/share/turtlebot3_gazebo//models/turtlebot3_office/office_couch
[0.429s] -- Up-to-date: /home/anurag/griffin/install/turtlebot3_gazebo/share/turtlebot3_gazebo//models/turtlebot3_office/office_couch/meshes
[0.429s] -- Up-to-date: /home/anurag/griffin/install/turtlebot3_gazebo/share/turtlebot3_gazebo//models/turtlebot3_office/office_couch/meshes/office_couch.dae
[0.429s] -- Up-to-date: /home/anurag/griffin/install/turtlebot3_gazebo/share/turtlebot3_gazebo//models/turtlebot3_office/office_couch/materials
[0.429s] -- Up-to-date: /home/anurag/griffin/install/turtlebot3_gazebo/share/turtlebot3_gazebo//models/turtlebot3_office/office_couch/materials/textures
[0.429s] -- Up-to-date: /home/anurag/griffin/install/turtlebot3_gazebo/share/turtlebot3_gazebo//models/turtlebot3_office/office_couch/materials/textures/office_couch_specular.png
[0.429s] -- Up-to-date: /home/anurag/griffin/install/turtlebot3_gazebo/share/turtlebot3_gazebo//models/turtlebot3_office/office_couch/materials/textures/office_couch_diffuse.png
[0.429s] -- Up-to-date: /home/anurag/griffin/install/turtlebot3_gazebo/share/turtlebot3_gazebo//models/turtlebot3_office/office_couch/model.config
[0.429s] -- Up-to-date: /home/anurag/griffin/install/turtlebot3_gazebo/share/turtlebot3_gazebo//models/turtlebot3_office/office_couch/model.sdf
[0.429s] -- Up-to-date: /home/anurag/griffin/install/turtlebot3_gazebo/share/turtlebot3_gazebo//models/turtlebot3_office/donut_frost_1
[0.429s] -- Up-to-date: /home/anurag/griffin/install/turtlebot3_gazebo/share/turtlebot3_gazebo//models/turtlebot3_office/donut_frost_1/meshes
[0.429s] -- Up-to-date: /home/anurag/griffin/install/turtlebot3_gazebo/share/turtlebot3_gazebo//models/turtlebot3_office/donut_frost_1/meshes/donut2_dust.dae
[0.429s] -- Up-to-date: /home/anurag/griffin/install/turtlebot3_gazebo/share/turtlebot3_gazebo//models/turtlebot3_office/donut_frost_1/meshes/donut2.dae
[0.429s] -- Up-to-date: /home/anurag/griffin/install/turtlebot3_gazebo/share/turtlebot3_gazebo//models/turtlebot3_office/donut_frost_1/meshes/donut2_frost.dae
[0.430s] -- Up-to-date: /home/anurag/griffin/install/turtlebot3_gazebo/share/turtlebot3_gazebo//models/turtlebot3_office/donut_frost_1/meshes/donut2_bread.dae
[0.430s] -- Up-to-date: /home/anurag/griffin/install/turtlebot3_gazebo/share/turtlebot3_gazebo//models/turtlebot3_office/donut_frost_1/model.config
[0.430s] -- Up-to-date: /home/anurag/griffin/install/turtlebot3_gazebo/share/turtlebot3_gazebo//models/turtlebot3_office/donut_frost_1/model.sdf
[0.430s] -- Up-to-date: /home/anurag/griffin/install/turtlebot3_gazebo/share/turtlebot3_gazebo//models/turtlebot3_office/toilet
[0.430s] -- Up-to-date: /home/anurag/griffin/install/turtlebot3_gazebo/share/turtlebot3_gazebo//models/turtlebot3_office/toilet/meshes
[0.430s] -- Up-to-date: /home/anurag/griffin/install/turtlebot3_gazebo/share/turtlebot3_gazebo//models/turtlebot3_office/toilet/meshes/toilet.dae
[0.430s] -- Up-to-date: /home/anurag/griffin/install/turtlebot3_gazebo/share/turtlebot3_gazebo//models/turtlebot3_office/toilet/materials
[0.430s] -- Up-to-date: /home/anurag/griffin/install/turtlebot3_gazebo/share/turtlebot3_gazebo//models/turtlebot3_office/toilet/materials/textures
[0.430s] -- Up-to-date: /home/anurag/griffin/install/turtlebot3_gazebo/share/turtlebot3_gazebo//models/turtlebot3_office/toilet/materials/textures/toilet_diffuse_specular.png
[0.430s] -- Up-to-date: /home/anurag/griffin/install/turtlebot3_gazebo/share/turtlebot3_gazebo//models/turtlebot3_office/toilet/model.config
[0.430s] -- Up-to-date: /home/anurag/griffin/install/turtlebot3_gazebo/share/turtlebot3_gazebo//models/turtlebot3_office/toilet/model.sdf
[0.430s] -- Up-to-date: /home/anurag/griffin/install/turtlebot3_gazebo/share/turtlebot3_gazebo//models/turtlebot3_office/office_chair
[0.430s] -- Up-to-date: /home/anurag/griffin/install/turtlebot3_gazebo/share/turtlebot3_gazebo//models/turtlebot3_office/office_chair/meshes
[0.430s] -- Up-to-date: /home/anurag/griffin/install/turtlebot3_gazebo/share/turtlebot3_gazebo//models/turtlebot3_office/office_chair/meshes/chair_cushion.dae
[0.430s] -- Up-to-date: /home/anurag/griffin/install/turtlebot3_gazebo/share/turtlebot3_gazebo//models/turtlebot3_office/office_chair/meshes/chair_wheels.dae
[0.430s] -- Up-to-date: /home/anurag/griffin/install/turtlebot3_gazebo/share/turtlebot3_gazebo//models/turtlebot3_office/office_chair/meshes/office_chair.dae
[0.430s] -- Up-to-date: /home/anurag/griffin/install/turtlebot3_gazebo/share/turtlebot3_gazebo//models/turtlebot3_office/office_chair/meshes/chair_base.dae
[0.430s] -- Up-to-date: /home/anurag/griffin/install/turtlebot3_gazebo/share/turtlebot3_gazebo//models/turtlebot3_office/office_chair/materials
[0.430s] -- Up-to-date: /home/anurag/griffin/install/turtlebot3_gazebo/share/turtlebot3_gazebo//models/turtlebot3_office/office_chair/materials/textures
[0.430s] -- Up-to-date: /home/anurag/griffin/install/turtlebot3_gazebo/share/turtlebot3_gazebo//models/turtlebot3_office/office_chair/materials/textures/office_chair_diffuse.png
[0.430s] -- Up-to-date: /home/anurag/griffin/install/turtlebot3_gazebo/share/turtlebot3_gazebo//models/turtlebot3_office/office_chair/materials/textures/office_chair_specular.png
[0.430s] -- Up-to-date: /home/anurag/griffin/install/turtlebot3_gazebo/share/turtlebot3_gazebo//models/turtlebot3_office/office_chair/model.config
[0.430s] -- Up-to-date: /home/anurag/griffin/install/turtlebot3_gazebo/share/turtlebot3_gazebo//models/turtlebot3_office/office_chair/model.sdf
[0.430s] -- Up-to-date: /home/anurag/griffin/install/turtlebot3_gazebo/share/turtlebot3_gazebo//models/turtlebot3_office/office_desk
[0.430s] -- Up-to-date: /home/anurag/griffin/install/turtlebot3_gazebo/share/turtlebot3_gazebo//models/turtlebot3_office/office_desk/meshes
[0.430s] -- Up-to-date: /home/anurag/griffin/install/turtlebot3_gazebo/share/turtlebot3_gazebo//models/turtlebot3_office/office_desk/meshes/office_desk.dae
[0.430s] -- Up-to-date: /home/anurag/griffin/install/turtlebot3_gazebo/share/turtlebot3_gazebo//models/turtlebot3_office/office_desk/materials
[0.430s] -- Up-to-date: /home/anurag/griffin/install/turtlebot3_gazebo/share/turtlebot3_gazebo//models/turtlebot3_office/office_desk/materials/textures
[0.430s] -- Up-to-date: /home/anurag/griffin/install/turtlebot3_gazebo/share/turtlebot3_gazebo//models/turtlebot3_office/office_desk/materials/textures/office_desk_specular.png
[0.430s] -- Up-to-date: /home/anurag/griffin/install/turtlebot3_gazebo/share/turtlebot3_gazebo//models/turtlebot3_office/office_desk/materials/textures/office_desk_diffuse.png
[0.430s] -- Up-to-date: /home/anurag/griffin/install/turtlebot3_gazebo/share/turtlebot3_gazebo//models/turtlebot3_office/office_desk/model.config
[0.431s] -- Up-to-date: /home/anurag/griffin/install/turtlebot3_gazebo/share/turtlebot3_gazebo//models/turtlebot3_office/office_desk/model.sdf
[0.431s] -- Up-to-date: /home/anurag/griffin/install/turtlebot3_gazebo/share/turtlebot3_gazebo//models/turtlebot3_office/book_2
[0.431s] -- Up-to-date: /home/anurag/griffin/install/turtlebot3_gazebo/share/turtlebot3_gazebo//models/turtlebot3_office/book_2/materials
[0.431s] -- Up-to-date: /home/anurag/griffin/install/turtlebot3_gazebo/share/turtlebot3_gazebo//models/turtlebot3_office/book_2/materials/scripts
[0.431s] -- Up-to-date: /home/anurag/griffin/install/turtlebot3_gazebo/share/turtlebot3_gazebo//models/turtlebot3_office/book_2/materials/scripts/book_2.material
[0.431s] -- Up-to-date: /home/anurag/griffin/install/turtlebot3_gazebo/share/turtlebot3_gazebo//models/turtlebot3_office/book_2/materials/textures
[0.431s] -- Up-to-date: /home/anurag/griffin/install/turtlebot3_gazebo/share/turtlebot3_gazebo//models/turtlebot3_office/book_2/materials/textures/cover2.jpg
[0.431s] -- Up-to-date: /home/anurag/griffin/install/turtlebot3_gazebo/share/turtlebot3_gazebo//models/turtlebot3_office/book_2/model.config
[0.431s] -- Up-to-date: /home/anurag/griffin/install/turtlebot3_gazebo/share/turtlebot3_gazebo//models/turtlebot3_office/book_2/model.sdf
[0.431s] -- Up-to-date: /home/anurag/griffin/install/turtlebot3_gazebo/share/turtlebot3_gazebo//models/turtlebot3_office/coca_cola
[0.431s] -- Up-to-date: /home/anurag/griffin/install/turtlebot3_gazebo/share/turtlebot3_gazebo//models/turtlebot3_office/coca_cola/meshes
[0.431s] -- Up-to-date: /home/anurag/griffin/install/turtlebot3_gazebo/share/turtlebot3_gazebo//models/turtlebot3_office/coca_cola/meshes/coke.dae
[0.431s] -- Up-to-date: /home/anurag/griffin/install/turtlebot3_gazebo/share/turtlebot3_gazebo//models/turtlebot3_office/coca_cola/meshes/aluminum.jpg
[0.431s] -- Up-to-date: /home/anurag/griffin/install/turtlebot3_gazebo/share/turtlebot3_gazebo//models/turtlebot3_office/coca_cola/meshes/can_ring_pull_end_centre.png
[0.431s] -- Up-to-date: /home/anurag/griffin/install/turtlebot3_gazebo/share/turtlebot3_gazebo//models/turtlebot3_office/coca_cola/meshes/coke_uv_map.jpg
[0.431s] -- Up-to-date: /home/anurag/griffin/install/turtlebot3_gazebo/share/turtlebot3_gazebo//models/turtlebot3_office/coca_cola/materials
[0.431s] -- Up-to-date: /home/anurag/griffin/install/turtlebot3_gazebo/share/turtlebot3_gazebo//models/turtlebot3_office/coca_cola/materials/scripts
[0.431s] -- Up-to-date: /home/anurag/griffin/install/turtlebot3_gazebo/share/turtlebot3_gazebo//models/turtlebot3_office/coca_cola/materials/scripts/coke.material
[0.431s] -- Up-to-date: /home/anurag/griffin/install/turtlebot3_gazebo/share/turtlebot3_gazebo//models/turtlebot3_office/coca_cola/materials/textures
[0.431s] -- Up-to-date: /home/anurag/griffin/install/turtlebot3_gazebo/share/turtlebot3_gazebo//models/turtlebot3_office/coca_cola/materials/textures/cokecan.jpg
[0.432s] -- Up-to-date: /home/anurag/griffin/install/turtlebot3_gazebo/share/turtlebot3_gazebo//models/turtlebot3_office/coca_cola/model.config
[0.432s] -- Up-to-date: /home/anurag/griffin/install/turtlebot3_gazebo/share/turtlebot3_gazebo//models/turtlebot3_office/coca_cola/model.sdf
[0.432s] -- Up-to-date: /home/anurag/griffin/install/turtlebot3_gazebo/share/turtlebot3_gazebo//models/turtlebot3_world
[0.432s] -- Up-to-date: /home/anurag/griffin/install/turtlebot3_gazebo/share/turtlebot3_gazebo//models/turtlebot3_world/meshes
[0.432s] -- Up-to-date: /home/anurag/griffin/install/turtlebot3_gazebo/share/turtlebot3_gazebo//models/turtlebot3_world/meshes/wall.dae
[0.432s] -- Up-to-date: /home/anurag/griffin/install/turtlebot3_gazebo/share/turtlebot3_gazebo//models/turtlebot3_world/meshes/hexagon.dae
[0.432s] -- Up-to-date: /home/anurag/griffin/install/turtlebot3_gazebo/share/turtlebot3_gazebo//models/turtlebot3_world/model.config
[0.432s] -- Up-to-date: /home/anurag/griffin/install/turtlebot3_gazebo/share/turtlebot3_gazebo//models/turtlebot3_world/model.sdf
[0.432s] -- Up-to-date: /home/anurag/griffin/install/turtlebot3_gazebo/share/turtlebot3_gazebo//models/turtlebot3_world/model-1_4.sdf
[0.432s] -- Up-to-date: /home/anurag/griffin/install/turtlebot3_gazebo/share/turtlebot3_gazebo//models/turtlebot3_burger
[0.432s] -- Up-to-date: /home/anurag/griffin/install/turtlebot3_gazebo/share/turtlebot3_gazebo//models/turtlebot3_burger/model.config
[0.432s] -- Up-to-date: /home/anurag/griffin/install/turtlebot3_gazebo/share/turtlebot3_gazebo//models/turtlebot3_burger/model.sdf
[0.432s] -- Up-to-date: /home/anurag/griffin/install/turtlebot3_gazebo/share/turtlebot3_gazebo//models/turtlebot3_burger/model-1_4.sdf
[0.432s] -- Up-to-date: /home/anurag/griffin/install/turtlebot3_gazebo/share/turtlebot3_gazebo//models/turtlebot3_burger/model (copy).sdf
[0.432s] -- Up-to-date: /home/anurag/griffin/install/turtlebot3_gazebo/share/turtlebot3_gazebo//models/turtlebot3_burger_cam
[0.432s] -- Up-to-date: /home/anurag/griffin/install/turtlebot3_gazebo/share/turtlebot3_gazebo//models/turtlebot3_burger_cam/model.config
[0.432s] -- Up-to-date: /home/anurag/griffin/install/turtlebot3_gazebo/share/turtlebot3_gazebo//models/turtlebot3_burger_cam/model.sdf
[0.432s] -- Up-to-date: /home/anurag/griffin/install/turtlebot3_gazebo/share/turtlebot3_gazebo//models/turtlebot3_burger_cam/model-1_4.sdf
[0.432s] -- Up-to-date: /home/anurag/griffin/install/turtlebot3_gazebo/share/turtlebot3_gazebo//models/turtlebot3_house
[0.432s] -- Up-to-date: /home/anurag/griffin/install/turtlebot3_gazebo/share/turtlebot3_gazebo//models/turtlebot3_house/model.config
[0.432s] -- Up-to-date: /home/anurag/griffin/install/turtlebot3_gazebo/share/turtlebot3_gazebo//models/turtlebot3_house/model.sdf
[0.432s] -- Up-to-date: /home/anurag/griffin/install/turtlebot3_gazebo/share/turtlebot3_gazebo//models/turtlebot3_common
[0.432s] -- Up-to-date: /home/anurag/griffin/install/turtlebot3_gazebo/share/turtlebot3_gazebo//models/turtlebot3_common/meshes
[0.432s] -- Up-to-date: /home/anurag/griffin/install/turtlebot3_gazebo/share/turtlebot3_gazebo//models/turtlebot3_common/meshes/sensors
[0.432s] -- Up-to-date: /home/anurag/griffin/install/turtlebot3_gazebo/share/turtlebot3_gazebo//models/turtlebot3_common/meshes/sensors/astra.dae
[0.432s] -- Up-to-date: /home/anurag/griffin/install/turtlebot3_gazebo/share/turtlebot3_gazebo//models/turtlebot3_common/meshes/sensors/lds.stl
[0.432s] -- Up-to-date: /home/anurag/griffin/install/turtlebot3_gazebo/share/turtlebot3_gazebo//models/turtlebot3_common/meshes/sensors/r200.jpg
[0.432s] -- Up-to-date: /home/anurag/griffin/install/turtlebot3_gazebo/share/turtlebot3_gazebo//models/turtlebot3_common/meshes/sensors/r200.dae
[0.432s] -- Up-to-date: /home/anurag/griffin/install/turtlebot3_gazebo/share/turtlebot3_gazebo//models/turtlebot3_common/meshes/sensors/astra.jpg
[0.433s] -- Up-to-date: /home/anurag/griffin/install/turtlebot3_gazebo/share/turtlebot3_gazebo//models/turtlebot3_common/meshes/wheels
[0.433s] -- Up-to-date: /home/anurag/griffin/install/turtlebot3_gazebo/share/turtlebot3_gazebo//models/turtlebot3_common/meshes/wheels/left_tire.stl
[0.433s] -- Up-to-date: /home/anurag/griffin/install/turtlebot3_gazebo/share/turtlebot3_gazebo//models/turtlebot3_common/meshes/wheels/right_tire.stl
[0.433s] -- Up-to-date: /home/anurag/griffin/install/turtlebot3_gazebo/share/turtlebot3_gazebo//models/turtlebot3_common/meshes/waffle_base.dae
[0.433s] -- Up-to-date: /home/anurag/griffin/install/turtlebot3_gazebo/share/turtlebot3_gazebo//models/turtlebot3_common/meshes/bases
[0.433s] -- Up-to-date: /home/anurag/griffin/install/turtlebot3_gazebo/share/turtlebot3_gazebo//models/turtlebot3_common/meshes/bases/waffle_pi_base.stl
[0.433s] -- Up-to-date: /home/anurag/griffin/install/turtlebot3_gazebo/share/turtlebot3_gazebo//models/turtlebot3_common/meshes/bases/waffle_base.stl
[0.433s] -- Up-to-date: /home/anurag/griffin/install/turtlebot3_gazebo/share/turtlebot3_gazebo//models/turtlebot3_common/meshes/bases/burger_base.stl
[0.433s] -- Up-to-date: /home/anurag/griffin/install/turtlebot3_gazebo/share/turtlebot3_gazebo//models/turtlebot3_common/meshes/burger_base.dae
[0.433s] -- Up-to-date: /home/anurag/griffin/install/turtlebot3_gazebo/share/turtlebot3_gazebo//models/turtlebot3_common/meshes/waffle_pi_base.dae
[0.433s] -- Up-to-date: /home/anurag/griffin/install/turtlebot3_gazebo/share/turtlebot3_gazebo//models/turtlebot3_common/meshes/r200.dae
[0.433s] -- Up-to-date: /home/anurag/griffin/install/turtlebot3_gazebo/share/turtlebot3_gazebo//models/turtlebot3_common/meshes/tire.dae
[0.433s] -- Up-to-date: /home/anurag/griffin/install/turtlebot3_gazebo/share/turtlebot3_gazebo//models/turtlebot3_common/meshes/lds.dae
[0.433s] -- Up-to-date: /home/anurag/griffin/install/turtlebot3_gazebo/share/turtlebot3_gazebo//models/turtlebot3_common/model.config
[0.433s] -- Up-to-date: /home/anurag/griffin/install/turtlebot3_gazebo/share/turtlebot3_gazebo//models/turtlebot3_autorace_2020
[0.433s] -- Up-to-date: /home/anurag/griffin/install/turtlebot3_gazebo/share/turtlebot3_gazebo//models/turtlebot3_autorace_2020/traffic_left
[0.433s] -- Up-to-date: /home/anurag/griffin/install/turtlebot3_gazebo/share/turtlebot3_gazebo//models/turtlebot3_autorace_2020/traffic_left/materials
[0.433s] -- Up-to-date: /home/anurag/griffin/install/turtlebot3_gazebo/share/turtlebot3_gazebo//models/turtlebot3_autorace_2020/traffic_left/materials/scripts
[0.433s] -- Up-to-date: /home/anurag/griffin/install/turtlebot3_gazebo/share/turtlebot3_gazebo//models/turtlebot3_autorace_2020/traffic_left/materials/scripts/traffic_is_left.material
[0.433s] -- Up-to-date: /home/anurag/griffin/install/turtlebot3_gazebo/share/turtlebot3_gazebo//models/turtlebot3_autorace_2020/traffic_left/materials/textures
[0.433s] -- Up-to-date: /home/anurag/griffin/install/turtlebot3_gazebo/share/turtlebot3_gazebo//models/turtlebot3_autorace_2020/traffic_left/materials/textures/traffic_left.png
[0.433s] -- Up-to-date: /home/anurag/griffin/install/turtlebot3_gazebo/share/turtlebot3_gazebo//models/turtlebot3_autorace_2020/traffic_left/model.config
[0.433s] -- Up-to-date: /home/anurag/griffin/install/turtlebot3_gazebo/share/turtlebot3_gazebo//models/turtlebot3_autorace_2020/traffic_left/model.sdf
[0.433s] -- Up-to-date: /home/anurag/griffin/install/turtlebot3_gazebo/share/turtlebot3_gazebo//models/turtlebot3_autorace_2020/traffic_tunnel
[0.433s] -- Up-to-date: /home/anurag/griffin/install/turtlebot3_gazebo/share/turtlebot3_gazebo//models/turtlebot3_autorace_2020/traffic_tunnel/materials
[0.433s] -- Up-to-date: /home/anurag/griffin/install/turtlebot3_gazebo/share/turtlebot3_gazebo//models/turtlebot3_autorace_2020/traffic_tunnel/materials/scripts
[0.433s] -- Up-to-date: /home/anurag/griffin/install/turtlebot3_gazebo/share/turtlebot3_gazebo//models/turtlebot3_autorace_2020/traffic_tunnel/materials/scripts/tunnel.material
[0.434s] -- Up-to-date: /home/anurag/griffin/install/turtlebot3_gazebo/share/turtlebot3_gazebo//models/turtlebot3_autorace_2020/traffic_tunnel/materials/textures
[0.434s] -- Up-to-date: /home/anurag/griffin/install/turtlebot3_gazebo/share/turtlebot3_gazebo//models/turtlebot3_autorace_2020/traffic_tunnel/materials/textures/tunnel.png
[0.434s] -- Up-to-date: /home/anurag/griffin/install/turtlebot3_gazebo/share/turtlebot3_gazebo//models/turtlebot3_autorace_2020/traffic_tunnel/model.config
[0.434s] -- Up-to-date: /home/anurag/griffin/install/turtlebot3_gazebo/share/turtlebot3_gazebo//models/turtlebot3_autorace_2020/traffic_tunnel/model.sdf
[0.434s] -- Up-to-date: /home/anurag/griffin/install/turtlebot3_gazebo/share/turtlebot3_gazebo//models/turtlebot3_autorace_2020/checker
[0.434s] -- Up-to-date: /home/anurag/griffin/install/turtlebot3_gazebo/share/turtlebot3_gazebo//models/turtlebot3_autorace_2020/checker/materials
[0.434s] -- Up-to-date: /home/anurag/griffin/install/turtlebot3_gazebo/share/turtlebot3_gazebo//models/turtlebot3_autorace_2020/checker/materials/scripts
[0.434s] -- Up-to-date: /home/anurag/griffin/install/turtlebot3_gazebo/share/turtlebot3_gazebo//models/turtlebot3_autorace_2020/checker/materials/scripts/checker.material
[0.434s] -- Up-to-date: /home/anurag/griffin/install/turtlebot3_gazebo/share/turtlebot3_gazebo//models/turtlebot3_autorace_2020/checker/materials/checker.png
[0.434s] -- Up-to-date: /home/anurag/griffin/install/turtlebot3_gazebo/share/turtlebot3_gazebo//models/turtlebot3_autorace_2020/checker/materials/textures
[0.434s] -- Up-to-date: /home/anurag/griffin/install/turtlebot3_gazebo/share/turtlebot3_gazebo//models/turtlebot3_autorace_2020/checker/materials/textures/checker.png
[0.434s] -- Up-to-date: /home/anurag/griffin/install/turtlebot3_gazebo/share/turtlebot3_gazebo//models/turtlebot3_autorace_2020/checker/model.config
[0.434s] -- Up-to-date: /home/anurag/griffin/install/turtlebot3_gazebo/share/turtlebot3_gazebo//models/turtlebot3_autorace_2020/checker/model.sdf
[0.434s] -- Up-to-date: /home/anurag/griffin/install/turtlebot3_gazebo/share/turtlebot3_gazebo//models/turtlebot3_autorace_2020/course
[0.434s] -- Up-to-date: /home/anurag/griffin/install/turtlebot3_gazebo/share/turtlebot3_gazebo//models/turtlebot3_autorace_2020/course/materials
[0.434s] -- Up-to-date: /home/anurag/griffin/install/turtlebot3_gazebo/share/turtlebot3_gazebo//models/turtlebot3_autorace_2020/course/materials/scripts
[0.434s] -- Up-to-date: /home/anurag/griffin/install/turtlebot3_gazebo/share/turtlebot3_gazebo//models/turtlebot3_autorace_2020/course/materials/scripts/course.material
[0.434s] -- Up-to-date: /home/anurag/griffin/install/turtlebot3_gazebo/share/turtlebot3_gazebo//models/turtlebot3_autorace_2020/course/materials/textures
[0.435s] -- Up-to-date: /home/anurag/griffin/install/turtlebot3_gazebo/share/turtlebot3_gazebo//models/turtlebot3_autorace_2020/course/materials/textures/course.png
[0.435s] -- Up-to-date: /home/anurag/griffin/install/turtlebot3_gazebo/share/turtlebot3_gazebo//models/turtlebot3_autorace_2020/course/model.config
[0.435s] -- Up-to-date: /home/anurag/griffin/install/turtlebot3_gazebo/share/turtlebot3_gazebo//models/turtlebot3_autorace_2020/course/model.sdf
[0.435s] -- Up-to-date: /home/anurag/griffin/install/turtlebot3_gazebo/share/turtlebot3_gazebo//models/turtlebot3_autorace_2020/traffic_pl_left
[0.435s] -- Up-to-date: /home/anurag/griffin/install/turtlebot3_gazebo/share/turtlebot3_gazebo//models/turtlebot3_autorace_2020/traffic_pl_left/materials
[0.435s] -- Up-to-date: /home/anurag/griffin/install/turtlebot3_gazebo/share/turtlebot3_gazebo//models/turtlebot3_autorace_2020/traffic_pl_left/materials/scripts
[0.435s] -- Up-to-date: /home/anurag/griffin/install/turtlebot3_gazebo/share/turtlebot3_gazebo//models/turtlebot3_autorace_2020/traffic_pl_left/materials/scripts/traffic_pl_left.material
[0.435s] -- Up-to-date: /home/anurag/griffin/install/turtlebot3_gazebo/share/turtlebot3_gazebo//models/turtlebot3_autorace_2020/traffic_pl_left/materials/textures
[0.435s] -- Up-to-date: /home/anurag/griffin/install/turtlebot3_gazebo/share/turtlebot3_gazebo//models/turtlebot3_autorace_2020/traffic_pl_left/materials/textures/traffic_pl_left.png
[0.435s] -- Up-to-date: /home/anurag/griffin/install/turtlebot3_gazebo/share/turtlebot3_gazebo//models/turtlebot3_autorace_2020/traffic_pl_left/model.config
[0.435s] -- Up-to-date: /home/anurag/griffin/install/turtlebot3_gazebo/share/turtlebot3_gazebo//models/turtlebot3_autorace_2020/traffic_pl_left/model.sdf
[0.435s] -- Up-to-date: /home/anurag/griffin/install/turtlebot3_gazebo/share/turtlebot3_gazebo//models/turtlebot3_autorace_2020/traffic_parking
[0.435s] -- Up-to-date: /home/anurag/griffin/install/turtlebot3_gazebo/share/turtlebot3_gazebo//models/turtlebot3_autorace_2020/traffic_parking/materials
[0.435s] -- Up-to-date: /home/anurag/griffin/install/turtlebot3_gazebo/share/turtlebot3_gazebo//models/turtlebot3_autorace_2020/traffic_parking/materials/scripts
[0.435s] -- Up-to-date: /home/anurag/griffin/install/turtlebot3_gazebo/share/turtlebot3_gazebo//models/turtlebot3_autorace_2020/traffic_parking/materials/scripts/traffic_parking.material
[0.435s] -- Up-to-date: /home/anurag/griffin/install/turtlebot3_gazebo/share/turtlebot3_gazebo//models/turtlebot3_autorace_2020/traffic_parking/materials/textures
[0.435s] -- Up-to-date: /home/anurag/griffin/install/turtlebot3_gazebo/share/turtlebot3_gazebo//models/turtlebot3_autorace_2020/traffic_parking/materials/textures/traffic_parking.png
[0.435s] -- Up-to-date: /home/anurag/griffin/install/turtlebot3_gazebo/share/turtlebot3_gazebo//models/turtlebot3_autorace_2020/traffic_parking/model.config
[0.435s] -- Up-to-date: /home/anurag/griffin/install/turtlebot3_gazebo/share/turtlebot3_gazebo//models/turtlebot3_autorace_2020/traffic_parking/model.sdf
[0.435s] -- Up-to-date: /home/anurag/griffin/install/turtlebot3_gazebo/share/turtlebot3_gazebo//models/turtlebot3_autorace_2020/traffic_right
[0.435s] -- Up-to-date: /home/anurag/griffin/install/turtlebot3_gazebo/share/turtlebot3_gazebo//models/turtlebot3_autorace_2020/traffic_right/materials
[0.435s] -- Up-to-date: /home/anurag/griffin/install/turtlebot3_gazebo/share/turtlebot3_gazebo//models/turtlebot3_autorace_2020/traffic_right/materials/scripts
[0.435s] -- Up-to-date: /home/anurag/griffin/install/turtlebot3_gazebo/share/turtlebot3_gazebo//models/turtlebot3_autorace_2020/traffic_right/materials/scripts/traffic_right.material
[0.435s] -- Up-to-date: /home/anurag/griffin/install/turtlebot3_gazebo/share/turtlebot3_gazebo//models/turtlebot3_autorace_2020/traffic_right/materials/textures
[0.435s] -- Up-to-date: /home/anurag/griffin/install/turtlebot3_gazebo/share/turtlebot3_gazebo//models/turtlebot3_autorace_2020/traffic_right/materials/textures/traffic_right.png
[0.435s] -- Up-to-date: /home/anurag/griffin/install/turtlebot3_gazebo/share/turtlebot3_gazebo//models/turtlebot3_autorace_2020/traffic_right/model.config
[0.435s] -- Up-to-date: /home/anurag/griffin/install/turtlebot3_gazebo/share/turtlebot3_gazebo//models/turtlebot3_autorace_2020/traffic_right/model.sdf
[0.435s] -- Up-to-date: /home/anurag/griffin/install/turtlebot3_gazebo/share/turtlebot3_gazebo//models/turtlebot3_autorace_2020/traffic_intersection
[0.436s] -- Up-to-date: /home/anurag/griffin/install/turtlebot3_gazebo/share/turtlebot3_gazebo//models/turtlebot3_autorace_2020/traffic_intersection/materials
[0.436s] -- Up-to-date: /home/anurag/griffin/install/turtlebot3_gazebo/share/turtlebot3_gazebo//models/turtlebot3_autorace_2020/traffic_intersection/materials/scripts
[0.436s] -- Up-to-date: /home/anurag/griffin/install/turtlebot3_gazebo/share/turtlebot3_gazebo//models/turtlebot3_autorace_2020/traffic_intersection/materials/scripts/traffic_intersection.material
[0.436s] -- Up-to-date: /home/anurag/griffin/install/turtlebot3_gazebo/share/turtlebot3_gazebo//models/turtlebot3_autorace_2020/traffic_intersection/materials/textures
[0.436s] -- Up-to-date: /home/anurag/griffin/install/turtlebot3_gazebo/share/turtlebot3_gazebo//models/turtlebot3_autorace_2020/traffic_intersection/materials/textures/traffic_intersection.png
[0.436s] -- Up-to-date: /home/anurag/griffin/install/turtlebot3_gazebo/share/turtlebot3_gazebo//models/turtlebot3_autorace_2020/traffic_intersection/model.config
[0.436s] -- Up-to-date: /home/anurag/griffin/install/turtlebot3_gazebo/share/turtlebot3_gazebo//models/turtlebot3_autorace_2020/traffic_intersection/model.sdf
[0.436s] -- Up-to-date: /home/anurag/griffin/install/turtlebot3_gazebo/share/turtlebot3_gazebo//models/turtlebot3_autorace_2020/traffic_construction
[0.436s] -- Up-to-date: /home/anurag/griffin/install/turtlebot3_gazebo/share/turtlebot3_gazebo//models/turtlebot3_autorace_2020/traffic_construction/materials
[0.436s] -- Up-to-date: /home/anurag/griffin/install/turtlebot3_gazebo/share/turtlebot3_gazebo//models/turtlebot3_autorace_2020/traffic_construction/materials/scripts
[0.436s] -- Up-to-date: /home/anurag/griffin/install/turtlebot3_gazebo/share/turtlebot3_gazebo//models/turtlebot3_autorace_2020/traffic_construction/materials/scripts/traffic_construction.material
[0.436s] -- Up-to-date: /home/anurag/griffin/install/turtlebot3_gazebo/share/turtlebot3_gazebo//models/turtlebot3_autorace_2020/traffic_construction/materials/textures
[0.436s] -- Up-to-date: /home/anurag/griffin/install/turtlebot3_gazebo/share/turtlebot3_gazebo//models/turtlebot3_autorace_2020/traffic_construction/materials/textures/traffic_construction.png
[0.436s] -- Up-to-date: /home/anurag/griffin/install/turtlebot3_gazebo/share/turtlebot3_gazebo//models/turtlebot3_autorace_2020/traffic_construction/model.config
[0.436s] -- Up-to-date: /home/anurag/griffin/install/turtlebot3_gazebo/share/turtlebot3_gazebo//models/turtlebot3_autorace_2020/traffic_construction/model.sdf
[0.436s] -- Up-to-date: /home/anurag/griffin/install/turtlebot3_gazebo/share/turtlebot3_gazebo//models/turtlebot3_autorace_2020/traffic_noentry
[0.436s] -- Up-to-date: /home/anurag/griffin/install/turtlebot3_gazebo/share/turtlebot3_gazebo//models/turtlebot3_autorace_2020/traffic_noentry/materials
[0.436s] -- Up-to-date: /home/anurag/griffin/install/turtlebot3_gazebo/share/turtlebot3_gazebo//models/turtlebot3_autorace_2020/traffic_noentry/materials/scripts
[0.436s] -- Up-to-date: /home/anurag/griffin/install/turtlebot3_gazebo/share/turtlebot3_gazebo//models/turtlebot3_autorace_2020/traffic_noentry/materials/scripts/traffic_noentry.material
[0.436s] -- Up-to-date: /home/anurag/griffin/install/turtlebot3_gazebo/share/turtlebot3_gazebo//models/turtlebot3_autorace_2020/traffic_noentry/materials/textures
[0.436s] -- Up-to-date: /home/anurag/griffin/install/turtlebot3_gazebo/share/turtlebot3_gazebo//models/turtlebot3_autorace_2020/traffic_noentry/materials/textures/traffic_noentry.png
[0.436s] -- Up-to-date: /home/anurag/griffin/install/turtlebot3_gazebo/share/turtlebot3_gazebo//models/turtlebot3_autorace_2020/traffic_noentry/model.config
[0.436s] -- Up-to-date: /home/anurag/griffin/install/turtlebot3_gazebo/share/turtlebot3_gazebo//models/turtlebot3_autorace_2020/traffic_noentry/model.sdf
[0.436s] -- Up-to-date: /home/anurag/griffin/install/turtlebot3_gazebo/share/turtlebot3_gazebo//models/turtlebot3_autorace_2020/traffic_light
[0.436s] -- Up-to-date: /home/anurag/griffin/install/turtlebot3_gazebo/share/turtlebot3_gazebo//models/turtlebot3_autorace_2020/traffic_light/materials
[0.436s] -- Up-to-date: /home/anurag/griffin/install/turtlebot3_gazebo/share/turtlebot3_gazebo//models/turtlebot3_autorace_2020/traffic_light/materials/scripts
[0.436s] -- Up-to-date: /home/anurag/griffin/install/turtlebot3_gazebo/share/turtlebot3_gazebo//models/turtlebot3_autorace_2020/traffic_light/materials/scripts/traffic_light.material
[0.436s] -- Up-to-date: /home/anurag/griffin/install/turtlebot3_gazebo/share/turtlebot3_gazebo//models/turtlebot3_autorace_2020/traffic_light/materials/textures
[0.436s] -- Up-to-date: /home/anurag/griffin/install/turtlebot3_gazebo/share/turtlebot3_gazebo//models/turtlebot3_autorace_2020/traffic_light/materials/textures/traffic_light_red.png
[0.436s] -- Up-to-date: /home/anurag/griffin/install/turtlebot3_gazebo/share/turtlebot3_gazebo//models/turtlebot3_autorace_2020/traffic_light/materials/textures/traffic_light_green.png
[0.436s] -- Up-to-date: /home/anurag/griffin/install/turtlebot3_gazebo/share/turtlebot3_gazebo//models/turtlebot3_autorace_2020/traffic_light/materials/textures/traffic_light.png
[0.437s] -- Up-to-date: /home/anurag/griffin/install/turtlebot3_gazebo/share/turtlebot3_gazebo//models/turtlebot3_autorace_2020/traffic_light/materials/textures/traffic_light_yellow.png
[0.437s] -- Up-to-date: /home/anurag/griffin/install/turtlebot3_gazebo/share/turtlebot3_gazebo//models/turtlebot3_autorace_2020/traffic_light/model.config
[0.437s] -- Up-to-date: /home/anurag/griffin/install/turtlebot3_gazebo/share/turtlebot3_gazebo//models/turtlebot3_autorace_2020/traffic_light/model.sdf
[0.437s] -- Up-to-date: /home/anurag/griffin/install/turtlebot3_gazebo/share/turtlebot3_gazebo//models/turtlebot3_autorace_2020/traffic_stop
[0.437s] -- Up-to-date: /home/anurag/griffin/install/turtlebot3_gazebo/share/turtlebot3_gazebo//models/turtlebot3_autorace_2020/traffic_stop/materials
[0.437s] -- Up-to-date: /home/anurag/griffin/install/turtlebot3_gazebo/share/turtlebot3_gazebo//models/turtlebot3_autorace_2020/traffic_stop/materials/scripts
[0.437s] -- Up-to-date: /home/anurag/griffin/install/turtlebot3_gazebo/share/turtlebot3_gazebo//models/turtlebot3_autorace_2020/traffic_stop/materials/scripts/traffic_stop.material
[0.437s] -- Up-to-date: /home/anurag/griffin/install/turtlebot3_gazebo/share/turtlebot3_gazebo//models/turtlebot3_autorace_2020/traffic_stop/materials/textures
[0.437s] -- Up-to-date: /home/anurag/griffin/install/turtlebot3_gazebo/share/turtlebot3_gazebo//models/turtlebot3_autorace_2020/traffic_stop/materials/textures/traffic_stop.png
[0.437s] -- Up-to-date: /home/anurag/griffin/install/turtlebot3_gazebo/share/turtlebot3_gazebo//models/turtlebot3_autorace_2020/traffic_stop/model.config
[0.437s] -- Up-to-date: /home/anurag/griffin/install/turtlebot3_gazebo/share/turtlebot3_gazebo//models/turtlebot3_autorace_2020/traffic_stop/model.sdf
[0.437s] -- Up-to-date: /home/anurag/griffin/install/turtlebot3_gazebo/share/turtlebot3_gazebo//models/turtlebot3_autorace_2020/traffic_bar
[0.437s] -- Up-to-date: /home/anurag/griffin/install/turtlebot3_gazebo/share/turtlebot3_gazebo//models/turtlebot3_autorace_2020/traffic_bar/materials
[0.437s] -- Up-to-date: /home/anurag/griffin/install/turtlebot3_gazebo/share/turtlebot3_gazebo//models/turtlebot3_autorace_2020/traffic_bar/materials/scripts
[0.437s] -- Up-to-date: /home/anurag/griffin/install/turtlebot3_gazebo/share/turtlebot3_gazebo//models/turtlebot3_autorace_2020/traffic_bar/materials/scripts/traffic_bar.material
[0.437s] -- Up-to-date: /home/anurag/griffin/install/turtlebot3_gazebo/share/turtlebot3_gazebo//models/turtlebot3_autorace_2020/traffic_bar/materials/textures
[0.437s] -- Up-to-date: /home/anurag/griffin/install/turtlebot3_gazebo/share/turtlebot3_gazebo//models/turtlebot3_autorace_2020/traffic_bar/materials/textures/traffic_bar.png
[0.437s] -- Up-to-date: /home/anurag/griffin/install/turtlebot3_gazebo/share/turtlebot3_gazebo//models/turtlebot3_autorace_2020/traffic_bar/model.config
[0.437s] -- Up-to-date: /home/anurag/griffin/install/turtlebot3_gazebo/share/turtlebot3_gazebo//models/turtlebot3_autorace_2020/traffic_bar/model.sdf
[0.437s] -- Up-to-date: /home/anurag/griffin/install/turtlebot3_gazebo/share/turtlebot3_gazebo//models/turtlebot3_waffle_pi
[0.437s] -- Up-to-date: /home/anurag/griffin/install/turtlebot3_gazebo/share/turtlebot3_gazebo//models/turtlebot3_waffle_pi/model.config
[0.437s] -- Up-to-date: /home/anurag/griffin/install/turtlebot3_gazebo/share/turtlebot3_gazebo//models/turtlebot3_waffle_pi/model-1_4_.sdf
[0.437s] -- Up-to-date: /home/anurag/griffin/install/turtlebot3_gazebo/share/turtlebot3_gazebo//models/turtlebot3_waffle_pi/model.sdf
[0.437s] -- Up-to-date: /home/anurag/griffin/install/turtlebot3_gazebo/share/turtlebot3_gazebo//rviz
[0.437s] -- Up-to-date: /home/anurag/griffin/install/turtlebot3_gazebo/share/turtlebot3_gazebo//rviz/tb3_gazebo.rviz
[0.437s] -- Up-to-date: /home/anurag/griffin/install/turtlebot3_gazebo/share/turtlebot3_gazebo//urdf
[0.437s] -- Up-to-date: /home/anurag/griffin/install/turtlebot3_gazebo/share/turtlebot3_gazebo//urdf/turtlebot3_waffle.urdf
[0.437s] -- Up-to-date: /home/anurag/griffin/install/turtlebot3_gazebo/share/turtlebot3_gazebo//urdf/turtlebot3_waffle_pi.urdf
[0.437s] -- Up-to-date: /home/anurag/griffin/install/turtlebot3_gazebo/share/turtlebot3_gazebo//urdf/turtlebot3_burger_cam.urdf
[0.437s] -- Up-to-date: /home/anurag/griffin/install/turtlebot3_gazebo/share/turtlebot3_gazebo//urdf/common_properties.urdf
[0.438s] -- Up-to-date: /home/anurag/griffin/install/turtlebot3_gazebo/share/turtlebot3_gazebo//urdf/turtlebot3_burger.urdf
[0.438s] -- Up-to-date: /home/anurag/griffin/install/turtlebot3_gazebo/share/turtlebot3_gazebo//worlds
[0.438s] -- Up-to-date: /home/anurag/griffin/install/turtlebot3_gazebo/share/turtlebot3_gazebo//worlds/turtlebot3_world.world
[0.438s] -- Up-to-date: /home/anurag/griffin/install/turtlebot3_gazebo/share/turtlebot3_gazebo//worlds/officelayout2.world
[0.438s] -- Up-to-date: /home/anurag/griffin/install/turtlebot3_gazebo/share/turtlebot3_gazebo//worlds/empty_world.world
[0.438s] -- Up-to-date: /home/anurag/griffin/install/turtlebot3_gazebo/include/
[0.438s] -- Up-to-date: /home/anurag/griffin/install/turtlebot3_gazebo/include//turtlebot3_gazebo
[0.438s] -- Up-to-date: /home/anurag/griffin/install/turtlebot3_gazebo/include//turtlebot3_gazebo/obstacle1.hpp
[0.438s] -- Up-to-date: /home/anurag/griffin/install/turtlebot3_gazebo/include//turtlebot3_gazebo/obstacles.hpp
[0.438s] -- Up-to-date: /home/anurag/griffin/install/turtlebot3_gazebo/include//turtlebot3_gazebo/obstacle2.hpp
[0.438s] -- Up-to-date: /home/anurag/griffin/install/turtlebot3_gazebo/include//turtlebot3_gazebo/traffic_bar_plugin.hpp
[0.438s] -- Up-to-date: /home/anurag/griffin/install/turtlebot3_gazebo/include//turtlebot3_gazebo/traffic_light_plugin.hpp
[0.438s] -- Up-to-date: /home/anurag/griffin/install/turtlebot3_gazebo/include//turtlebot3_gazebo/turtlebot3_drive.hpp
[0.438s] -- Up-to-date: /home/anurag/griffin/install/turtlebot3_gazebo/share/ament_index/resource_index/package_run_dependencies/turtlebot3_gazebo
[0.438s] -- Up-to-date: /home/anurag/griffin/install/turtlebot3_gazebo/share/ament_index/resource_index/parent_prefix_path/turtlebot3_gazebo
[0.438s] -- Up-to-date: /home/anurag/griffin/install/turtlebot3_gazebo/share/turtlebot3_gazebo/environment/ament_prefix_path.sh
[0.438s] -- Up-to-date: /home/anurag/griffin/install/turtlebot3_gazebo/share/turtlebot3_gazebo/environment/ament_prefix_path.dsv
[0.438s] -- Up-to-date: /home/anurag/griffin/install/turtlebot3_gazebo/share/turtlebot3_gazebo/environment/path.sh
[0.438s] -- Up-to-date: /home/anurag/griffin/install/turtlebot3_gazebo/share/turtlebot3_gazebo/environment/path.dsv
[0.438s] -- Up-to-date: /home/anurag/griffin/install/turtlebot3_gazebo/share/turtlebot3_gazebo/local_setup.bash
[0.438s] -- Up-to-date: /home/anurag/griffin/install/turtlebot3_gazebo/share/turtlebot3_gazebo/local_setup.sh
[0.438s] -- Up-to-date: /home/anurag/griffin/install/turtlebot3_gazebo/share/turtlebot3_gazebo/local_setup.zsh
[0.438s] -- Up-to-date: /home/anurag/griffin/install/turtlebot3_gazebo/share/turtlebot3_gazebo/local_setup.dsv
[0.438s] -- Installing: /home/anurag/griffin/install/turtlebot3_gazebo/share/turtlebot3_gazebo/package.dsv
[0.438s] -- Up-to-date: /home/anurag/griffin/install/turtlebot3_gazebo/share/ament_index/resource_index/packages/turtlebot3_gazebo
[0.438s] -- Up-to-date: /home/anurag/griffin/install/turtlebot3_gazebo/share/turtlebot3_gazebo/cmake/ament_cmake_export_include_directories-extras.cmake
[0.438s] -- Up-to-date: /home/anurag/griffin/install/turtlebot3_gazebo/share/turtlebot3_gazebo/cmake/ament_cmake_export_dependencies-extras.cmake
[0.438s] -- Up-to-date: /home/anurag/griffin/install/turtlebot3_gazebo/share/turtlebot3_gazebo/cmake/turtlebot3_gazeboConfig.cmake
[0.438s] -- Up-to-date: /home/anurag/griffin/install/turtlebot3_gazebo/share/turtlebot3_gazebo/cmake/turtlebot3_gazeboConfig-version.cmake
[0.439s] -- Up-to-date: /home/anurag/griffin/install/turtlebot3_gazebo/share/turtlebot3_gazebo/package.xml
[0.458s] Invoked command in '/home/anurag/griffin/build/turtlebot3_gazebo' returned '0': CMAKE_PREFIX_PATH=${CMAKE_PREFIX_PATH}:/home/anurag/griffin/install/semantic_perception:/home/anurag/griffin/install/semantic_navigation:/home/anurag/griffin/install/vlm_perception_pkg:/home/anurag/griffin/install/vlm_nav_pkg:/opt/ros/humble /usr/bin/cmake --install /home/anurag/griffin/build/turtlebot3_gazebo
