[0.067s] DEBUG:colcon:Command line arguments: ['/usr/bin/colcon', 'build']
[0.067s] DEBUG:colcon:Parsed command line arguments: Namespace(log_base=None, log_level=None, verb_name='build', build_base='build', install_base='install', merge_install=False, symlink_install=False, test_result_base=None, continue_on_error=False, executor='parallel', parallel_workers=24, event_handlers=None, ignore_user_meta=False, metas=['./colcon.meta'], base_paths=['.'], packages_ignore=None, packages_ignore_regex=None, paths=None, packages_up_to=None, packages_up_to_regex=None, packages_above=None, packages_above_and_dependencies=None, packages_above_depth=None, packages_select_by_dep=None, packages_skip_by_dep=None, packages_skip_up_to=None, packages_select_build_failed=False, packages_skip_build_finished=False, packages_select_test_failures=False, packages_skip_test_passed=False, packages_select=None, packages_skip=None, packages_select_regex=None, packages_skip_regex=None, packages_start=None, packages_end=None, allow_overriding=[], cmake_args=None, cmake_target=None, cmake_target_skip_unavailable=False, cmake_clean_cache=False, cmake_clean_first=False, cmake_force_configure=False, ament_cmake_args=None, catkin_cmake_args=None, catkin_skip_building_tests=False, mixin_files=None, mixin=None, verb_parser=<colcon_mixin.mixin.mixin_argument.MixinArgumentDecorator object at 0x7a71ad75cd90>, verb_extension=<colcon_core.verb.build.BuildVerb object at 0x7a71ad6d9270>, main=<bound method BuildVerb.main of <colcon_core.verb.build.BuildVerb object at 0x7a71ad6d9270>>, mixin_verb=('build',))
[0.174s] Level 1:colcon.colcon_core.package_discovery:discover_packages(colcon_meta) check parameters
[0.174s] Level 1:colcon.colcon_core.package_discovery:discover_packages(recursive) check parameters
[0.174s] Level 1:colcon.colcon_core.package_discovery:discover_packages(ignore) check parameters
[0.174s] Level 1:colcon.colcon_core.package_discovery:discover_packages(path) check parameters
[0.174s] Level 1:colcon.colcon_core.package_discovery:discover_packages(colcon_meta) discover
[0.174s] Level 1:colcon.colcon_core.package_discovery:discover_packages(recursive) discover
[0.174s] INFO:colcon.colcon_core.package_discovery:Crawling recursively for packages in '/home/anurag/griffin'
[0.174s] Level 1:colcon.colcon_core.package_identification:_identify(.) by extensions ['ignore', 'ignore_ament_install']
[0.174s] Level 1:colcon.colcon_core.package_identification:_identify(.) by extension 'ignore'
[0.174s] Level 1:colcon.colcon_core.package_identification:_identify(.) by extension 'ignore_ament_install'
[0.174s] Level 1:colcon.colcon_core.package_identification:_identify(.) by extensions ['colcon_pkg']
[0.174s] Level 1:colcon.colcon_core.package_identification:_identify(.) by extension 'colcon_pkg'
[0.174s] Level 1:colcon.colcon_core.package_identification:_identify(.) by extensions ['colcon_meta']
[0.174s] Level 1:colcon.colcon_core.package_identification:_identify(.) by extension 'colcon_meta'
[0.174s] Level 1:colcon.colcon_core.package_identification:_identify(.) by extensions ['ros']
[0.174s] Level 1:colcon.colcon_core.package_identification:_identify(.) by extension 'ros'
[0.187s] Level 1:colcon.colcon_core.package_identification:_identify(.) by extensions ['cmake', 'python']
[0.187s] Level 1:colcon.colcon_core.package_identification:_identify(.) by extension 'cmake'
[0.187s] Level 1:colcon.colcon_core.package_identification:_identify(.) by extension 'python'
[0.187s] Level 1:colcon.colcon_core.package_identification:_identify(.) by extensions ['python_setup_py']
[0.187s] Level 1:colcon.colcon_core.package_identification:_identify(.) by extension 'python_setup_py'
[0.187s] Level 1:colcon.colcon_core.package_identification:_identify(build) by extensions ['ignore', 'ignore_ament_install']
[0.187s] Level 1:colcon.colcon_core.package_identification:_identify(build) by extension 'ignore'
[0.187s] Level 1:colcon.colcon_core.package_identification:_identify(build) ignored
[0.187s] Level 1:colcon.colcon_core.package_identification:_identify(config) by extensions ['ignore', 'ignore_ament_install']
[0.187s] Level 1:colcon.colcon_core.package_identification:_identify(config) by extension 'ignore'
[0.187s] Level 1:colcon.colcon_core.package_identification:_identify(config) by extension 'ignore_ament_install'
[0.187s] Level 1:colcon.colcon_core.package_identification:_identify(config) by extensions ['colcon_pkg']
[0.187s] Level 1:colcon.colcon_core.package_identification:_identify(config) by extension 'colcon_pkg'
[0.187s] Level 1:colcon.colcon_core.package_identification:_identify(config) by extensions ['colcon_meta']
[0.187s] Level 1:colcon.colcon_core.package_identification:_identify(config) by extension 'colcon_meta'
[0.187s] Level 1:colcon.colcon_core.package_identification:_identify(config) by extensions ['ros']
[0.187s] Level 1:colcon.colcon_core.package_identification:_identify(config) by extension 'ros'
[0.187s] Level 1:colcon.colcon_core.package_identification:_identify(config) by extensions ['cmake', 'python']
[0.187s] Level 1:colcon.colcon_core.package_identification:_identify(config) by extension 'cmake'
[0.187s] Level 1:colcon.colcon_core.package_identification:_identify(config) by extension 'python'
[0.187s] Level 1:colcon.colcon_core.package_identification:_identify(config) by extensions ['python_setup_py']
[0.187s] Level 1:colcon.colcon_core.package_identification:_identify(config) by extension 'python_setup_py'
[0.187s] Level 1:colcon.colcon_core.package_identification:_identify(install) by extensions ['ignore', 'ignore_ament_install']
[0.187s] Level 1:colcon.colcon_core.package_identification:_identify(install) by extension 'ignore'
[0.188s] Level 1:colcon.colcon_core.package_identification:_identify(install) ignored
[0.188s] Level 1:colcon.colcon_core.package_identification:_identify(log) by extensions ['ignore', 'ignore_ament_install']
[0.188s] Level 1:colcon.colcon_core.package_identification:_identify(log) by extension 'ignore'
[0.188s] Level 1:colcon.colcon_core.package_identification:_identify(log) ignored
[0.188s] Level 1:colcon.colcon_core.package_identification:_identify(src) by extensions ['ignore', 'ignore_ament_install']
[0.188s] Level 1:colcon.colcon_core.package_identification:_identify(src) by extension 'ignore'
[0.188s] Level 1:colcon.colcon_core.package_identification:_identify(src) by extension 'ignore_ament_install'
[0.188s] Level 1:colcon.colcon_core.package_identification:_identify(src) by extensions ['colcon_pkg']
[0.188s] Level 1:colcon.colcon_core.package_identification:_identify(src) by extension 'colcon_pkg'
[0.188s] Level 1:colcon.colcon_core.package_identification:_identify(src) by extensions ['colcon_meta']
[0.188s] Level 1:colcon.colcon_core.package_identification:_identify(src) by extension 'colcon_meta'
[0.188s] Level 1:colcon.colcon_core.package_identification:_identify(src) by extensions ['ros']
[0.188s] Level 1:colcon.colcon_core.package_identification:_identify(src) by extension 'ros'
[0.188s] Level 1:colcon.colcon_core.package_identification:_identify(src) by extensions ['cmake', 'python']
[0.188s] Level 1:colcon.colcon_core.package_identification:_identify(src) by extension 'cmake'
[0.188s] Level 1:colcon.colcon_core.package_identification:_identify(src) by extension 'python'
[0.188s] Level 1:colcon.colcon_core.package_identification:_identify(src) by extensions ['python_setup_py']
[0.188s] Level 1:colcon.colcon_core.package_identification:_identify(src) by extension 'python_setup_py'
[0.188s] Level 1:colcon.colcon_core.package_identification:_identify(src/TurtleBot-RRT-Star) by extensions ['ignore', 'ignore_ament_install']
[0.188s] Level 1:colcon.colcon_core.package_identification:_identify(src/TurtleBot-RRT-Star) by extension 'ignore'
[0.188s] Level 1:colcon.colcon_core.package_identification:_identify(src/TurtleBot-RRT-Star) by extension 'ignore_ament_install'
[0.188s] Level 1:colcon.colcon_core.package_identification:_identify(src/TurtleBot-RRT-Star) by extensions ['colcon_pkg']
[0.188s] Level 1:colcon.colcon_core.package_identification:_identify(src/TurtleBot-RRT-Star) by extension 'colcon_pkg'
[0.188s] Level 1:colcon.colcon_core.package_identification:_identify(src/TurtleBot-RRT-Star) by extensions ['colcon_meta']
[0.188s] Level 1:colcon.colcon_core.package_identification:_identify(src/TurtleBot-RRT-Star) by extension 'colcon_meta'
[0.188s] Level 1:colcon.colcon_core.package_identification:_identify(src/TurtleBot-RRT-Star) by extensions ['ros']
[0.188s] Level 1:colcon.colcon_core.package_identification:_identify(src/TurtleBot-RRT-Star) by extension 'ros'
[0.190s] DEBUG:colcon.colcon_core.package_identification:Package 'src/TurtleBot-RRT-Star' with type 'ros.ament_cmake' and name 'nav2_rrtstar_planner'
[0.190s] Level 1:colcon.colcon_core.package_identification:_identify(src/m-explore-ros2) by extensions ['ignore', 'ignore_ament_install']
[0.191s] Level 1:colcon.colcon_core.package_identification:_identify(src/m-explore-ros2) by extension 'ignore'
[0.191s] Level 1:colcon.colcon_core.package_identification:_identify(src/m-explore-ros2) by extension 'ignore_ament_install'
[0.191s] Level 1:colcon.colcon_core.package_identification:_identify(src/m-explore-ros2) by extensions ['colcon_pkg']
[0.191s] Level 1:colcon.colcon_core.package_identification:_identify(src/m-explore-ros2) by extension 'colcon_pkg'
[0.191s] Level 1:colcon.colcon_core.package_identification:_identify(src/m-explore-ros2) by extensions ['colcon_meta']
[0.191s] Level 1:colcon.colcon_core.package_identification:_identify(src/m-explore-ros2) by extension 'colcon_meta'
[0.191s] Level 1:colcon.colcon_core.package_identification:_identify(src/m-explore-ros2) by extensions ['ros']
[0.191s] Level 1:colcon.colcon_core.package_identification:_identify(src/m-explore-ros2) by extension 'ros'
[0.191s] Level 1:colcon.colcon_core.package_identification:_identify(src/m-explore-ros2) by extensions ['cmake', 'python']
[0.191s] Level 1:colcon.colcon_core.package_identification:_identify(src/m-explore-ros2) by extension 'cmake'
[0.191s] Level 1:colcon.colcon_core.package_identification:_identify(src/m-explore-ros2) by extension 'python'
[0.191s] Level 1:colcon.colcon_core.package_identification:_identify(src/m-explore-ros2) by extensions ['python_setup_py']
[0.191s] Level 1:colcon.colcon_core.package_identification:_identify(src/m-explore-ros2) by extension 'python_setup_py'
[0.191s] Level 1:colcon.colcon_core.package_identification:_identify(src/m-explore-ros2/explore) by extensions ['ignore', 'ignore_ament_install']
[0.191s] Level 1:colcon.colcon_core.package_identification:_identify(src/m-explore-ros2/explore) by extension 'ignore'
[0.191s] Level 1:colcon.colcon_core.package_identification:_identify(src/m-explore-ros2/explore) by extension 'ignore_ament_install'
[0.191s] Level 1:colcon.colcon_core.package_identification:_identify(src/m-explore-ros2/explore) by extensions ['colcon_pkg']
[0.191s] Level 1:colcon.colcon_core.package_identification:_identify(src/m-explore-ros2/explore) by extension 'colcon_pkg'
[0.191s] Level 1:colcon.colcon_core.package_identification:_identify(src/m-explore-ros2/explore) by extensions ['colcon_meta']
[0.191s] Level 1:colcon.colcon_core.package_identification:_identify(src/m-explore-ros2/explore) by extension 'colcon_meta'
[0.191s] Level 1:colcon.colcon_core.package_identification:_identify(src/m-explore-ros2/explore) by extensions ['ros']
[0.191s] Level 1:colcon.colcon_core.package_identification:_identify(src/m-explore-ros2/explore) by extension 'ros'
[0.192s] DEBUG:colcon.colcon_core.package_identification:Package 'src/m-explore-ros2/explore' with type 'ros.ament_cmake' and name 'explore_lite'
[0.192s] Level 1:colcon.colcon_core.package_identification:_identify(src/media) by extensions ['ignore', 'ignore_ament_install']
[0.192s] Level 1:colcon.colcon_core.package_identification:_identify(src/media) by extension 'ignore'
[0.192s] Level 1:colcon.colcon_core.package_identification:_identify(src/media) by extension 'ignore_ament_install'
[0.192s] Level 1:colcon.colcon_core.package_identification:_identify(src/media) by extensions ['colcon_pkg']
[0.192s] Level 1:colcon.colcon_core.package_identification:_identify(src/media) by extension 'colcon_pkg'
[0.192s] Level 1:colcon.colcon_core.package_identification:_identify(src/media) by extensions ['colcon_meta']
[0.192s] Level 1:colcon.colcon_core.package_identification:_identify(src/media) by extension 'colcon_meta'
[0.192s] Level 1:colcon.colcon_core.package_identification:_identify(src/media) by extensions ['ros']
[0.192s] Level 1:colcon.colcon_core.package_identification:_identify(src/media) by extension 'ros'
[0.192s] Level 1:colcon.colcon_core.package_identification:_identify(src/media) by extensions ['cmake', 'python']
[0.192s] Level 1:colcon.colcon_core.package_identification:_identify(src/media) by extension 'cmake'
[0.192s] Level 1:colcon.colcon_core.package_identification:_identify(src/media) by extension 'python'
[0.192s] Level 1:colcon.colcon_core.package_identification:_identify(src/media) by extensions ['python_setup_py']
[0.192s] Level 1:colcon.colcon_core.package_identification:_identify(src/media) by extension 'python_setup_py'
[0.192s] Level 1:colcon.colcon_core.package_identification:_identify(src/semantic_navigation) by extensions ['ignore', 'ignore_ament_install']
[0.192s] Level 1:colcon.colcon_core.package_identification:_identify(src/semantic_navigation) by extension 'ignore'
[0.192s] Level 1:colcon.colcon_core.package_identification:_identify(src/semantic_navigation) by extension 'ignore_ament_install'
[0.192s] Level 1:colcon.colcon_core.package_identification:_identify(src/semantic_navigation) by extensions ['colcon_pkg']
[0.192s] Level 1:colcon.colcon_core.package_identification:_identify(src/semantic_navigation) by extension 'colcon_pkg'
[0.192s] Level 1:colcon.colcon_core.package_identification:_identify(src/semantic_navigation) by extensions ['colcon_meta']
[0.192s] Level 1:colcon.colcon_core.package_identification:_identify(src/semantic_navigation) by extension 'colcon_meta'
[0.192s] Level 1:colcon.colcon_core.package_identification:_identify(src/semantic_navigation) by extensions ['ros']
[0.192s] Level 1:colcon.colcon_core.package_identification:_identify(src/semantic_navigation) by extension 'ros'
[0.193s] DEBUG:colcon.colcon_core.package_identification:Package 'src/semantic_navigation' with type 'ros.ament_python' and name 'semantic_navigation'
[0.193s] Level 1:colcon.colcon_core.package_identification:_identify(src/semantic_perception) by extensions ['ignore', 'ignore_ament_install']
[0.193s] Level 1:colcon.colcon_core.package_identification:_identify(src/semantic_perception) by extension 'ignore'
[0.193s] Level 1:colcon.colcon_core.package_identification:_identify(src/semantic_perception) by extension 'ignore_ament_install'
[0.193s] Level 1:colcon.colcon_core.package_identification:_identify(src/semantic_perception) by extensions ['colcon_pkg']
[0.193s] Level 1:colcon.colcon_core.package_identification:_identify(src/semantic_perception) by extension 'colcon_pkg'
[0.193s] Level 1:colcon.colcon_core.package_identification:_identify(src/semantic_perception) by extensions ['colcon_meta']
[0.193s] Level 1:colcon.colcon_core.package_identification:_identify(src/semantic_perception) by extension 'colcon_meta'
[0.193s] Level 1:colcon.colcon_core.package_identification:_identify(src/semantic_perception) by extensions ['ros']
[0.193s] Level 1:colcon.colcon_core.package_identification:_identify(src/semantic_perception) by extension 'ros'
[0.193s] DEBUG:colcon.colcon_core.package_identification:Package 'src/semantic_perception' with type 'ros.ament_python' and name 'semantic_perception'
[0.193s] Level 1:colcon.colcon_core.package_identification:_identify(src/turtlebot3_simulations) by extensions ['ignore', 'ignore_ament_install']
[0.193s] Level 1:colcon.colcon_core.package_identification:_identify(src/turtlebot3_simulations) by extension 'ignore'
[0.193s] Level 1:colcon.colcon_core.package_identification:_identify(src/turtlebot3_simulations) by extension 'ignore_ament_install'
[0.193s] Level 1:colcon.colcon_core.package_identification:_identify(src/turtlebot3_simulations) by extensions ['colcon_pkg']
[0.193s] Level 1:colcon.colcon_core.package_identification:_identify(src/turtlebot3_simulations) by extension 'colcon_pkg'
[0.193s] Level 1:colcon.colcon_core.package_identification:_identify(src/turtlebot3_simulations) by extensions ['colcon_meta']
[0.194s] Level 1:colcon.colcon_core.package_identification:_identify(src/turtlebot3_simulations) by extension 'colcon_meta'
[0.194s] Level 1:colcon.colcon_core.package_identification:_identify(src/turtlebot3_simulations) by extensions ['ros']
[0.194s] Level 1:colcon.colcon_core.package_identification:_identify(src/turtlebot3_simulations) by extension 'ros'
[0.194s] Level 1:colcon.colcon_core.package_identification:_identify(src/turtlebot3_simulations) by extensions ['cmake', 'python']
[0.194s] Level 1:colcon.colcon_core.package_identification:_identify(src/turtlebot3_simulations) by extension 'cmake'
[0.194s] Level 1:colcon.colcon_core.package_identification:_identify(src/turtlebot3_simulations) by extension 'python'
[0.194s] Level 1:colcon.colcon_core.package_identification:_identify(src/turtlebot3_simulations) by extensions ['python_setup_py']
[0.194s] Level 1:colcon.colcon_core.package_identification:_identify(src/turtlebot3_simulations) by extension 'python_setup_py'
[0.194s] Level 1:colcon.colcon_core.package_identification:_identify(src/turtlebot3_simulations/turtlebot3_gazebo) by extensions ['ignore', 'ignore_ament_install']
[0.194s] Level 1:colcon.colcon_core.package_identification:_identify(src/turtlebot3_simulations/turtlebot3_gazebo) by extension 'ignore'
[0.194s] Level 1:colcon.colcon_core.package_identification:_identify(src/turtlebot3_simulations/turtlebot3_gazebo) by extension 'ignore_ament_install'
[0.194s] Level 1:colcon.colcon_core.package_identification:_identify(src/turtlebot3_simulations/turtlebot3_gazebo) by extensions ['colcon_pkg']
[0.194s] Level 1:colcon.colcon_core.package_identification:_identify(src/turtlebot3_simulations/turtlebot3_gazebo) by extension 'colcon_pkg'
[0.194s] Level 1:colcon.colcon_core.package_identification:_identify(src/turtlebot3_simulations/turtlebot3_gazebo) by extensions ['colcon_meta']
[0.194s] Level 1:colcon.colcon_core.package_identification:_identify(src/turtlebot3_simulations/turtlebot3_gazebo) by extension 'colcon_meta'
[0.194s] Level 1:colcon.colcon_core.package_identification:_identify(src/turtlebot3_simulations/turtlebot3_gazebo) by extensions ['ros']
[0.194s] Level 1:colcon.colcon_core.package_identification:_identify(src/turtlebot3_simulations/turtlebot3_gazebo) by extension 'ros'
[0.194s] DEBUG:colcon.colcon_core.package_identification:Package 'src/turtlebot3_simulations/turtlebot3_gazebo' with type 'ros.ament_cmake' and name 'turtlebot3_gazebo'
[0.194s] Level 1:colcon.colcon_core.package_identification:_identify(src/turtlebot3_simulations/turtlebot3_simulations) by extensions ['ignore', 'ignore_ament_install']
[0.194s] Level 1:colcon.colcon_core.package_identification:_identify(src/turtlebot3_simulations/turtlebot3_simulations) by extension 'ignore'
[0.194s] Level 1:colcon.colcon_core.package_identification:_identify(src/turtlebot3_simulations/turtlebot3_simulations) by extension 'ignore_ament_install'
[0.195s] Level 1:colcon.colcon_core.package_identification:_identify(src/turtlebot3_simulations/turtlebot3_simulations) by extensions ['colcon_pkg']
[0.195s] Level 1:colcon.colcon_core.package_identification:_identify(src/turtlebot3_simulations/turtlebot3_simulations) by extension 'colcon_pkg'
[0.195s] Level 1:colcon.colcon_core.package_identification:_identify(src/turtlebot3_simulations/turtlebot3_simulations) by extensions ['colcon_meta']
[0.195s] Level 1:colcon.colcon_core.package_identification:_identify(src/turtlebot3_simulations/turtlebot3_simulations) by extension 'colcon_meta'
[0.195s] Level 1:colcon.colcon_core.package_identification:_identify(src/turtlebot3_simulations/turtlebot3_simulations) by extensions ['ros']
[0.195s] Level 1:colcon.colcon_core.package_identification:_identify(src/turtlebot3_simulations/turtlebot3_simulations) by extension 'ros'
[0.195s] DEBUG:colcon.colcon_core.package_identification:Package 'src/turtlebot3_simulations/turtlebot3_simulations' with type 'ros.ament_cmake' and name 'turtlebot3_simulations'
[0.195s] Level 1:colcon.colcon_core.package_discovery:discover_packages(recursive) using defaults
[0.195s] Level 1:colcon.colcon_core.package_discovery:discover_packages(ignore) discover
[0.195s] Level 1:colcon.colcon_core.package_discovery:discover_packages(ignore) using defaults
[0.195s] Level 1:colcon.colcon_core.package_discovery:discover_packages(path) discover
[0.195s] Level 1:colcon.colcon_core.package_discovery:discover_packages(path) using defaults
[0.209s] Level 1:colcon.colcon_core.package_discovery:discover_packages(prefix_path) check parameters
[0.209s] Level 1:colcon.colcon_core.package_discovery:discover_packages(prefix_path) discover
[0.209s] WARNING:colcon.colcon_ros.prefix_path.ament:The path '/home/anurag/griffin/install/semantic_navigation' in the environment variable AMENT_PREFIX_PATH doesn't exist
[0.209s] WARNING:colcon.colcon_ros.prefix_path.ament:The path '/home/anurag/griffin/install/vlm_perception_pkg' in the environment variable AMENT_PREFIX_PATH doesn't exist
[0.209s] WARNING:colcon.colcon_ros.prefix_path.ament:The path '/home/anurag/griffin/install/vlm_nav_pkg' in the environment variable AMENT_PREFIX_PATH doesn't exist
[0.209s] WARNING:colcon.colcon_ros.prefix_path.ament:The path '/home/anurag/griffin/install/turtlebot3_simulations' in the environment variable AMENT_PREFIX_PATH doesn't exist
[0.209s] WARNING:colcon.colcon_ros.prefix_path.ament:The path '/home/anurag/griffin/install/turtlebot3_gazebo' in the environment variable AMENT_PREFIX_PATH doesn't exist
[0.209s] WARNING:colcon.colcon_ros.prefix_path.ament:The path '/home/anurag/griffin/install/nav2_rrtstar_planner' in the environment variable AMENT_PREFIX_PATH doesn't exist
[0.209s] WARNING:colcon.colcon_ros.prefix_path.ament:The path '/home/anurag/griffin/install/explore_lite' in the environment variable AMENT_PREFIX_PATH doesn't exist
[0.209s] WARNING:colcon.colcon_ros.prefix_path.catkin:The path '/home/anurag/griffin/install/turtlebot3_simulations' in the environment variable CMAKE_PREFIX_PATH doesn't exist
[0.209s] WARNING:colcon.colcon_ros.prefix_path.catkin:The path '/home/anurag/griffin/install/turtlebot3_gazebo' in the environment variable CMAKE_PREFIX_PATH doesn't exist
[0.209s] WARNING:colcon.colcon_ros.prefix_path.catkin:The path '/home/anurag/griffin/install/nav2_rrtstar_planner' in the environment variable CMAKE_PREFIX_PATH doesn't exist
[0.209s] WARNING:colcon.colcon_ros.prefix_path.catkin:The path '/home/anurag/griffin/install/explore_lite' in the environment variable CMAKE_PREFIX_PATH doesn't exist
[0.210s] DEBUG:colcon.colcon_installed_package_information.package_discovery:Found 0 installed packages in /home/anurag/griffin/install
[0.211s] DEBUG:colcon.colcon_installed_package_information.package_discovery:Found 402 installed packages in /opt/ros/humble
[0.212s] Level 1:colcon.colcon_core.package_discovery:discover_packages(prefix_path) using defaults
[0.239s] Level 5:colcon.colcon_core.verb:set package 'explore_lite' build argument 'cmake_args' from command line to 'None'
[0.239s] Level 5:colcon.colcon_core.verb:set package 'explore_lite' build argument 'cmake_target' from command line to 'None'
[0.239s] Level 5:colcon.colcon_core.verb:set package 'explore_lite' build argument 'cmake_target_skip_unavailable' from command line to 'False'
[0.239s] Level 5:colcon.colcon_core.verb:set package 'explore_lite' build argument 'cmake_clean_cache' from command line to 'False'
[0.239s] Level 5:colcon.colcon_core.verb:set package 'explore_lite' build argument 'cmake_clean_first' from command line to 'False'
[0.239s] Level 5:colcon.colcon_core.verb:set package 'explore_lite' build argument 'cmake_force_configure' from command line to 'False'
[0.239s] Level 5:colcon.colcon_core.verb:set package 'explore_lite' build argument 'ament_cmake_args' from command line to 'None'
[0.239s] Level 5:colcon.colcon_core.verb:set package 'explore_lite' build argument 'catkin_cmake_args' from command line to 'None'
[0.239s] Level 5:colcon.colcon_core.verb:set package 'explore_lite' build argument 'catkin_skip_building_tests' from command line to 'False'
[0.239s] DEBUG:colcon.colcon_core.verb:Building package 'explore_lite' with the following arguments: {'ament_cmake_args': None, 'build_base': '/home/anurag/griffin/build/explore_lite', 'catkin_cmake_args': None, 'catkin_skip_building_tests': False, 'cmake_args': None, 'cmake_clean_cache': False, 'cmake_clean_first': False, 'cmake_force_configure': False, 'cmake_target': None, 'cmake_target_skip_unavailable': False, 'install_base': '/home/anurag/griffin/install/explore_lite', 'merge_install': False, 'path': '/home/anurag/griffin/src/m-explore-ros2/explore', 'symlink_install': False, 'test_result_base': None}
[0.240s] Level 5:colcon.colcon_core.verb:set package 'nav2_rrtstar_planner' build argument 'cmake_args' from command line to 'None'
[0.240s] Level 5:colcon.colcon_core.verb:set package 'nav2_rrtstar_planner' build argument 'cmake_target' from command line to 'None'
[0.240s] Level 5:colcon.colcon_core.verb:set package 'nav2_rrtstar_planner' build argument 'cmake_target_skip_unavailable' from command line to 'False'
[0.240s] Level 5:colcon.colcon_core.verb:set package 'nav2_rrtstar_planner' build argument 'cmake_clean_cache' from command line to 'False'
[0.240s] Level 5:colcon.colcon_core.verb:set package 'nav2_rrtstar_planner' build argument 'cmake_clean_first' from command line to 'False'
[0.240s] Level 5:colcon.colcon_core.verb:set package 'nav2_rrtstar_planner' build argument 'cmake_force_configure' from command line to 'False'
[0.240s] Level 5:colcon.colcon_core.verb:set package 'nav2_rrtstar_planner' build argument 'ament_cmake_args' from command line to 'None'
[0.240s] Level 5:colcon.colcon_core.verb:set package 'nav2_rrtstar_planner' build argument 'catkin_cmake_args' from command line to 'None'
[0.240s] Level 5:colcon.colcon_core.verb:set package 'nav2_rrtstar_planner' build argument 'catkin_skip_building_tests' from command line to 'False'
[0.240s] DEBUG:colcon.colcon_core.verb:Building package 'nav2_rrtstar_planner' with the following arguments: {'ament_cmake_args': None, 'build_base': '/home/anurag/griffin/build/nav2_rrtstar_planner', 'catkin_cmake_args': None, 'catkin_skip_building_tests': False, 'cmake_args': None, 'cmake_clean_cache': False, 'cmake_clean_first': False, 'cmake_force_configure': False, 'cmake_target': None, 'cmake_target_skip_unavailable': False, 'install_base': '/home/anurag/griffin/install/nav2_rrtstar_planner', 'merge_install': False, 'path': '/home/anurag/griffin/src/TurtleBot-RRT-Star', 'symlink_install': False, 'test_result_base': None}
[0.240s] Level 5:colcon.colcon_core.verb:set package 'semantic_navigation' build argument 'cmake_args' from command line to 'None'
[0.240s] Level 5:colcon.colcon_core.verb:set package 'semantic_navigation' build argument 'cmake_target' from command line to 'None'
[0.240s] Level 5:colcon.colcon_core.verb:set package 'semantic_navigation' build argument 'cmake_target_skip_unavailable' from command line to 'False'
[0.240s] Level 5:colcon.colcon_core.verb:set package 'semantic_navigation' build argument 'cmake_clean_cache' from command line to 'False'
[0.240s] Level 5:colcon.colcon_core.verb:set package 'semantic_navigation' build argument 'cmake_clean_first' from command line to 'False'
[0.240s] Level 5:colcon.colcon_core.verb:set package 'semantic_navigation' build argument 'cmake_force_configure' from command line to 'False'
[0.240s] Level 5:colcon.colcon_core.verb:set package 'semantic_navigation' build argument 'ament_cmake_args' from command line to 'None'
[0.240s] Level 5:colcon.colcon_core.verb:set package 'semantic_navigation' build argument 'catkin_cmake_args' from command line to 'None'
[0.240s] Level 5:colcon.colcon_core.verb:set package 'semantic_navigation' build argument 'catkin_skip_building_tests' from command line to 'False'
[0.240s] DEBUG:colcon.colcon_core.verb:Building package 'semantic_navigation' with the following arguments: {'ament_cmake_args': None, 'build_base': '/home/anurag/griffin/build/semantic_navigation', 'catkin_cmake_args': None, 'catkin_skip_building_tests': False, 'cmake_args': None, 'cmake_clean_cache': False, 'cmake_clean_first': False, 'cmake_force_configure': False, 'cmake_target': None, 'cmake_target_skip_unavailable': False, 'install_base': '/home/anurag/griffin/install/semantic_navigation', 'merge_install': False, 'path': '/home/anurag/griffin/src/semantic_navigation', 'symlink_install': False, 'test_result_base': None}
[0.240s] Level 5:colcon.colcon_core.verb:set package 'semantic_perception' build argument 'cmake_args' from command line to 'None'
[0.240s] Level 5:colcon.colcon_core.verb:set package 'semantic_perception' build argument 'cmake_target' from command line to 'None'
[0.240s] Level 5:colcon.colcon_core.verb:set package 'semantic_perception' build argument 'cmake_target_skip_unavailable' from command line to 'False'
[0.240s] Level 5:colcon.colcon_core.verb:set package 'semantic_perception' build argument 'cmake_clean_cache' from command line to 'False'
[0.240s] Level 5:colcon.colcon_core.verb:set package 'semantic_perception' build argument 'cmake_clean_first' from command line to 'False'
[0.240s] Level 5:colcon.colcon_core.verb:set package 'semantic_perception' build argument 'cmake_force_configure' from command line to 'False'
[0.240s] Level 5:colcon.colcon_core.verb:set package 'semantic_perception' build argument 'ament_cmake_args' from command line to 'None'
[0.240s] Level 5:colcon.colcon_core.verb:set package 'semantic_perception' build argument 'catkin_cmake_args' from command line to 'None'
[0.240s] Level 5:colcon.colcon_core.verb:set package 'semantic_perception' build argument 'catkin_skip_building_tests' from command line to 'False'
[0.240s] DEBUG:colcon.colcon_core.verb:Building package 'semantic_perception' with the following arguments: {'ament_cmake_args': None, 'build_base': '/home/anurag/griffin/build/semantic_perception', 'catkin_cmake_args': None, 'catkin_skip_building_tests': False, 'cmake_args': None, 'cmake_clean_cache': False, 'cmake_clean_first': False, 'cmake_force_configure': False, 'cmake_target': None, 'cmake_target_skip_unavailable': False, 'install_base': '/home/anurag/griffin/install/semantic_perception', 'merge_install': False, 'path': '/home/anurag/griffin/src/semantic_perception', 'symlink_install': False, 'test_result_base': None}
[0.240s] Level 5:colcon.colcon_core.verb:set package 'turtlebot3_gazebo' build argument 'cmake_args' from command line to 'None'
[0.240s] Level 5:colcon.colcon_core.verb:set package 'turtlebot3_gazebo' build argument 'cmake_target' from command line to 'None'
[0.240s] Level 5:colcon.colcon_core.verb:set package 'turtlebot3_gazebo' build argument 'cmake_target_skip_unavailable' from command line to 'False'
[0.240s] Level 5:colcon.colcon_core.verb:set package 'turtlebot3_gazebo' build argument 'cmake_clean_cache' from command line to 'False'
[0.240s] Level 5:colcon.colcon_core.verb:set package 'turtlebot3_gazebo' build argument 'cmake_clean_first' from command line to 'False'
[0.240s] Level 5:colcon.colcon_core.verb:set package 'turtlebot3_gazebo' build argument 'cmake_force_configure' from command line to 'False'
[0.240s] Level 5:colcon.colcon_core.verb:set package 'turtlebot3_gazebo' build argument 'ament_cmake_args' from command line to 'None'
[0.240s] Level 5:colcon.colcon_core.verb:set package 'turtlebot3_gazebo' build argument 'catkin_cmake_args' from command line to 'None'
[0.240s] Level 5:colcon.colcon_core.verb:set package 'turtlebot3_gazebo' build argument 'catkin_skip_building_tests' from command line to 'False'
[0.240s] DEBUG:colcon.colcon_core.verb:Building package 'turtlebot3_gazebo' with the following arguments: {'ament_cmake_args': None, 'build_base': '/home/anurag/griffin/build/turtlebot3_gazebo', 'catkin_cmake_args': None, 'catkin_skip_building_tests': False, 'cmake_args': None, 'cmake_clean_cache': False, 'cmake_clean_first': False, 'cmake_force_configure': False, 'cmake_target': None, 'cmake_target_skip_unavailable': False, 'install_base': '/home/anurag/griffin/install/turtlebot3_gazebo', 'merge_install': False, 'path': '/home/anurag/griffin/src/turtlebot3_simulations/turtlebot3_gazebo', 'symlink_install': False, 'test_result_base': None}
[0.241s] Level 5:colcon.colcon_core.verb:set package 'turtlebot3_simulations' build argument 'cmake_args' from command line to 'None'
[0.241s] Level 5:colcon.colcon_core.verb:set package 'turtlebot3_simulations' build argument 'cmake_target' from command line to 'None'
[0.241s] Level 5:colcon.colcon_core.verb:set package 'turtlebot3_simulations' build argument 'cmake_target_skip_unavailable' from command line to 'False'
[0.241s] Level 5:colcon.colcon_core.verb:set package 'turtlebot3_simulations' build argument 'cmake_clean_cache' from command line to 'False'
[0.241s] Level 5:colcon.colcon_core.verb:set package 'turtlebot3_simulations' build argument 'cmake_clean_first' from command line to 'False'
[0.241s] Level 5:colcon.colcon_core.verb:set package 'turtlebot3_simulations' build argument 'cmake_force_configure' from command line to 'False'
[0.241s] Level 5:colcon.colcon_core.verb:set package 'turtlebot3_simulations' build argument 'ament_cmake_args' from command line to 'None'
[0.241s] Level 5:colcon.colcon_core.verb:set package 'turtlebot3_simulations' build argument 'catkin_cmake_args' from command line to 'None'
[0.241s] Level 5:colcon.colcon_core.verb:set package 'turtlebot3_simulations' build argument 'catkin_skip_building_tests' from command line to 'False'
[0.241s] DEBUG:colcon.colcon_core.verb:Building package 'turtlebot3_simulations' with the following arguments: {'ament_cmake_args': None, 'build_base': '/home/anurag/griffin/build/turtlebot3_simulations', 'catkin_cmake_args': None, 'catkin_skip_building_tests': False, 'cmake_args': None, 'cmake_clean_cache': False, 'cmake_clean_first': False, 'cmake_force_configure': False, 'cmake_target': None, 'cmake_target_skip_unavailable': False, 'install_base': '/home/anurag/griffin/install/turtlebot3_simulations', 'merge_install': False, 'path': '/home/anurag/griffin/src/turtlebot3_simulations/turtlebot3_simulations', 'symlink_install': False, 'test_result_base': None}
[0.241s] INFO:colcon.colcon_core.executor:Executing jobs using 'parallel' executor
[0.241s] DEBUG:colcon.colcon_parallel_executor.executor.parallel:run_until_complete
[0.242s] INFO:colcon.colcon_ros.task.ament_cmake.build:Building ROS package in '/home/anurag/griffin/src/turtlebot3_simulations/turtlebot3_gazebo' with build type 'ament_cmake'
[0.242s] INFO:colcon.colcon_cmake.task.cmake.build:Building CMake package in '/home/anurag/griffin/src/turtlebot3_simulations/turtlebot3_gazebo'
[0.243s] INFO:colcon.colcon_core.plugin_system:Skipping extension 'colcon_core.shell.bat': Not used on non-Windows systems
[0.243s] INFO:colcon.colcon_core.shell:Skip shell extension 'powershell' for command environment: Not usable outside of PowerShell
[0.243s] DEBUG:colcon.colcon_core.shell:Skip shell extension 'dsv' for command environment
[0.245s] INFO:colcon.colcon_ros.task.ament_cmake.build:Building ROS package in '/home/anurag/griffin/src/m-explore-ros2/explore' with build type 'ament_cmake'
[0.245s] INFO:colcon.colcon_cmake.task.cmake.build:Building CMake package in '/home/anurag/griffin/src/m-explore-ros2/explore'
[0.245s] INFO:colcon.colcon_core.shell:Skip shell extension 'powershell' for command environment: Not usable outside of PowerShell
[0.245s] DEBUG:colcon.colcon_core.shell:Skip shell extension 'dsv' for command environment
[0.247s] INFO:colcon.colcon_ros.task.ament_cmake.build:Building ROS package in '/home/anurag/griffin/src/TurtleBot-RRT-Star' with build type 'ament_cmake'
[0.247s] INFO:colcon.colcon_cmake.task.cmake.build:Building CMake package in '/home/anurag/griffin/src/TurtleBot-RRT-Star'
[0.248s] INFO:colcon.colcon_core.shell:Skip shell extension 'powershell' for command environment: Not usable outside of PowerShell
[0.248s] DEBUG:colcon.colcon_core.shell:Skip shell extension 'dsv' for command environment
[0.249s] INFO:colcon.colcon_ros.task.ament_python.build:Building ROS package in '/home/anurag/griffin/src/semantic_navigation' with build type 'ament_python'
[0.249s] Level 1:colcon.colcon_core.shell:create_environment_hook('semantic_navigation', 'ament_prefix_path')
[0.250s] INFO:colcon.colcon_core.shell:Creating environment hook '/home/anurag/griffin/install/semantic_navigation/share/semantic_navigation/hook/ament_prefix_path.ps1'
[0.250s] INFO:colcon.colcon_core.shell:Creating environment descriptor '/home/anurag/griffin/install/semantic_navigation/share/semantic_navigation/hook/ament_prefix_path.dsv'
[0.250s] INFO:colcon.colcon_core.shell:Creating environment hook '/home/anurag/griffin/install/semantic_navigation/share/semantic_navigation/hook/ament_prefix_path.sh'
[0.251s] INFO:colcon.colcon_core.shell:Skip shell extension 'powershell' for command environment: Not usable outside of PowerShell
[0.251s] DEBUG:colcon.colcon_core.shell:Skip shell extension 'dsv' for command environment
[0.252s] INFO:colcon.colcon_ros.task.ament_python.build:Building ROS package in '/home/anurag/griffin/src/semantic_perception' with build type 'ament_python'
[0.252s] Level 1:colcon.colcon_core.shell:create_environment_hook('semantic_perception', 'ament_prefix_path')
[0.253s] INFO:colcon.colcon_core.shell:Creating environment hook '/home/anurag/griffin/install/semantic_perception/share/semantic_perception/hook/ament_prefix_path.ps1'
[0.253s] INFO:colcon.colcon_core.shell:Creating environment descriptor '/home/anurag/griffin/install/semantic_perception/share/semantic_perception/hook/ament_prefix_path.dsv'
[0.253s] INFO:colcon.colcon_core.shell:Creating environment hook '/home/anurag/griffin/install/semantic_perception/share/semantic_perception/hook/ament_prefix_path.sh'
[0.253s] INFO:colcon.colcon_core.shell:Skip shell extension 'powershell' for command environment: Not usable outside of PowerShell
[0.253s] DEBUG:colcon.colcon_core.shell:Skip shell extension 'dsv' for command environment
[0.259s] DEBUG:colcon.colcon_core.event_handler.log_command:Invoking command in '/home/anurag/griffin/build/turtlebot3_gazebo': CMAKE_PREFIX_PATH=${CMAKE_PREFIX_PATH}:/home/anurag/griffin/install/semantic_navigation:/home/anurag/griffin/install/vlm_perception_pkg:/home/anurag/griffin/install/vlm_nav_pkg:/opt/ros/humble /usr/bin/cmake /home/anurag/griffin/src/turtlebot3_simulations/turtlebot3_gazebo -DCMAKE_INSTALL_PREFIX=/home/anurag/griffin/install/turtlebot3_gazebo
[0.261s] DEBUG:colcon.colcon_core.event_handler.log_command:Invoking command in '/home/anurag/griffin/build/explore_lite': CMAKE_PREFIX_PATH=${CMAKE_PREFIX_PATH}:/home/anurag/griffin/install/semantic_navigation:/home/anurag/griffin/install/vlm_perception_pkg:/home/anurag/griffin/install/vlm_nav_pkg:/opt/ros/humble /usr/bin/cmake /home/anurag/griffin/src/m-explore-ros2/explore -DCMAKE_INSTALL_PREFIX=/home/anurag/griffin/install/explore_lite
[0.262s] DEBUG:colcon.colcon_core.event_handler.log_command:Invoking command in '/home/anurag/griffin/build/nav2_rrtstar_planner': CMAKE_PREFIX_PATH=${CMAKE_PREFIX_PATH}:/home/anurag/griffin/install/semantic_navigation:/home/anurag/griffin/install/vlm_perception_pkg:/home/anurag/griffin/install/vlm_nav_pkg:/opt/ros/humble /usr/bin/cmake /home/anurag/griffin/src/TurtleBot-RRT-Star -DCMAKE_INSTALL_PREFIX=/home/anurag/griffin/install/nav2_rrtstar_planner
[0.429s] INFO:colcon.colcon_core.task.python.build:Building Python package in '/home/anurag/griffin/src/semantic_navigation'
[0.429s] INFO:colcon.colcon_core.shell:Skip shell extension 'powershell' for command environment: Not usable outside of PowerShell
[0.429s] DEBUG:colcon.colcon_core.shell:Skip shell extension 'dsv' for command environment
[0.629s] INFO:colcon.colcon_core.task.python.build:Building Python package in '/home/anurag/griffin/src/semantic_perception'
[0.629s] INFO:colcon.colcon_core.shell:Skip shell extension 'powershell' for command environment: Not usable outside of PowerShell
[0.629s] DEBUG:colcon.colcon_core.shell:Skip shell extension 'dsv' for command environment
[0.908s] DEBUG:colcon.colcon_core.event_handler.log_command:Invoking command in '/home/anurag/griffin/src/semantic_navigation': PYTHONPATH=/home/anurag/griffin/build/semantic_navigation/prefix_override:/usr/lib/python3/dist-packages/colcon_core/task/python/colcon_distutils_commands:/home/anurag/griffin/install/semantic_navigation/lib/python3.10/site-packages:${PYTHONPATH} /usr/bin/python3 -W ignore:setup.py install is deprecated -W ignore:easy_install command is deprecated setup.py egg_info --egg-base ../../build/semantic_navigation build --build-base /home/anurag/griffin/build/semantic_navigation/build install --record /home/anurag/griffin/build/semantic_navigation/install.log --single-version-externally-managed install_data
[0.917s] DEBUG:colcon.colcon_core.event_handler.log_command:Invoking command in '/home/anurag/griffin/src/semantic_perception': PYTHONPATH=/home/anurag/griffin/build/semantic_perception/prefix_override:/usr/lib/python3/dist-packages/colcon_core/task/python/colcon_distutils_commands:/home/anurag/griffin/install/semantic_perception/lib/python3.10/site-packages:${PYTHONPATH} /usr/bin/python3 -W ignore:setup.py install is deprecated -W ignore:easy_install command is deprecated setup.py egg_info --egg-base ../../build/semantic_perception build --build-base /home/anurag/griffin/build/semantic_perception/build install --record /home/anurag/griffin/build/semantic_perception/install.log --single-version-externally-managed install_data
[1.154s] DEBUG:colcon.colcon_core.event_handler.log_command:Invoked command in '/home/anurag/griffin/src/semantic_navigation' returned '0': PYTHONPATH=/home/anurag/griffin/build/semantic_navigation/prefix_override:/usr/lib/python3/dist-packages/colcon_core/task/python/colcon_distutils_commands:/home/anurag/griffin/install/semantic_navigation/lib/python3.10/site-packages:${PYTHONPATH} /usr/bin/python3 -W ignore:setup.py install is deprecated -W ignore:easy_install command is deprecated setup.py egg_info --egg-base ../../build/semantic_navigation build --build-base /home/anurag/griffin/build/semantic_navigation/build install --record /home/anurag/griffin/build/semantic_navigation/install.log --single-version-externally-managed install_data
[1.156s] Level 1:colcon.colcon_core.environment:checking '/home/anurag/griffin/install/semantic_navigation' for CMake module files
[1.157s] Level 1:colcon.colcon_core.environment:checking '/home/anurag/griffin/install/semantic_navigation' for CMake config files
[1.157s] Level 1:colcon.colcon_core.environment:checking '/home/anurag/griffin/install/semantic_navigation/lib'
[1.157s] Level 1:colcon.colcon_core.environment:checking '/home/anurag/griffin/install/semantic_navigation/bin'
[1.158s] Level 1:colcon.colcon_core.environment:checking '/home/anurag/griffin/install/semantic_navigation/lib/pkgconfig/semantic_navigation.pc'
[1.158s] Level 1:colcon.colcon_core.environment:checking '/home/anurag/griffin/install/semantic_navigation/lib/python3.10/site-packages'
[1.158s] Level 1:colcon.colcon_core.shell:create_environment_hook('semantic_navigation', 'pythonpath')
[1.158s] INFO:colcon.colcon_core.shell:Creating environment hook '/home/anurag/griffin/install/semantic_navigation/share/semantic_navigation/hook/pythonpath.ps1'
[1.158s] INFO:colcon.colcon_core.shell:Creating environment descriptor '/home/anurag/griffin/install/semantic_navigation/share/semantic_navigation/hook/pythonpath.dsv'
[1.159s] INFO:colcon.colcon_core.shell:Creating environment hook '/home/anurag/griffin/install/semantic_navigation/share/semantic_navigation/hook/pythonpath.sh'
[1.159s] Level 1:colcon.colcon_core.environment:checking '/home/anurag/griffin/install/semantic_navigation/bin'
[1.159s] Level 1:colcon.colcon_core.environment:create_environment_scripts_only(semantic_navigation)
[1.159s] INFO:colcon.colcon_core.shell:Creating package script '/home/anurag/griffin/install/semantic_navigation/share/semantic_navigation/package.ps1'
[1.160s] INFO:colcon.colcon_core.shell:Creating package descriptor '/home/anurag/griffin/install/semantic_navigation/share/semantic_navigation/package.dsv'
[1.160s] INFO:colcon.colcon_core.shell:Creating package script '/home/anurag/griffin/install/semantic_navigation/share/semantic_navigation/package.sh'
[1.161s] INFO:colcon.colcon_core.shell:Creating package script '/home/anurag/griffin/install/semantic_navigation/share/semantic_navigation/package.bash'
[1.162s] INFO:colcon.colcon_core.shell:Creating package script '/home/anurag/griffin/install/semantic_navigation/share/semantic_navigation/package.zsh'
[1.162s] Level 1:colcon.colcon_core.environment:create_file_with_runtime_dependencies(/home/anurag/griffin/install/semantic_navigation/share/colcon-core/packages/semantic_navigation)
[1.164s] Level 1:colcon.colcon_core.environment:checking '/home/anurag/griffin/install/semantic_perception' for CMake module files
[1.164s] DEBUG:colcon.colcon_core.event_handler.log_command:Invoked command in '/home/anurag/griffin/src/semantic_perception' returned '0': PYTHONPATH=/home/anurag/griffin/build/semantic_perception/prefix_override:/usr/lib/python3/dist-packages/colcon_core/task/python/colcon_distutils_commands:/home/anurag/griffin/install/semantic_perception/lib/python3.10/site-packages:${PYTHONPATH} /usr/bin/python3 -W ignore:setup.py install is deprecated -W ignore:easy_install command is deprecated setup.py egg_info --egg-base ../../build/semantic_perception build --build-base /home/anurag/griffin/build/semantic_perception/build install --record /home/anurag/griffin/build/semantic_perception/install.log --single-version-externally-managed install_data
[1.165s] Level 1:colcon.colcon_core.environment:checking '/home/anurag/griffin/install/semantic_perception' for CMake config files
[1.165s] Level 1:colcon.colcon_core.environment:checking '/home/anurag/griffin/install/semantic_perception/lib'
[1.165s] Level 1:colcon.colcon_core.environment:checking '/home/anurag/griffin/install/semantic_perception/bin'
[1.165s] Level 1:colcon.colcon_core.environment:checking '/home/anurag/griffin/install/semantic_perception/lib/pkgconfig/semantic_perception.pc'
[1.166s] Level 1:colcon.colcon_core.environment:checking '/home/anurag/griffin/install/semantic_perception/lib/python3.10/site-packages'
[1.166s] Level 1:colcon.colcon_core.shell:create_environment_hook('semantic_perception', 'pythonpath')
[1.166s] INFO:colcon.colcon_core.shell:Creating environment hook '/home/anurag/griffin/install/semantic_perception/share/semantic_perception/hook/pythonpath.ps1'
[1.167s] INFO:colcon.colcon_core.shell:Creating environment descriptor '/home/anurag/griffin/install/semantic_perception/share/semantic_perception/hook/pythonpath.dsv'
[1.167s] INFO:colcon.colcon_core.shell:Creating environment hook '/home/anurag/griffin/install/semantic_perception/share/semantic_perception/hook/pythonpath.sh'
[1.168s] Level 1:colcon.colcon_core.environment:checking '/home/anurag/griffin/install/semantic_perception/bin'
[1.168s] Level 1:colcon.colcon_core.environment:create_environment_scripts_only(semantic_perception)
[1.168s] INFO:colcon.colcon_core.shell:Creating package script '/home/anurag/griffin/install/semantic_perception/share/semantic_perception/package.ps1'
[1.168s] INFO:colcon.colcon_core.shell:Creating package descriptor '/home/anurag/griffin/install/semantic_perception/share/semantic_perception/package.dsv'
[1.169s] INFO:colcon.colcon_core.shell:Creating package script '/home/anurag/griffin/install/semantic_perception/share/semantic_perception/package.sh'
[1.169s] INFO:colcon.colcon_core.shell:Creating package script '/home/anurag/griffin/install/semantic_perception/share/semantic_perception/package.bash'
[1.169s] INFO:colcon.colcon_core.shell:Creating package script '/home/anurag/griffin/install/semantic_perception/share/semantic_perception/package.zsh'
[1.169s] Level 1:colcon.colcon_core.environment:create_file_with_runtime_dependencies(/home/anurag/griffin/install/semantic_perception/share/colcon-core/packages/semantic_perception)
[1.416s] DEBUG:colcon.colcon_core.event_handler.log_command:Invoked command in '/home/anurag/griffin/build/explore_lite' returned '0': CMAKE_PREFIX_PATH=${CMAKE_PREFIX_PATH}:/home/anurag/griffin/install/semantic_navigation:/home/anurag/griffin/install/vlm_perception_pkg:/home/anurag/griffin/install/vlm_nav_pkg:/opt/ros/humble /usr/bin/cmake /home/anurag/griffin/src/m-explore-ros2/explore -DCMAKE_INSTALL_PREFIX=/home/anurag/griffin/install/explore_lite
[1.418s] DEBUG:colcon.colcon_core.event_handler.log_command:Invoking command in '/home/anurag/griffin/build/explore_lite': CMAKE_PREFIX_PATH=${CMAKE_PREFIX_PATH}:/home/anurag/griffin/install/semantic_navigation:/home/anurag/griffin/install/vlm_perception_pkg:/home/anurag/griffin/install/vlm_nav_pkg:/opt/ros/humble /usr/bin/cmake --build /home/anurag/griffin/build/explore_lite -- -j24 -l24
[1.529s] DEBUG:colcon.colcon_core.event_handler.log_command:Invoked command in '/home/anurag/griffin/build/nav2_rrtstar_planner' returned '0': CMAKE_PREFIX_PATH=${CMAKE_PREFIX_PATH}:/home/anurag/griffin/install/semantic_navigation:/home/anurag/griffin/install/vlm_perception_pkg:/home/anurag/griffin/install/vlm_nav_pkg:/opt/ros/humble /usr/bin/cmake /home/anurag/griffin/src/TurtleBot-RRT-Star -DCMAKE_INSTALL_PREFIX=/home/anurag/griffin/install/nav2_rrtstar_planner
[1.531s] DEBUG:colcon.colcon_core.event_handler.log_command:Invoking command in '/home/anurag/griffin/build/nav2_rrtstar_planner': CMAKE_PREFIX_PATH=${CMAKE_PREFIX_PATH}:/home/anurag/griffin/install/semantic_navigation:/home/anurag/griffin/install/vlm_perception_pkg:/home/anurag/griffin/install/vlm_nav_pkg:/opt/ros/humble /usr/bin/cmake --build /home/anurag/griffin/build/nav2_rrtstar_planner -- -j24 -l24
[2.004s] DEBUG:colcon.colcon_core.event_handler.log_command:Invoked command in '/home/anurag/griffin/build/turtlebot3_gazebo' returned '0': CMAKE_PREFIX_PATH=${CMAKE_PREFIX_PATH}:/home/anurag/griffin/install/semantic_navigation:/home/anurag/griffin/install/vlm_perception_pkg:/home/anurag/griffin/install/vlm_nav_pkg:/opt/ros/humble /usr/bin/cmake /home/anurag/griffin/src/turtlebot3_simulations/turtlebot3_gazebo -DCMAKE_INSTALL_PREFIX=/home/anurag/griffin/install/turtlebot3_gazebo
[2.006s] DEBUG:colcon.colcon_core.event_handler.log_command:Invoking command in '/home/anurag/griffin/build/turtlebot3_gazebo': CMAKE_PREFIX_PATH=${CMAKE_PREFIX_PATH}:/home/anurag/griffin/install/semantic_navigation:/home/anurag/griffin/install/vlm_perception_pkg:/home/anurag/griffin/install/vlm_nav_pkg:/opt/ros/humble /usr/bin/cmake --build /home/anurag/griffin/build/turtlebot3_gazebo -- -j24 -l24
[6.183s] DEBUG:colcon.colcon_core.event_handler.log_command:Invoked command in '/home/anurag/griffin/build/nav2_rrtstar_planner' returned '0': CMAKE_PREFIX_PATH=${CMAKE_PREFIX_PATH}:/home/anurag/griffin/install/semantic_navigation:/home/anurag/griffin/install/vlm_perception_pkg:/home/anurag/griffin/install/vlm_nav_pkg:/opt/ros/humble /usr/bin/cmake --build /home/anurag/griffin/build/nav2_rrtstar_planner -- -j24 -l24
[6.194s] DEBUG:colcon.colcon_core.event_handler.log_command:Invoking command in '/home/anurag/griffin/build/nav2_rrtstar_planner': CMAKE_PREFIX_PATH=${CMAKE_PREFIX_PATH}:/home/anurag/griffin/install/semantic_navigation:/home/anurag/griffin/install/vlm_perception_pkg:/home/anurag/griffin/install/vlm_nav_pkg:/opt/ros/humble /usr/bin/cmake --install /home/anurag/griffin/build/nav2_rrtstar_planner
[6.205s] Level 1:colcon.colcon_core.environment:create_environment_scripts_only(nav2_rrtstar_planner)
[6.205s] Level 1:colcon.colcon_core.environment:checking '/home/anurag/griffin/install/nav2_rrtstar_planner' for CMake module files
[6.206s] DEBUG:colcon.colcon_core.event_handler.log_command:Invoked command in '/home/anurag/griffin/build/nav2_rrtstar_planner' returned '0': CMAKE_PREFIX_PATH=${CMAKE_PREFIX_PATH}:/home/anurag/griffin/install/semantic_navigation:/home/anurag/griffin/install/vlm_perception_pkg:/home/anurag/griffin/install/vlm_nav_pkg:/opt/ros/humble /usr/bin/cmake --install /home/anurag/griffin/build/nav2_rrtstar_planner
[6.206s] Level 1:colcon.colcon_core.environment:checking '/home/anurag/griffin/install/nav2_rrtstar_planner' for CMake config files
[6.206s] Level 1:colcon.colcon_core.shell:create_environment_hook('nav2_rrtstar_planner', 'cmake_prefix_path')
[6.207s] INFO:colcon.colcon_core.shell:Creating environment hook '/home/anurag/griffin/install/nav2_rrtstar_planner/share/nav2_rrtstar_planner/hook/cmake_prefix_path.ps1'
[6.207s] INFO:colcon.colcon_core.shell:Creating environment descriptor '/home/anurag/griffin/install/nav2_rrtstar_planner/share/nav2_rrtstar_planner/hook/cmake_prefix_path.dsv'
[6.208s] INFO:colcon.colcon_core.shell:Creating environment hook '/home/anurag/griffin/install/nav2_rrtstar_planner/share/nav2_rrtstar_planner/hook/cmake_prefix_path.sh'
[6.208s] Level 1:colcon.colcon_core.environment:checking '/home/anurag/griffin/install/nav2_rrtstar_planner/lib'
[6.208s] Level 1:colcon.colcon_core.shell:create_environment_hook('nav2_rrtstar_planner', 'ld_library_path_lib')
[6.209s] INFO:colcon.colcon_core.shell:Creating environment hook '/home/anurag/griffin/install/nav2_rrtstar_planner/share/nav2_rrtstar_planner/hook/ld_library_path_lib.ps1'
[6.209s] INFO:colcon.colcon_core.shell:Creating environment descriptor '/home/anurag/griffin/install/nav2_rrtstar_planner/share/nav2_rrtstar_planner/hook/ld_library_path_lib.dsv'
[6.209s] INFO:colcon.colcon_core.shell:Creating environment hook '/home/anurag/griffin/install/nav2_rrtstar_planner/share/nav2_rrtstar_planner/hook/ld_library_path_lib.sh'
[6.209s] Level 1:colcon.colcon_core.environment:checking '/home/anurag/griffin/install/nav2_rrtstar_planner/bin'
[6.209s] Level 1:colcon.colcon_core.environment:checking '/home/anurag/griffin/install/nav2_rrtstar_planner/lib/pkgconfig/nav2_rrtstar_planner.pc'
[6.209s] Level 1:colcon.colcon_core.environment:checking '/home/anurag/griffin/install/nav2_rrtstar_planner/lib/python3.10/site-packages'
[6.210s] Level 1:colcon.colcon_core.environment:checking '/home/anurag/griffin/install/nav2_rrtstar_planner/bin'
[6.210s] INFO:colcon.colcon_core.shell:Creating package script '/home/anurag/griffin/install/nav2_rrtstar_planner/share/nav2_rrtstar_planner/package.ps1'
[6.210s] INFO:colcon.colcon_core.shell:Creating package descriptor '/home/anurag/griffin/install/nav2_rrtstar_planner/share/nav2_rrtstar_planner/package.dsv'
[6.211s] INFO:colcon.colcon_core.shell:Creating package script '/home/anurag/griffin/install/nav2_rrtstar_planner/share/nav2_rrtstar_planner/package.sh'
[6.211s] INFO:colcon.colcon_core.shell:Creating package script '/home/anurag/griffin/install/nav2_rrtstar_planner/share/nav2_rrtstar_planner/package.bash'
[6.212s] INFO:colcon.colcon_core.shell:Creating package script '/home/anurag/griffin/install/nav2_rrtstar_planner/share/nav2_rrtstar_planner/package.zsh'
[6.212s] Level 1:colcon.colcon_core.environment:create_file_with_runtime_dependencies(/home/anurag/griffin/install/nav2_rrtstar_planner/share/colcon-core/packages/nav2_rrtstar_planner)
[6.213s] Level 1:colcon.colcon_core.environment:create_environment_scripts_only(nav2_rrtstar_planner)
[6.213s] Level 1:colcon.colcon_core.environment:checking '/home/anurag/griffin/install/nav2_rrtstar_planner' for CMake module files
[6.214s] Level 1:colcon.colcon_core.environment:checking '/home/anurag/griffin/install/nav2_rrtstar_planner' for CMake config files
[6.214s] Level 1:colcon.colcon_core.shell:create_environment_hook('nav2_rrtstar_planner', 'cmake_prefix_path')
[6.214s] INFO:colcon.colcon_core.shell:Creating environment hook '/home/anurag/griffin/install/nav2_rrtstar_planner/share/nav2_rrtstar_planner/hook/cmake_prefix_path.ps1'
[6.214s] INFO:colcon.colcon_core.shell:Creating environment descriptor '/home/anurag/griffin/install/nav2_rrtstar_planner/share/nav2_rrtstar_planner/hook/cmake_prefix_path.dsv'
[6.214s] INFO:colcon.colcon_core.shell:Creating environment hook '/home/anurag/griffin/install/nav2_rrtstar_planner/share/nav2_rrtstar_planner/hook/cmake_prefix_path.sh'
[6.215s] Level 1:colcon.colcon_core.environment:checking '/home/anurag/griffin/install/nav2_rrtstar_planner/lib'
[6.215s] Level 1:colcon.colcon_core.shell:create_environment_hook('nav2_rrtstar_planner', 'ld_library_path_lib')
[6.215s] INFO:colcon.colcon_core.shell:Creating environment hook '/home/anurag/griffin/install/nav2_rrtstar_planner/share/nav2_rrtstar_planner/hook/ld_library_path_lib.ps1'
[6.215s] INFO:colcon.colcon_core.shell:Creating environment descriptor '/home/anurag/griffin/install/nav2_rrtstar_planner/share/nav2_rrtstar_planner/hook/ld_library_path_lib.dsv'
[6.216s] INFO:colcon.colcon_core.shell:Creating environment hook '/home/anurag/griffin/install/nav2_rrtstar_planner/share/nav2_rrtstar_planner/hook/ld_library_path_lib.sh'
[6.216s] Level 1:colcon.colcon_core.environment:checking '/home/anurag/griffin/install/nav2_rrtstar_planner/bin'
[6.216s] Level 1:colcon.colcon_core.environment:checking '/home/anurag/griffin/install/nav2_rrtstar_planner/lib/pkgconfig/nav2_rrtstar_planner.pc'
[6.216s] Level 1:colcon.colcon_core.environment:checking '/home/anurag/griffin/install/nav2_rrtstar_planner/lib/python3.10/site-packages'
[6.216s] Level 1:colcon.colcon_core.environment:checking '/home/anurag/griffin/install/nav2_rrtstar_planner/bin'
[6.216s] INFO:colcon.colcon_core.shell:Creating package script '/home/anurag/griffin/install/nav2_rrtstar_planner/share/nav2_rrtstar_planner/package.ps1'
[6.217s] INFO:colcon.colcon_core.shell:Creating package descriptor '/home/anurag/griffin/install/nav2_rrtstar_planner/share/nav2_rrtstar_planner/package.dsv'
[6.218s] INFO:colcon.colcon_core.shell:Creating package script '/home/anurag/griffin/install/nav2_rrtstar_planner/share/nav2_rrtstar_planner/package.sh'
[6.218s] INFO:colcon.colcon_core.shell:Creating package script '/home/anurag/griffin/install/nav2_rrtstar_planner/share/nav2_rrtstar_planner/package.bash'
[6.218s] INFO:colcon.colcon_core.shell:Creating package script '/home/anurag/griffin/install/nav2_rrtstar_planner/share/nav2_rrtstar_planner/package.zsh'
[6.218s] Level 1:colcon.colcon_core.environment:create_file_with_runtime_dependencies(/home/anurag/griffin/install/nav2_rrtstar_planner/share/colcon-core/packages/nav2_rrtstar_planner)
[13.063s] DEBUG:colcon.colcon_core.event_handler.log_command:Invoked command in '/home/anurag/griffin/build/turtlebot3_gazebo' returned '0': CMAKE_PREFIX_PATH=${CMAKE_PREFIX_PATH}:/home/anurag/griffin/install/semantic_navigation:/home/anurag/griffin/install/vlm_perception_pkg:/home/anurag/griffin/install/vlm_nav_pkg:/opt/ros/humble /usr/bin/cmake --build /home/anurag/griffin/build/turtlebot3_gazebo -- -j24 -l24
[13.063s] DEBUG:colcon.colcon_core.event_handler.log_command:Invoking command in '/home/anurag/griffin/build/turtlebot3_gazebo': CMAKE_PREFIX_PATH=${CMAKE_PREFIX_PATH}:/home/anurag/griffin/install/semantic_navigation:/home/anurag/griffin/install/vlm_perception_pkg:/home/anurag/griffin/install/vlm_nav_pkg:/opt/ros/humble /usr/bin/cmake --install /home/anurag/griffin/build/turtlebot3_gazebo
[13.139s] Level 1:colcon.colcon_core.environment:create_environment_scripts_only(turtlebot3_gazebo)
[13.139s] Level 1:colcon.colcon_core.environment:checking '/home/anurag/griffin/install/turtlebot3_gazebo' for CMake module files
[13.139s] DEBUG:colcon.colcon_core.event_handler.log_command:Invoked command in '/home/anurag/griffin/build/turtlebot3_gazebo' returned '0': CMAKE_PREFIX_PATH=${CMAKE_PREFIX_PATH}:/home/anurag/griffin/install/semantic_navigation:/home/anurag/griffin/install/vlm_perception_pkg:/home/anurag/griffin/install/vlm_nav_pkg:/opt/ros/humble /usr/bin/cmake --install /home/anurag/griffin/build/turtlebot3_gazebo
[13.140s] Level 1:colcon.colcon_core.environment:checking '/home/anurag/griffin/install/turtlebot3_gazebo' for CMake config files
[13.140s] Level 1:colcon.colcon_core.shell:create_environment_hook('turtlebot3_gazebo', 'cmake_prefix_path')
[13.140s] INFO:colcon.colcon_core.shell:Creating environment hook '/home/anurag/griffin/install/turtlebot3_gazebo/share/turtlebot3_gazebo/hook/cmake_prefix_path.ps1'
[13.140s] INFO:colcon.colcon_core.shell:Creating environment descriptor '/home/anurag/griffin/install/turtlebot3_gazebo/share/turtlebot3_gazebo/hook/cmake_prefix_path.dsv'
[13.141s] INFO:colcon.colcon_core.shell:Creating environment hook '/home/anurag/griffin/install/turtlebot3_gazebo/share/turtlebot3_gazebo/hook/cmake_prefix_path.sh'
[13.141s] Level 1:colcon.colcon_core.environment:checking '/home/anurag/griffin/install/turtlebot3_gazebo/lib'
[13.141s] Level 1:colcon.colcon_core.environment:checking '/home/anurag/griffin/install/turtlebot3_gazebo/bin'
[13.141s] Level 1:colcon.colcon_core.environment:checking '/home/anurag/griffin/install/turtlebot3_gazebo/lib/pkgconfig/turtlebot3_gazebo.pc'
[13.141s] Level 1:colcon.colcon_core.environment:checking '/home/anurag/griffin/install/turtlebot3_gazebo/lib/python3.10/site-packages'
[13.141s] Level 1:colcon.colcon_core.environment:checking '/home/anurag/griffin/install/turtlebot3_gazebo/bin'
[13.141s] INFO:colcon.colcon_core.shell:Creating package script '/home/anurag/griffin/install/turtlebot3_gazebo/share/turtlebot3_gazebo/package.ps1'
[13.142s] INFO:colcon.colcon_core.shell:Creating package descriptor '/home/anurag/griffin/install/turtlebot3_gazebo/share/turtlebot3_gazebo/package.dsv'
[13.142s] INFO:colcon.colcon_core.shell:Creating package script '/home/anurag/griffin/install/turtlebot3_gazebo/share/turtlebot3_gazebo/package.sh'
[13.142s] INFO:colcon.colcon_core.shell:Creating package script '/home/anurag/griffin/install/turtlebot3_gazebo/share/turtlebot3_gazebo/package.bash'
[13.142s] INFO:colcon.colcon_core.shell:Creating package script '/home/anurag/griffin/install/turtlebot3_gazebo/share/turtlebot3_gazebo/package.zsh'
[13.143s] Level 1:colcon.colcon_core.environment:create_file_with_runtime_dependencies(/home/anurag/griffin/install/turtlebot3_gazebo/share/colcon-core/packages/turtlebot3_gazebo)
[13.143s] Level 1:colcon.colcon_core.environment:create_environment_scripts_only(turtlebot3_gazebo)
[13.143s] Level 1:colcon.colcon_core.environment:checking '/home/anurag/griffin/install/turtlebot3_gazebo' for CMake module files
[13.143s] Level 1:colcon.colcon_core.environment:checking '/home/anurag/griffin/install/turtlebot3_gazebo' for CMake config files
[13.143s] Level 1:colcon.colcon_core.shell:create_environment_hook('turtlebot3_gazebo', 'cmake_prefix_path')
[13.144s] INFO:colcon.colcon_core.shell:Creating environment hook '/home/anurag/griffin/install/turtlebot3_gazebo/share/turtlebot3_gazebo/hook/cmake_prefix_path.ps1'
[13.144s] INFO:colcon.colcon_core.shell:Creating environment descriptor '/home/anurag/griffin/install/turtlebot3_gazebo/share/turtlebot3_gazebo/hook/cmake_prefix_path.dsv'
[13.144s] INFO:colcon.colcon_core.shell:Creating environment hook '/home/anurag/griffin/install/turtlebot3_gazebo/share/turtlebot3_gazebo/hook/cmake_prefix_path.sh'
[13.144s] Level 1:colcon.colcon_core.environment:checking '/home/anurag/griffin/install/turtlebot3_gazebo/lib'
[13.144s] Level 1:colcon.colcon_core.environment:checking '/home/anurag/griffin/install/turtlebot3_gazebo/bin'
[13.144s] Level 1:colcon.colcon_core.environment:checking '/home/anurag/griffin/install/turtlebot3_gazebo/lib/pkgconfig/turtlebot3_gazebo.pc'
[13.145s] Level 1:colcon.colcon_core.environment:checking '/home/anurag/griffin/install/turtlebot3_gazebo/lib/python3.10/site-packages'
[13.145s] Level 1:colcon.colcon_core.environment:checking '/home/anurag/griffin/install/turtlebot3_gazebo/bin'
[13.145s] INFO:colcon.colcon_core.shell:Creating package script '/home/anurag/griffin/install/turtlebot3_gazebo/share/turtlebot3_gazebo/package.ps1'
[13.145s] INFO:colcon.colcon_core.shell:Creating package descriptor '/home/anurag/griffin/install/turtlebot3_gazebo/share/turtlebot3_gazebo/package.dsv'
[13.145s] INFO:colcon.colcon_core.shell:Creating package script '/home/anurag/griffin/install/turtlebot3_gazebo/share/turtlebot3_gazebo/package.sh'
[13.146s] INFO:colcon.colcon_core.shell:Creating package script '/home/anurag/griffin/install/turtlebot3_gazebo/share/turtlebot3_gazebo/package.bash'
[13.146s] INFO:colcon.colcon_core.shell:Creating package script '/home/anurag/griffin/install/turtlebot3_gazebo/share/turtlebot3_gazebo/package.zsh'
[13.146s] Level 1:colcon.colcon_core.environment:create_file_with_runtime_dependencies(/home/anurag/griffin/install/turtlebot3_gazebo/share/colcon-core/packages/turtlebot3_gazebo)
[13.147s] INFO:colcon.colcon_ros.task.ament_cmake.build:Building ROS package in '/home/anurag/griffin/src/turtlebot3_simulations/turtlebot3_simulations' with build type 'ament_cmake'
[13.147s] INFO:colcon.colcon_cmake.task.cmake.build:Building CMake package in '/home/anurag/griffin/src/turtlebot3_simulations/turtlebot3_simulations'
[13.147s] INFO:colcon.colcon_core.shell:Skip shell extension 'powershell' for command environment: Not usable outside of PowerShell
[13.147s] DEBUG:colcon.colcon_core.shell:Skip shell extension 'dsv' for command environment
[13.155s] DEBUG:colcon.colcon_core.event_handler.log_command:Invoking command in '/home/anurag/griffin/build/turtlebot3_simulations': CMAKE_PREFIX_PATH=/home/anurag/griffin/install/turtlebot3_gazebo:/home/anurag/griffin/install/turtlebot3_simulations:/home/anurag/griffin/install/nav2_rrtstar_planner:/home/anurag/griffin/install/explore_lite:/home/anurag/griffin/install/semantic_navigation:/home/anurag/griffin/install/vlm_perception_pkg:/home/anurag/griffin/install/vlm_nav_pkg:/opt/ros/humble /usr/bin/cmake /home/anurag/griffin/src/turtlebot3_simulations/turtlebot3_simulations -DCMAKE_INSTALL_PREFIX=/home/anurag/griffin/install/turtlebot3_simulations
[13.305s] DEBUG:colcon.colcon_core.event_handler.log_command:Invoked command in '/home/anurag/griffin/build/explore_lite' returned '0': CMAKE_PREFIX_PATH=${CMAKE_PREFIX_PATH}:/home/anurag/griffin/install/semantic_navigation:/home/anurag/griffin/install/vlm_perception_pkg:/home/anurag/griffin/install/vlm_nav_pkg:/opt/ros/humble /usr/bin/cmake --build /home/anurag/griffin/build/explore_lite -- -j24 -l24
[13.305s] DEBUG:colcon.colcon_core.event_handler.log_command:Invoking command in '/home/anurag/griffin/build/explore_lite': CMAKE_PREFIX_PATH=${CMAKE_PREFIX_PATH}:/home/anurag/griffin/install/semantic_navigation:/home/anurag/griffin/install/vlm_perception_pkg:/home/anurag/griffin/install/vlm_nav_pkg:/opt/ros/humble /usr/bin/cmake --install /home/anurag/griffin/build/explore_lite
[13.318s] Level 1:colcon.colcon_core.environment:create_environment_scripts_only(explore_lite)
[13.318s] DEBUG:colcon.colcon_core.event_handler.log_command:Invoked command in '/home/anurag/griffin/build/explore_lite' returned '0': CMAKE_PREFIX_PATH=${CMAKE_PREFIX_PATH}:/home/anurag/griffin/install/semantic_navigation:/home/anurag/griffin/install/vlm_perception_pkg:/home/anurag/griffin/install/vlm_nav_pkg:/opt/ros/humble /usr/bin/cmake --install /home/anurag/griffin/build/explore_lite
[13.318s] Level 1:colcon.colcon_core.environment:checking '/home/anurag/griffin/install/explore_lite' for CMake module files
[13.319s] Level 1:colcon.colcon_core.environment:checking '/home/anurag/griffin/install/explore_lite' for CMake config files
[13.319s] Level 1:colcon.colcon_core.shell:create_environment_hook('explore_lite', 'cmake_prefix_path')
[13.320s] INFO:colcon.colcon_core.shell:Creating environment hook '/home/anurag/griffin/install/explore_lite/share/explore_lite/hook/cmake_prefix_path.ps1'
[13.320s] INFO:colcon.colcon_core.shell:Creating environment descriptor '/home/anurag/griffin/install/explore_lite/share/explore_lite/hook/cmake_prefix_path.dsv'
[13.320s] INFO:colcon.colcon_core.shell:Creating environment hook '/home/anurag/griffin/install/explore_lite/share/explore_lite/hook/cmake_prefix_path.sh'
[13.321s] Level 1:colcon.colcon_core.environment:checking '/home/anurag/griffin/install/explore_lite/lib'
[13.321s] Level 1:colcon.colcon_core.environment:checking '/home/anurag/griffin/install/explore_lite/bin'
[13.321s] Level 1:colcon.colcon_core.environment:checking '/home/anurag/griffin/install/explore_lite/lib/pkgconfig/explore_lite.pc'
[13.321s] Level 1:colcon.colcon_core.environment:checking '/home/anurag/griffin/install/explore_lite/lib/python3.10/site-packages'
[13.321s] Level 1:colcon.colcon_core.environment:checking '/home/anurag/griffin/install/explore_lite/bin'
[13.322s] INFO:colcon.colcon_core.shell:Creating package script '/home/anurag/griffin/install/explore_lite/share/explore_lite/package.ps1'
[13.322s] INFO:colcon.colcon_core.shell:Creating package descriptor '/home/anurag/griffin/install/explore_lite/share/explore_lite/package.dsv'
[13.322s] INFO:colcon.colcon_core.shell:Creating package script '/home/anurag/griffin/install/explore_lite/share/explore_lite/package.sh'
[13.322s] INFO:colcon.colcon_core.shell:Creating package script '/home/anurag/griffin/install/explore_lite/share/explore_lite/package.bash'
[13.322s] INFO:colcon.colcon_core.shell:Creating package script '/home/anurag/griffin/install/explore_lite/share/explore_lite/package.zsh'
[13.322s] Level 1:colcon.colcon_core.environment:create_file_with_runtime_dependencies(/home/anurag/griffin/install/explore_lite/share/colcon-core/packages/explore_lite)
[13.323s] Level 1:colcon.colcon_core.environment:create_environment_scripts_only(explore_lite)
[13.323s] Level 1:colcon.colcon_core.environment:checking '/home/anurag/griffin/install/explore_lite' for CMake module files
[13.323s] Level 1:colcon.colcon_core.environment:checking '/home/anurag/griffin/install/explore_lite' for CMake config files
[13.323s] Level 1:colcon.colcon_core.shell:create_environment_hook('explore_lite', 'cmake_prefix_path')
[13.323s] INFO:colcon.colcon_core.shell:Creating environment hook '/home/anurag/griffin/install/explore_lite/share/explore_lite/hook/cmake_prefix_path.ps1'
[13.324s] INFO:colcon.colcon_core.shell:Creating environment descriptor '/home/anurag/griffin/install/explore_lite/share/explore_lite/hook/cmake_prefix_path.dsv'
[13.324s] INFO:colcon.colcon_core.shell:Creating environment hook '/home/anurag/griffin/install/explore_lite/share/explore_lite/hook/cmake_prefix_path.sh'
[13.324s] Level 1:colcon.colcon_core.environment:checking '/home/anurag/griffin/install/explore_lite/lib'
[13.324s] Level 1:colcon.colcon_core.environment:checking '/home/anurag/griffin/install/explore_lite/bin'
[13.324s] Level 1:colcon.colcon_core.environment:checking '/home/anurag/griffin/install/explore_lite/lib/pkgconfig/explore_lite.pc'
[13.324s] Level 1:colcon.colcon_core.environment:checking '/home/anurag/griffin/install/explore_lite/lib/python3.10/site-packages'
[13.324s] Level 1:colcon.colcon_core.environment:checking '/home/anurag/griffin/install/explore_lite/bin'
[13.324s] INFO:colcon.colcon_core.shell:Creating package script '/home/anurag/griffin/install/explore_lite/share/explore_lite/package.ps1'
[13.325s] INFO:colcon.colcon_core.shell:Creating package descriptor '/home/anurag/griffin/install/explore_lite/share/explore_lite/package.dsv'
[13.325s] INFO:colcon.colcon_core.shell:Creating package script '/home/anurag/griffin/install/explore_lite/share/explore_lite/package.sh'
[13.325s] INFO:colcon.colcon_core.shell:Creating package script '/home/anurag/griffin/install/explore_lite/share/explore_lite/package.bash'
[13.325s] INFO:colcon.colcon_core.shell:Creating package script '/home/anurag/griffin/install/explore_lite/share/explore_lite/package.zsh'
[13.325s] Level 1:colcon.colcon_core.environment:create_file_with_runtime_dependencies(/home/anurag/griffin/install/explore_lite/share/colcon-core/packages/explore_lite)
[13.608s] DEBUG:colcon.colcon_core.event_handler.log_command:Invoked command in '/home/anurag/griffin/build/turtlebot3_simulations' returned '0': CMAKE_PREFIX_PATH=/home/anurag/griffin/install/turtlebot3_gazebo:/home/anurag/griffin/install/turtlebot3_simulations:/home/anurag/griffin/install/nav2_rrtstar_planner:/home/anurag/griffin/install/explore_lite:/home/anurag/griffin/install/semantic_navigation:/home/anurag/griffin/install/vlm_perception_pkg:/home/anurag/griffin/install/vlm_nav_pkg:/opt/ros/humble /usr/bin/cmake /home/anurag/griffin/src/turtlebot3_simulations/turtlebot3_simulations -DCMAKE_INSTALL_PREFIX=/home/anurag/griffin/install/turtlebot3_simulations
[13.609s] DEBUG:colcon.colcon_core.event_handler.log_command:Invoking command in '/home/anurag/griffin/build/turtlebot3_simulations': CMAKE_PREFIX_PATH=/home/anurag/griffin/install/turtlebot3_gazebo:/home/anurag/griffin/install/turtlebot3_simulations:/home/anurag/griffin/install/nav2_rrtstar_planner:/home/anurag/griffin/install/explore_lite:/home/anurag/griffin/install/semantic_navigation:/home/anurag/griffin/install/vlm_perception_pkg:/home/anurag/griffin/install/vlm_nav_pkg:/opt/ros/humble /usr/bin/cmake --build /home/anurag/griffin/build/turtlebot3_simulations -- -j24 -l24
[13.638s] DEBUG:colcon.colcon_core.event_handler.log_command:Invoked command in '/home/anurag/griffin/build/turtlebot3_simulations' returned '0': CMAKE_PREFIX_PATH=/home/anurag/griffin/install/turtlebot3_gazebo:/home/anurag/griffin/install/turtlebot3_simulations:/home/anurag/griffin/install/nav2_rrtstar_planner:/home/anurag/griffin/install/explore_lite:/home/anurag/griffin/install/semantic_navigation:/home/anurag/griffin/install/vlm_perception_pkg:/home/anurag/griffin/install/vlm_nav_pkg:/opt/ros/humble /usr/bin/cmake --build /home/anurag/griffin/build/turtlebot3_simulations -- -j24 -l24
[13.639s] DEBUG:colcon.colcon_core.event_handler.log_command:Invoking command in '/home/anurag/griffin/build/turtlebot3_simulations': CMAKE_PREFIX_PATH=/home/anurag/griffin/install/turtlebot3_gazebo:/home/anurag/griffin/install/turtlebot3_simulations:/home/anurag/griffin/install/nav2_rrtstar_planner:/home/anurag/griffin/install/explore_lite:/home/anurag/griffin/install/semantic_navigation:/home/anurag/griffin/install/vlm_perception_pkg:/home/anurag/griffin/install/vlm_nav_pkg:/opt/ros/humble /usr/bin/cmake --install /home/anurag/griffin/build/turtlebot3_simulations
[13.650s] Level 1:colcon.colcon_core.environment:create_environment_scripts_only(turtlebot3_simulations)
[13.651s] Level 1:colcon.colcon_core.environment:checking '/home/anurag/griffin/install/turtlebot3_simulations' for CMake module files
[13.651s] DEBUG:colcon.colcon_core.event_handler.log_command:Invoked command in '/home/anurag/griffin/build/turtlebot3_simulations' returned '0': CMAKE_PREFIX_PATH=/home/anurag/griffin/install/turtlebot3_gazebo:/home/anurag/griffin/install/turtlebot3_simulations:/home/anurag/griffin/install/nav2_rrtstar_planner:/home/anurag/griffin/install/explore_lite:/home/anurag/griffin/install/semantic_navigation:/home/anurag/griffin/install/vlm_perception_pkg:/home/anurag/griffin/install/vlm_nav_pkg:/opt/ros/humble /usr/bin/cmake --install /home/anurag/griffin/build/turtlebot3_simulations
[13.652s] Level 1:colcon.colcon_core.environment:checking '/home/anurag/griffin/install/turtlebot3_simulations' for CMake config files
[13.652s] Level 1:colcon.colcon_core.shell:create_environment_hook('turtlebot3_simulations', 'cmake_prefix_path')
[13.653s] INFO:colcon.colcon_core.shell:Creating environment hook '/home/anurag/griffin/install/turtlebot3_simulations/share/turtlebot3_simulations/hook/cmake_prefix_path.ps1'
[13.653s] INFO:colcon.colcon_core.shell:Creating environment descriptor '/home/anurag/griffin/install/turtlebot3_simulations/share/turtlebot3_simulations/hook/cmake_prefix_path.dsv'
[13.654s] INFO:colcon.colcon_core.shell:Creating environment hook '/home/anurag/griffin/install/turtlebot3_simulations/share/turtlebot3_simulations/hook/cmake_prefix_path.sh'
[13.654s] Level 1:colcon.colcon_core.environment:checking '/home/anurag/griffin/install/turtlebot3_simulations/bin'
[13.655s] Level 1:colcon.colcon_core.environment:checking '/home/anurag/griffin/install/turtlebot3_simulations/lib/pkgconfig/turtlebot3_simulations.pc'
[13.655s] Level 1:colcon.colcon_core.environment:checking '/home/anurag/griffin/install/turtlebot3_simulations/lib/python3.10/site-packages'
[13.655s] Level 1:colcon.colcon_core.environment:checking '/home/anurag/griffin/install/turtlebot3_simulations/bin'
[13.655s] INFO:colcon.colcon_core.shell:Creating package script '/home/anurag/griffin/install/turtlebot3_simulations/share/turtlebot3_simulations/package.ps1'
[13.655s] INFO:colcon.colcon_core.shell:Creating package descriptor '/home/anurag/griffin/install/turtlebot3_simulations/share/turtlebot3_simulations/package.dsv'
[13.656s] INFO:colcon.colcon_core.shell:Creating package script '/home/anurag/griffin/install/turtlebot3_simulations/share/turtlebot3_simulations/package.sh'
[13.656s] INFO:colcon.colcon_core.shell:Creating package script '/home/anurag/griffin/install/turtlebot3_simulations/share/turtlebot3_simulations/package.bash'
[13.656s] INFO:colcon.colcon_core.shell:Creating package script '/home/anurag/griffin/install/turtlebot3_simulations/share/turtlebot3_simulations/package.zsh'
[13.656s] Level 1:colcon.colcon_core.environment:create_file_with_runtime_dependencies(/home/anurag/griffin/install/turtlebot3_simulations/share/colcon-core/packages/turtlebot3_simulations)
[13.656s] Level 1:colcon.colcon_core.environment:create_environment_scripts_only(turtlebot3_simulations)
[13.657s] Level 1:colcon.colcon_core.environment:checking '/home/anurag/griffin/install/turtlebot3_simulations' for CMake module files
[13.657s] Level 1:colcon.colcon_core.environment:checking '/home/anurag/griffin/install/turtlebot3_simulations' for CMake config files
[13.657s] Level 1:colcon.colcon_core.shell:create_environment_hook('turtlebot3_simulations', 'cmake_prefix_path')
[13.657s] INFO:colcon.colcon_core.shell:Creating environment hook '/home/anurag/griffin/install/turtlebot3_simulations/share/turtlebot3_simulations/hook/cmake_prefix_path.ps1'
[13.657s] INFO:colcon.colcon_core.shell:Creating environment descriptor '/home/anurag/griffin/install/turtlebot3_simulations/share/turtlebot3_simulations/hook/cmake_prefix_path.dsv'
[13.657s] INFO:colcon.colcon_core.shell:Creating environment hook '/home/anurag/griffin/install/turtlebot3_simulations/share/turtlebot3_simulations/hook/cmake_prefix_path.sh'
[13.658s] Level 1:colcon.colcon_core.environment:checking '/home/anurag/griffin/install/turtlebot3_simulations/bin'
[13.658s] Level 1:colcon.colcon_core.environment:checking '/home/anurag/griffin/install/turtlebot3_simulations/lib/pkgconfig/turtlebot3_simulations.pc'
[13.658s] Level 1:colcon.colcon_core.environment:checking '/home/anurag/griffin/install/turtlebot3_simulations/lib/python3.10/site-packages'
[13.658s] Level 1:colcon.colcon_core.environment:checking '/home/anurag/griffin/install/turtlebot3_simulations/bin'
[13.658s] INFO:colcon.colcon_core.shell:Creating package script '/home/anurag/griffin/install/turtlebot3_simulations/share/turtlebot3_simulations/package.ps1'
[13.658s] INFO:colcon.colcon_core.shell:Creating package descriptor '/home/anurag/griffin/install/turtlebot3_simulations/share/turtlebot3_simulations/package.dsv'
[13.658s] INFO:colcon.colcon_core.shell:Creating package script '/home/anurag/griffin/install/turtlebot3_simulations/share/turtlebot3_simulations/package.sh'
[13.659s] INFO:colcon.colcon_core.shell:Creating package script '/home/anurag/griffin/install/turtlebot3_simulations/share/turtlebot3_simulations/package.bash'
[13.659s] INFO:colcon.colcon_core.shell:Creating package script '/home/anurag/griffin/install/turtlebot3_simulations/share/turtlebot3_simulations/package.zsh'
[13.659s] Level 1:colcon.colcon_core.environment:create_file_with_runtime_dependencies(/home/anurag/griffin/install/turtlebot3_simulations/share/colcon-core/packages/turtlebot3_simulations)
[13.659s] DEBUG:colcon.colcon_parallel_executor.executor.parallel:closing loop
[13.659s] DEBUG:colcon.colcon_parallel_executor.executor.parallel:loop closed
[13.659s] DEBUG:colcon.colcon_parallel_executor.executor.parallel:run_until_complete finished with '0'
[13.659s] DEBUG:colcon.colcon_core.event_reactor:joining thread
[13.663s] INFO:colcon.colcon_core.plugin_system:Skipping extension 'colcon_notification.desktop_notification.terminal_notifier': Not used on non-Darwin systems
[13.663s] INFO:colcon.colcon_core.plugin_system:Skipping extension 'colcon_notification.desktop_notification.win32': Not used on non-Windows systems
[13.663s] INFO:colcon.colcon_notification.desktop_notification:Sending desktop notification using 'notify2'
[13.672s] DEBUG:colcon.colcon_core.event_reactor:joined thread
[13.672s] INFO:colcon.colcon_core.shell:Creating prefix script '/home/anurag/griffin/install/local_setup.ps1'
[13.673s] INFO:colcon.colcon_core.shell:Creating prefix util module '/home/anurag/griffin/install/_local_setup_util_ps1.py'
[13.674s] INFO:colcon.colcon_core.shell:Creating prefix chain script '/home/anurag/griffin/install/setup.ps1'
[13.675s] INFO:colcon.colcon_core.shell:Creating prefix script '/home/anurag/griffin/install/local_setup.sh'
[13.675s] INFO:colcon.colcon_core.shell:Creating prefix util module '/home/anurag/griffin/install/_local_setup_util_sh.py'
[13.676s] INFO:colcon.colcon_core.shell:Creating prefix chain script '/home/anurag/griffin/install/setup.sh'
[13.677s] INFO:colcon.colcon_core.shell:Creating prefix script '/home/anurag/griffin/install/local_setup.bash'
[13.677s] INFO:colcon.colcon_core.shell:Creating prefix chain script '/home/anurag/griffin/install/setup.bash'
[13.678s] INFO:colcon.colcon_core.shell:Creating prefix script '/home/anurag/griffin/install/local_setup.zsh'
[13.678s] INFO:colcon.colcon_core.shell:Creating prefix chain script '/home/anurag/griffin/install/setup.zsh'
