[0.016s] Invoking command in '/home/anurag/griffin/build/explore_lite': CMAKE_PREFIX_PATH=${CMAKE_PREFIX_PATH}:/home/anurag/griffin/install/semantic_navigation:/home/anurag/griffin/install/vlm_perception_pkg:/home/anurag/griffin/install/vlm_nav_pkg:/opt/ros/humble /usr/bin/cmake /home/anurag/griffin/src/m-explore-ros2/explore -DCMAKE_INSTALL_PREFIX=/home/anurag/griffin/install/explore_lite
[0.187s] -- The C compiler identification is GNU 11.4.0
[0.187s] -- The CXX compiler identification is GNU 11.4.0
[0.188s] -- Detecting C compiler ABI info
[0.188s] -- Detecting C compiler ABI info - done
[0.188s] -- Check for working C compiler: /usr/bin/cc - skipped
[0.188s] -- Detecting C compile features
[0.188s] -- Detecting C compile features - done
[0.188s] -- Detecting CXX compiler ABI info
[0.222s] -- Detecting CXX compiler ABI info - done
[0.227s] -- Check for working CXX compiler: /usr/bin/c++ - skipped
[0.227s] -- Detecting CXX compile features
[0.228s] -- Detecting CXX compile features - done
[0.228s] -- BuilD for ROS2: humble
[0.229s] -- Found ament_cmake: 1.3.12 (/opt/ros/humble/share/ament_cmake/cmake)
[0.378s] -- Found Python3: /usr/bin/python3 (found version "3.10.12") found components: Interpreter 
[0.450s] -- Found rclcpp: 16.0.14 (/opt/ros/humble/share/rclcpp/cmake)
[0.484s] -- Found rosidl_generator_c: 3.1.7 (/opt/ros/humble/share/rosidl_generator_c/cmake)
[0.487s] -- Found rosidl_adapter: 3.1.7 (/opt/ros/humble/share/rosidl_adapter/cmake)
[0.494s] -- Found rosidl_generator_cpp: 3.1.7 (/opt/ros/humble/share/rosidl_generator_cpp/cmake)
[0.504s] -- Using all available rosidl_typesupport_c: rosidl_typesupport_fastrtps_c;rosidl_typesupport_introspection_c
[0.517s] -- Using all available rosidl_typesupport_cpp: rosidl_typesupport_fastrtps_cpp;rosidl_typesupport_introspection_cpp
[0.552s] -- Found rmw_implementation_cmake: 6.1.2 (/opt/ros/humble/share/rmw_implementation_cmake/cmake)
[0.554s] -- Found rmw_cyclonedds_cpp: 1.3.4 (/opt/ros/humble/share/rmw_cyclonedds_cpp/cmake)
[0.570s] -- Using RMW implementation 'rmw_cyclonedds_cpp' as default
[0.577s] -- Looking for pthread.h
[0.640s] -- Looking for pthread.h - found
[0.640s] -- Performing Test CMAKE_HAVE_LIBC_PTHREAD
[0.701s] -- Performing Test CMAKE_HAVE_LIBC_PTHREAD - Success
[0.702s] -- Found Threads: TRUE  
[0.743s] -- Found sensor_msgs: 4.9.0 (/opt/ros/humble/share/sensor_msgs/cmake)
[0.768s] -- Found tf2_ros: 0.25.16 (/opt/ros/humble/share/tf2_ros/cmake)
[0.843s] -- Found tf2_geometry_msgs: 0.25.16 (/opt/ros/humble/share/tf2_geometry_msgs/cmake)
[0.853s] -- Found eigen3_cmake_module: 0.1.1 (/opt/ros/humble/share/eigen3_cmake_module/cmake)
[0.854s] -- Found Eigen3: TRUE (found version "3.4.0") 
[0.854s] -- Ensuring Eigen3 include directory is part of orocos-kdl CMake target
[0.857s] -- Found nav2_msgs: 1.1.18 (/opt/ros/humble/share/nav2_msgs/cmake)
[0.890s] -- Found map_msgs: 2.1.0 (/opt/ros/humble/share/map_msgs/cmake)
[0.906s] -- Found visualization_msgs: 4.9.0 (/opt/ros/humble/share/visualization_msgs/cmake)
[0.921s] -- Found nav2_costmap_2d: 1.1.18 (/opt/ros/humble/share/nav2_costmap_2d/cmake)
[1.016s] -- Found ament_lint_auto: 0.12.14 (/opt/ros/humble/share/ament_lint_auto/cmake)
[1.077s] -- Found ament_cmake_gtest: 1.3.12 (/opt/ros/humble/share/ament_cmake_gtest/cmake)
[1.078s] -- Found gtest sources under '/opt/ros/humble/src/gtest_vendor': C++ tests using 'Google Test' will be built
[1.089s] -- Added test 'cppcheck' to perform static code analysis on C / C++ code
[1.089s] -- Configured cppcheck include dirs: /home/anurag/griffin/src/m-explore-ros2/explore/include;$<BUILD_INTERFACE:/home/anurag/griffin/src/m-explore-ros2/explore/include>
[1.089s] -- Configured cppcheck exclude dirs and/or files: 
[1.090s] -- Added test 'flake8' to check Python code syntax and style conventions
[1.090s] -- Added test 'lint_cmake' to check CMake code style
[1.091s] -- Added test 'pep257' to check Python code against some of the docstring style conventions in PEP 257
[1.091s] -- Added test 'uncrustify' to check C / C++ code style
[1.091s] -- Configured uncrustify additional arguments: 
[1.092s] -- Added test 'xmllint' to check XML markup files
[1.093s] -- Configuring done
[1.153s] -- Generating done
[1.162s] -- Build files have been written to: /home/anurag/griffin/build/explore_lite
[1.171s] Invoked command in '/home/anurag/griffin/build/explore_lite' returned '0': CMAKE_PREFIX_PATH=${CMAKE_PREFIX_PATH}:/home/anurag/griffin/install/semantic_navigation:/home/anurag/griffin/install/vlm_perception_pkg:/home/anurag/griffin/install/vlm_nav_pkg:/opt/ros/humble /usr/bin/cmake /home/anurag/griffin/src/m-explore-ros2/explore -DCMAKE_INSTALL_PREFIX=/home/anurag/griffin/install/explore_lite
[1.172s] Invoking command in '/home/anurag/griffin/build/explore_lite': CMAKE_PREFIX_PATH=${CMAKE_PREFIX_PATH}:/home/anurag/griffin/install/semantic_navigation:/home/anurag/griffin/install/vlm_perception_pkg:/home/anurag/griffin/install/vlm_nav_pkg:/opt/ros/humble /usr/bin/cmake --build /home/anurag/griffin/build/explore_lite -- -j24 -l24
[1.213s] [ 10%] [32mBuilding CXX object gtest/CMakeFiles/gtest.dir/src/gtest-all.cc.o[0m
[1.213s] [ 30%] [32mBuilding CXX object CMakeFiles/explore.dir/src/frontier_search.cpp.o[0m
[1.213s] [ 30%] [32mBuilding CXX object CMakeFiles/explore.dir/src/explore.cpp.o[0m
[1.214s] [ 40%] [32mBuilding CXX object gtest/CMakeFiles/gtest_main.dir/src/gtest_main.cc.o[0m
[1.215s] [ 50%] [32mBuilding CXX object CMakeFiles/explore.dir/src/costmap_client.cpp.o[0m
[1.658s] [ 60%] [32m[1mLinking CXX static library libgtest_main.a[0m
[1.690s] [ 60%] Built target gtest_main
[3.653s] [ 70%] [32m[1mLinking CXX static library libgtest.a[0m
[3.712s] [ 70%] Built target gtest
[3.738s] [ 80%] [32mBuilding CXX object CMakeFiles/test_explore.dir/test/test_explore.cpp.o[0m
[4.636s] [01m[K/home/anurag/griffin/src/m-explore-ros2/explore/src/explore.cpp:[m[K In lambda function:
[4.636s] [01m[K/home/anurag/griffin/src/m-explore-ros2/explore/src/explore.cpp:174:59:[m[K [01;35m[Kwarning: [m[Kunused parameter ‘[01m[Kresult[m[K’ [[01;35m[K]8;;https://gcc.gnu.org/onlinedocs/gcc/Warning-Options.html#index-Wunused-parameter-Wunused-parameter]8;;[m[K]
[4.636s]   174 |         [this]([01;35m[Kconst NavigationGoalHandle::WrappedResult& result[m[K) {
[4.637s]       |                [01;35m[K~~~~~~~~~~~~~~~~~~~~~~~~~~~~~~~~~~~~~~~~~~~^~~~~~[m[K
[4.699s] [ 90%] [32m[1mLinking CXX executable test_explore[0m
[5.395s] [ 90%] Built target test_explore
[11.587s] [100%] [32m[1mLinking CXX executable explore[0m
[13.052s] [100%] Built target explore
[13.059s] Invoked command in '/home/anurag/griffin/build/explore_lite' returned '0': CMAKE_PREFIX_PATH=${CMAKE_PREFIX_PATH}:/home/anurag/griffin/install/semantic_navigation:/home/anurag/griffin/install/vlm_perception_pkg:/home/anurag/griffin/install/vlm_nav_pkg:/opt/ros/humble /usr/bin/cmake --build /home/anurag/griffin/build/explore_lite -- -j24 -l24
[13.060s] Invoking command in '/home/anurag/griffin/build/explore_lite': CMAKE_PREFIX_PATH=${CMAKE_PREFIX_PATH}:/home/anurag/griffin/install/semantic_navigation:/home/anurag/griffin/install/vlm_perception_pkg:/home/anurag/griffin/install/vlm_nav_pkg:/opt/ros/humble /usr/bin/cmake --install /home/anurag/griffin/build/explore_lite
[13.065s] -- Install configuration: ""
[13.065s] -- Installing: /home/anurag/griffin/install/explore_lite/include/explore/
[13.065s] -- Installing: /home/anurag/griffin/install/explore_lite/include/explore//frontier_search.h
[13.065s] -- Installing: /home/anurag/griffin/install/explore_lite/include/explore//costmap_tools.h
[13.065s] -- Installing: /home/anurag/griffin/install/explore_lite/include/explore//explore.h
[13.066s] -- Installing: /home/anurag/griffin/install/explore_lite/include/explore//costmap_client.h
[13.066s] -- Installing: /home/anurag/griffin/install/explore_lite/share/explore_lite/config
[13.066s] -- Installing: /home/anurag/griffin/install/explore_lite/share/explore_lite/config/params.yaml
[13.066s] -- Installing: /home/anurag/griffin/install/explore_lite/share/explore_lite/config/params_costmap.yaml
[13.066s] -- Installing: /home/anurag/griffin/install/explore_lite/share/explore_lite/launch
[13.066s] -- Installing: /home/anurag/griffin/install/explore_lite/share/explore_lite/launch/explore.launch.py
[13.066s] -- Installing: /home/anurag/griffin/install/explore_lite/lib/explore_lite/explore
[13.070s] -- Set runtime path of "/home/anurag/griffin/install/explore_lite/lib/explore_lite/explore" to ""
[13.070s] -- Installing: /home/anurag/griffin/install/explore_lite/share/ament_index/resource_index/package_run_dependencies/explore_lite
[13.070s] -- Installing: /home/anurag/griffin/install/explore_lite/share/ament_index/resource_index/parent_prefix_path/explore_lite
[13.070s] -- Installing: /home/anurag/griffin/install/explore_lite/share/explore_lite/environment/ament_prefix_path.sh
[13.070s] -- Installing: /home/anurag/griffin/install/explore_lite/share/explore_lite/environment/ament_prefix_path.dsv
[13.071s] -- Installing: /home/anurag/griffin/install/explore_lite/share/explore_lite/environment/path.sh
[13.071s] -- Installing: /home/anurag/griffin/install/explore_lite/share/explore_lite/environment/path.dsv
[13.071s] -- Installing: /home/anurag/griffin/install/explore_lite/share/explore_lite/local_setup.bash
[13.071s] -- Installing: /home/anurag/griffin/install/explore_lite/share/explore_lite/local_setup.sh
[13.071s] -- Installing: /home/anurag/griffin/install/explore_lite/share/explore_lite/local_setup.zsh
[13.071s] -- Installing: /home/anurag/griffin/install/explore_lite/share/explore_lite/local_setup.dsv
[13.071s] -- Installing: /home/anurag/griffin/install/explore_lite/share/explore_lite/package.dsv
[13.071s] -- Installing: /home/anurag/griffin/install/explore_lite/share/ament_index/resource_index/packages/explore_lite
[13.071s] -- Installing: /home/anurag/griffin/install/explore_lite/share/explore_lite/cmake/ament_cmake_export_include_directories-extras.cmake
[13.071s] -- Installing: /home/anurag/griffin/install/explore_lite/share/explore_lite/cmake/explore_liteConfig.cmake
[13.071s] -- Installing: /home/anurag/griffin/install/explore_lite/share/explore_lite/cmake/explore_liteConfig-version.cmake
[13.071s] -- Installing: /home/anurag/griffin/install/explore_lite/share/explore_lite/package.xml
[13.073s] Invoked command in '/home/anurag/griffin/build/explore_lite' returned '0': CMAKE_PREFIX_PATH=${CMAKE_PREFIX_PATH}:/home/anurag/griffin/install/semantic_navigation:/home/anurag/griffin/install/vlm_perception_pkg:/home/anurag/griffin/install/vlm_nav_pkg:/opt/ros/humble /usr/bin/cmake --install /home/anurag/griffin/build/explore_lite
