[35m[1mConsolidate compiler generated dependencies of target nav2_rrtstar_planner_plugin[0m
[100%] Built target nav2_rrtstar_planner_plugin
-- Install configuration: ""
-- Up-to-date: /home/anurag/griffin/install/nav2_rrtstar_planner/share/nav2_rrtstar_planner/global_planner_plugin.xml
-- Up-to-date: /home/anurag/griffin/install/nav2_rrtstar_planner/lib/libnav2_rrtstar_planner_plugin.so
-- Up-to-date: /home/anurag/griffin/install/nav2_rrtstar_planner/include/
-- Up-to-date: /home/anurag/griffin/install/nav2_rrtstar_planner/include//nav2_rrtstar_planner
-- Up-to-date: /home/anurag/griffin/install/nav2_rrtstar_planner/include//nav2_rrtstar_planner/rrtstar_planner.hpp
-- Up-to-date: /home/anurag/griffin/install/nav2_rrtstar_planner/share/nav2_rrtstar_planner/global_planner_plugin.xml
-- Up-to-date: /home/anurag/griffin/install/nav2_rrtstar_planner/share/nav2_rrtstar_planner/environment/library_path.sh
-- Up-to-date: /home/anurag/griffin/install/nav2_rrtstar_planner/share/nav2_rrtstar_planner/environment/library_path.dsv
-- Up-to-date: /home/anurag/griffin/install/nav2_rrtstar_planner/share/ament_index/resource_index/package_run_dependencies/nav2_rrtstar_planner
-- Up-to-date: /home/anurag/griffin/install/nav2_rrtstar_planner/share/ament_index/resource_index/parent_prefix_path/nav2_rrtstar_planner
-- Up-to-date: /home/anurag/griffin/install/nav2_rrtstar_planner/share/nav2_rrtstar_planner/environment/ament_prefix_path.sh
-- Up-to-date: /home/anurag/griffin/install/nav2_rrtstar_planner/share/nav2_rrtstar_planner/environment/ament_prefix_path.dsv
-- Up-to-date: /home/anurag/griffin/install/nav2_rrtstar_planner/share/nav2_rrtstar_planner/environment/path.sh
-- Up-to-date: /home/anurag/griffin/install/nav2_rrtstar_planner/share/nav2_rrtstar_planner/environment/path.dsv
-- Up-to-date: /home/anurag/griffin/install/nav2_rrtstar_planner/share/nav2_rrtstar_planner/local_setup.bash
-- Up-to-date: /home/anurag/griffin/install/nav2_rrtstar_planner/share/nav2_rrtstar_planner/local_setup.sh
-- Up-to-date: /home/anurag/griffin/install/nav2_rrtstar_planner/share/nav2_rrtstar_planner/local_setup.zsh
-- Up-to-date: /home/anurag/griffin/install/nav2_rrtstar_planner/share/nav2_rrtstar_planner/local_setup.dsv
-- Installing: /home/anurag/griffin/install/nav2_rrtstar_planner/share/nav2_rrtstar_planner/package.dsv
-- Up-to-date: /home/anurag/griffin/install/nav2_rrtstar_planner/share/ament_index/resource_index/packages/nav2_rrtstar_planner
-- Up-to-date: /home/anurag/griffin/install/nav2_rrtstar_planner/share/ament_index/resource_index/nav2_core__pluginlib__plugin/nav2_rrtstar_planner
-- Up-to-date: /home/anurag/griffin/install/nav2_rrtstar_planner/share/nav2_rrtstar_planner/cmake/ament_cmake_export_include_directories-extras.cmake
-- Up-to-date: /home/anurag/griffin/install/nav2_rrtstar_planner/share/nav2_rrtstar_planner/cmake/ament_cmake_export_libraries-extras.cmake
-- Up-to-date: /home/anurag/griffin/install/nav2_rrtstar_planner/share/nav2_rrtstar_planner/cmake/ament_cmake_export_dependencies-extras.cmake
-- Up-to-date: /home/anurag/griffin/install/nav2_rrtstar_planner/share/nav2_rrtstar_planner/cmake/nav2_rrtstar_plannerConfig.cmake
-- Up-to-date: /home/anurag/griffin/install/nav2_rrtstar_planner/share/nav2_rrtstar_planner/cmake/nav2_rrtstar_plannerConfig-version.cmake
-- Up-to-date: /home/anurag/griffin/install/nav2_rrtstar_planner/share/nav2_rrtstar_planner/package.xml
