[0.015s] Invoking command in '/home/anurag/griffin/build/nav2_rrtstar_planner': CMAKE_PREFIX_PATH=${CMAKE_PREFIX_PATH}:/home/anurag/griffin/install/semantic_perception:/home/anurag/griffin/install/semantic_navigation:/home/anurag/griffin/install/vlm_perception_pkg:/home/anurag/griffin/install/vlm_nav_pkg:/opt/ros/humble /usr/bin/cmake --build /home/anurag/griffin/build/nav2_rrtstar_planner -- -j24 -l24
[0.213s] [35m[1mConsolidate compiler generated dependencies of target nav2_rrtstar_planner_plugin[0m
[0.213s] [100%] Built target nav2_rrtstar_planner_plugin
[0.213s] Invoked command in '/home/anurag/griffin/build/nav2_rrtstar_planner' returned '0': CMAKE_PREFIX_PATH=${CMAKE_PREFIX_PATH}:/home/anurag/griffin/install/semantic_perception:/home/anurag/griffin/install/semantic_navigation:/home/anurag/griffin/install/vlm_perception_pkg:/home/anurag/griffin/install/vlm_nav_pkg:/opt/ros/humble /usr/bin/cmake --build /home/anurag/griffin/build/nav2_rrtstar_planner -- -j24 -l24
[0.218s] Invoking command in '/home/anurag/griffin/build/nav2_rrtstar_planner': CMAKE_PREFIX_PATH=${CMAKE_PREFIX_PATH}:/home/anurag/griffin/install/semantic_perception:/home/anurag/griffin/install/semantic_navigation:/home/anurag/griffin/install/vlm_perception_pkg:/home/anurag/griffin/install/vlm_nav_pkg:/opt/ros/humble /usr/bin/cmake --install /home/anurag/griffin/build/nav2_rrtstar_planner
[0.404s] -- Install configuration: ""
[0.404s] -- Up-to-date: /home/anurag/griffin/install/nav2_rrtstar_planner/share/nav2_rrtstar_planner/global_planner_plugin.xml
[0.404s] -- Up-to-date: /home/anurag/griffin/install/nav2_rrtstar_planner/lib/libnav2_rrtstar_planner_plugin.so
[0.404s] -- Up-to-date: /home/anurag/griffin/install/nav2_rrtstar_planner/include/
[0.404s] -- Up-to-date: /home/anurag/griffin/install/nav2_rrtstar_planner/include//nav2_rrtstar_planner
[0.404s] -- Up-to-date: /home/anurag/griffin/install/nav2_rrtstar_planner/include//nav2_rrtstar_planner/rrtstar_planner.hpp
[0.404s] -- Up-to-date: /home/anurag/griffin/install/nav2_rrtstar_planner/share/nav2_rrtstar_planner/global_planner_plugin.xml
[0.404s] -- Up-to-date: /home/anurag/griffin/install/nav2_rrtstar_planner/share/nav2_rrtstar_planner/environment/library_path.sh
[0.404s] -- Up-to-date: /home/anurag/griffin/install/nav2_rrtstar_planner/share/nav2_rrtstar_planner/environment/library_path.dsv
[0.404s] -- Up-to-date: /home/anurag/griffin/install/nav2_rrtstar_planner/share/ament_index/resource_index/package_run_dependencies/nav2_rrtstar_planner
[0.404s] -- Up-to-date: /home/anurag/griffin/install/nav2_rrtstar_planner/share/ament_index/resource_index/parent_prefix_path/nav2_rrtstar_planner
[0.404s] -- Up-to-date: /home/anurag/griffin/install/nav2_rrtstar_planner/share/nav2_rrtstar_planner/environment/ament_prefix_path.sh
[0.404s] -- Up-to-date: /home/anurag/griffin/install/nav2_rrtstar_planner/share/nav2_rrtstar_planner/environment/ament_prefix_path.dsv
[0.404s] -- Up-to-date: /home/anurag/griffin/install/nav2_rrtstar_planner/share/nav2_rrtstar_planner/environment/path.sh
[0.404s] -- Up-to-date: /home/anurag/griffin/install/nav2_rrtstar_planner/share/nav2_rrtstar_planner/environment/path.dsv
[0.404s] -- Up-to-date: /home/anurag/griffin/install/nav2_rrtstar_planner/share/nav2_rrtstar_planner/local_setup.bash
[0.404s] -- Up-to-date: /home/anurag/griffin/install/nav2_rrtstar_planner/share/nav2_rrtstar_planner/local_setup.sh
[0.404s] -- Up-to-date: /home/anurag/griffin/install/nav2_rrtstar_planner/share/nav2_rrtstar_planner/local_setup.zsh
[0.404s] -- Up-to-date: /home/anurag/griffin/install/nav2_rrtstar_planner/share/nav2_rrtstar_planner/local_setup.dsv
[0.404s] -- Installing: /home/anurag/griffin/install/nav2_rrtstar_planner/share/nav2_rrtstar_planner/package.dsv
[0.404s] -- Up-to-date: /home/anurag/griffin/install/nav2_rrtstar_planner/share/ament_index/resource_index/packages/nav2_rrtstar_planner
[0.404s] -- Up-to-date: /home/anurag/griffin/install/nav2_rrtstar_planner/share/ament_index/resource_index/nav2_core__pluginlib__plugin/nav2_rrtstar_planner
[0.404s] -- Up-to-date: /home/anurag/griffin/install/nav2_rrtstar_planner/share/nav2_rrtstar_planner/cmake/ament_cmake_export_include_directories-extras.cmake
[0.405s] -- Up-to-date: /home/anurag/griffin/install/nav2_rrtstar_planner/share/nav2_rrtstar_planner/cmake/ament_cmake_export_libraries-extras.cmake
[0.405s] -- Up-to-date: /home/anurag/griffin/install/nav2_rrtstar_planner/share/nav2_rrtstar_planner/cmake/ament_cmake_export_dependencies-extras.cmake
[0.405s] -- Up-to-date: /home/anurag/griffin/install/nav2_rrtstar_planner/share/nav2_rrtstar_planner/cmake/nav2_rrtstar_plannerConfig.cmake
[0.405s] -- Up-to-date: /home/anurag/griffin/install/nav2_rrtstar_planner/share/nav2_rrtstar_planner/cmake/nav2_rrtstar_plannerConfig-version.cmake
[0.405s] -- Up-to-date: /home/anurag/griffin/install/nav2_rrtstar_planner/share/nav2_rrtstar_planner/package.xml
[0.408s] Invoked command in '/home/anurag/griffin/build/nav2_rrtstar_planner' returned '0': CMAKE_PREFIX_PATH=${CMAKE_PREFIX_PATH}:/home/anurag/griffin/install/semantic_perception:/home/anurag/griffin/install/semantic_navigation:/home/anurag/griffin/install/vlm_perception_pkg:/home/anurag/griffin/install/vlm_nav_pkg:/opt/ros/humble /usr/bin/cmake --install /home/anurag/griffin/build/nav2_rrtstar_planner
